<?xml version="1.0" encoding="UTF-8"?>
<coverage generated="1770193118658" clover="3.2.0">
  <project timestamp="1770193118659" name="All files">
    <metrics statements="900" coveredstatements="407" conditionals="915" coveredconditionals="370" methods="345" coveredmethods="146" elements="2160" coveredelements="923" complexity="0" loc="900" ncloc="900" packages="12" files="31" classes="31"/>
    <package name="app">
      <metrics statements="287" coveredstatements="35" conditionals="271" coveredconditionals="32" methods="118" coveredmethods="15"/>
      <file name="friends.tsx" path="D:\xamp\htdocs\everyday_food\app\friends.tsx">
        <metrics statements="56" coveredstatements="35" conditionals="57" coveredconditionals="32" methods="26" coveredmethods="15"/>
        <line num="39" count="0" type="stmt"/>
        <line num="54" count="0" type="stmt"/>
        <line num="87" count="4" type="stmt"/>
        <line num="107" count="3" type="stmt"/>
        <line num="116" count="3" type="stmt"/>
        <line num="127" count="1" type="stmt"/>
        <line num="156" count="4" type="stmt"/>
        <line num="171" count="4" type="stmt"/>
        <line num="176" count="0" type="stmt"/>
        <line num="193" count="12" type="stmt"/>
        <line num="194" count="12" type="stmt"/>
        <line num="196" count="12" type="stmt"/>
        <line num="197" count="12" type="stmt"/>
        <line num="198" count="12" type="stmt"/>
        <line num="202" count="12" type="stmt"/>
        <line num="204" count="12" type="stmt"/>
        <line num="205" count="12" type="stmt"/>
        <line num="206" count="12" type="stmt"/>
        <line num="207" count="12" type="stmt"/>
        <line num="208" count="12" type="stmt"/>
        <line num="210" count="12" type="stmt"/>
        <line num="211" count="0" type="stmt"/>
        <line num="212" count="0" type="stmt"/>
        <line num="213" count="0" type="stmt"/>
        <line num="214" count="0" type="stmt"/>
        <line num="216" count="0" type="cond" truecount="0" falsecount="2"/>
        <line num="220" count="12" type="stmt"/>
        <line num="221" count="1" type="stmt"/>
        <line num="222" count="1" type="stmt"/>
        <line num="224" count="0" type="cond" truecount="0" falsecount="2"/>
        <line num="228" count="12" type="stmt"/>
        <line num="229" count="1" type="stmt"/>
        <line num="230" count="1" type="stmt"/>
        <line num="232" count="0" type="cond" truecount="0" falsecount="2"/>
        <line num="236" count="12" type="stmt"/>
        <line num="237" count="0" type="stmt"/>
        <line num="238" count="0" type="stmt"/>
        <line num="240" count="0" type="cond" truecount="0" falsecount="2"/>
        <line num="244" count="12" type="stmt"/>
        <line num="245" count="0" type="stmt"/>
        <line num="246" count="0" type="stmt"/>
        <line num="248" count="0" type="cond" truecount="0" falsecount="2"/>
        <line num="252" count="12" type="stmt"/>
        <line num="254" count="12" type="stmt"/>
        <line num="258" count="1" type="stmt"/>
        <line num="301" count="0" type="stmt"/>
        <line num="316" count="0" type="stmt"/>
        <line num="319" count="0" type="stmt"/>
        <line num="343" count="3" type="stmt"/>
        <line num="347" count="1" type="stmt"/>
        <line num="348" count="1" type="stmt"/>
        <line num="360" count="1" type="stmt"/>
        <line num="364" count="0" type="stmt"/>
        <line num="391" count="4" type="stmt"/>
        <line num="394" count="0" type="stmt"/>
        <line num="421" count="1" type="stmt"/>
      </file>
      <file name="grocery-list.tsx" path="D:\xamp\htdocs\everyday_food\app\grocery-list.tsx">
        <metrics statements="41" coveredstatements="0" conditionals="50" coveredconditionals="0" methods="16" coveredmethods="0"/>
        <line num="53" count="0" type="cond" truecount="0" falsecount="2"/>
        <line num="55" count="0" type="stmt"/>
        <line num="70" count="0" type="stmt"/>
        <line num="73" count="0" type="stmt"/>
        <line num="92" count="0" type="cond" truecount="0" falsecount="4"/>
        <line num="93" count="0" type="cond" truecount="0" falsecount="2"/>
        <line num="95" count="0" type="stmt"/>
        <line num="101" count="0" type="stmt"/>
        <line num="147" count="0" type="stmt"/>
        <line num="154" count="0" type="stmt"/>
        <line num="170" count="0" type="stmt"/>
        <line num="186" count="0" type="stmt"/>
        <line num="189" count="0" type="stmt"/>
        <line num="190" count="0" type="stmt"/>
        <line num="192" count="0" type="stmt"/>
        <line num="193" count="0" type="stmt"/>
        <line num="194" count="0" type="stmt"/>
        <line num="196" count="0" type="stmt"/>
        <line num="201" count="0" type="stmt"/>
        <line num="202" count="0" type="cond" truecount="0" falsecount="2"/>
        <line num="203" count="0" type="stmt"/>
        <line num="206" count="0" type="stmt"/>
        <line num="215" count="0" type="stmt"/>
        <line num="216" count="0" type="cond" truecount="0" falsecount="2"/>
        <line num="217" count="0" type="cond" truecount="0" falsecount="2"/>
        <line num="218" count="0" type="stmt"/>
        <line num="220" count="0" type="stmt"/>
        <line num="223" count="0" type="stmt"/>
        <line num="226" count="0" type="cond" truecount="0" falsecount="2"/>
        <line num="227" count="0" type="cond" truecount="0" falsecount="2"/>
        <line num="228" count="0" type="stmt"/>
        <line num="231" count="0" type="cond" truecount="0" falsecount="2"/>
        <line num="232" count="0" type="stmt"/>
        <line num="243" count="0" type="cond" truecount="0" falsecount="4"/>
        <line num="244" count="0" type="stmt"/>
        <line num="247" count="0" type="stmt"/>
        <line num="264" count="0" type="stmt"/>
        <line num="271" count="0" type="stmt"/>
        <line num="295" count="0" type="stmt"/>
        <line num="314" count="0" type="stmt"/>
        <line num="336" count="0" type="stmt"/>
      </file>
      <file name="import.tsx" path="D:\xamp\htdocs\everyday_food\app\import.tsx">
        <metrics statements="28" coveredstatements="0" conditionals="22" coveredconditionals="0" methods="11" coveredmethods="0"/>
        <line num="34" count="0" type="stmt"/>
        <line num="35" count="0" type="stmt"/>
        <line num="36" count="0" type="stmt"/>
        <line num="39" count="0" type="stmt"/>
        <line num="41" count="0" type="stmt"/>
        <line num="42" count="0" type="stmt"/>
        <line num="47" count="0" type="stmt"/>
        <line num="48" count="0" type="cond" truecount="0" falsecount="2"/>
        <line num="50" count="0" type="stmt"/>
        <line num="51" count="0" type="stmt"/>
        <line num="58" count="0" type="stmt"/>
        <line num="59" count="0" type="stmt"/>
        <line num="60" count="0" type="stmt"/>
        <line num="61" count="0" type="stmt"/>
        <line num="62" count="0" type="cond" truecount="0" falsecount="2"/>
        <line num="63" count="0" type="stmt"/>
        <line num="64" count="0" type="stmt"/>
        <line num="65" count="0" type="stmt"/>
        <line num="67" count="0" type="stmt"/>
        <line num="72" count="0" type="stmt"/>
        <line num="82" count="0" type="stmt"/>
        <line num="126" count="0" type="stmt"/>
        <line num="144" count="0" type="stmt"/>
        <line num="149" count="0" type="stmt"/>
        <line num="178" count="0" type="stmt"/>
        <line num="182" count="0" type="stmt"/>
        <line num="191" count="0" type="stmt"/>
        <line num="225" count="0" type="stmt"/>
      </file>
      <file name="manual-recipe.tsx" path="D:\xamp\htdocs\everyday_food\app\manual-recipe.tsx">
        <metrics statements="108" coveredstatements="0" conditionals="91" coveredconditionals="0" methods="44" coveredmethods="0"/>
        <line num="43" count="0" type="stmt"/>
        <line num="46" count="0" type="stmt"/>
        <line num="47" count="0" type="stmt"/>
        <line num="50" count="0" type="stmt"/>
        <line num="51" count="0" type="stmt"/>
        <line num="52" count="0" type="stmt"/>
        <line num="53" count="0" type="stmt"/>
        <line num="54" count="0" type="stmt"/>
        <line num="57" count="0" type="stmt"/>
        <line num="62" count="0" type="stmt"/>
        <line num="65" count="0" type="stmt"/>
        <line num="66" count="0" type="stmt"/>
        <line num="67" count="0" type="stmt"/>
        <line num="69" count="0" type="stmt"/>
        <line num="71" count="0" type="stmt"/>
        <line num="72" count="0" type="cond" truecount="0" falsecount="4"/>
        <line num="74" count="0" type="cond" truecount="0" falsecount="2"/>
        <line num="75" count="0" type="stmt"/>
        <line num="76" count="0" type="stmt"/>
        <line num="78" count="0" type="cond" truecount="0" falsecount="4"/>
        <line num="79" count="0" type="stmt"/>
        <line num="80" count="0" type="stmt"/>
        <line num="82" count="0" type="stmt"/>
        <line num="84" count="0" type="stmt"/>
        <line num="85" count="0" type="cond" truecount="0" falsecount="2"/>
        <line num="86" count="0" type="stmt"/>
        <line num="87" count="0" type="stmt"/>
        <line num="89" count="0" type="stmt"/>
        <line num="91" count="0" type="stmt"/>
        <line num="92" count="0" type="cond" truecount="0" falsecount="2"/>
        <line num="93" count="0" type="stmt"/>
        <line num="94" count="0" type="stmt"/>
        <line num="96" count="0" type="stmt"/>
        <line num="98" count="0" type="stmt"/>
        <line num="102" count="0" type="stmt"/>
        <line num="103" count="0" type="cond" truecount="0" falsecount="2"/>
        <line num="104" count="0" type="stmt"/>
        <line num="108" count="0" type="stmt"/>
        <line num="109" count="0" type="cond" truecount="0" falsecount="2"/>
        <line num="110" count="0" type="stmt"/>
        <line num="112" count="0" type="stmt"/>
        <line num="116" count="0" type="stmt"/>
        <line num="117" count="0" type="cond" truecount="0" falsecount="2"/>
        <line num="119" count="0" type="stmt"/>
        <line num="120" count="0" type="stmt"/>
        <line num="121" count="0" type="stmt"/>
        <line num="122" count="0" type="stmt"/>
        <line num="123" count="0" type="stmt"/>
        <line num="129" count="0" type="stmt"/>
        <line num="130" count="0" type="stmt"/>
        <line num="131" count="0" type="stmt"/>
        <line num="135" count="0" type="stmt"/>
        <line num="148" count="0" type="stmt"/>
        <line num="150" count="0" type="stmt"/>
        <line num="151" count="0" type="stmt"/>
        <line num="153" count="0" type="stmt"/>
        <line num="157" count="0" type="stmt"/>
        <line num="158" count="0" type="stmt"/>
        <line num="164" count="0" type="stmt"/>
        <line num="165" count="0" type="cond" truecount="0" falsecount="2"/>
        <line num="166" count="0" type="stmt"/>
        <line num="170" count="0" type="stmt"/>
        <line num="171" count="0" type="stmt"/>
        <line num="172" count="0" type="cond" truecount="0" falsecount="2"/>
        <line num="176" count="0" type="stmt"/>
        <line num="177" count="0" type="stmt"/>
        <line num="180" count="0" type="stmt"/>
        <line num="181" count="0" type="cond" truecount="0" falsecount="2"/>
        <line num="182" count="0" type="stmt"/>
        <line num="186" count="0" type="stmt"/>
        <line num="187" count="0" type="cond" truecount="0" falsecount="2"/>
        <line num="190" count="0" type="stmt"/>
        <line num="191" count="0" type="stmt"/>
        <line num="193" count="0" type="stmt"/>
        <line num="220" count="0" type="stmt"/>
        <line num="221" count="0" type="stmt"/>
        <line num="278" count="0" type="stmt"/>
        <line num="284" count="0" type="stmt"/>
        <line num="301" count="0" type="stmt"/>
        <line num="302" count="0" type="stmt"/>
        <line num="307" count="0" type="stmt"/>
        <line num="321" count="0" type="stmt"/>
        <line num="329" count="0" type="stmt"/>
        <line num="337" count="0" type="stmt"/>
        <line num="343" count="0" type="stmt"/>
        <line num="351" count="0" type="stmt"/>
        <line num="363" count="0" type="stmt"/>
        <line num="364" count="0" type="stmt"/>
        <line num="369" count="0" type="stmt"/>
        <line num="382" count="0" type="stmt"/>
        <line num="389" count="0" type="stmt"/>
        <line num="397" count="0" type="stmt"/>
        <line num="409" count="0" type="stmt"/>
        <line num="410" count="0" type="stmt"/>
        <line num="447" count="0" type="stmt"/>
        <line num="473" count="0" type="stmt"/>
        <line num="499" count="0" type="stmt"/>
        <line num="500" count="0" type="cond" truecount="0" falsecount="5"/>
        <line num="502" count="0" type="stmt"/>
        <line num="504" count="0" type="stmt"/>
        <line num="506" count="0" type="stmt"/>
        <line num="508" count="0" type="stmt"/>
        <line num="510" count="0" type="stmt"/>
        <line num="514" count="0" type="stmt"/>
        <line num="516" count="0" type="stmt"/>
        <line num="547" count="0" type="stmt"/>
        <line num="558" count="0" type="stmt"/>
        <line num="582" count="0" type="stmt"/>
      </file>
      <file name="modal.tsx" path="D:\xamp\htdocs\everyday_food\app\modal.tsx">
        <metrics statements="2" coveredstatements="0" conditionals="2" coveredconditionals="0" methods="1" coveredmethods="0"/>
        <line num="8" count="0" type="stmt"/>
        <line num="20" count="0" type="stmt"/>
      </file>
      <file name="select-recipe.tsx" path="D:\xamp\htdocs\everyday_food\app\select-recipe.tsx">
        <metrics statements="52" coveredstatements="0" conditionals="49" coveredconditionals="0" methods="20" coveredmethods="0"/>
        <line num="53" count="0" type="stmt"/>
        <line num="75" count="0" type="cond" truecount="0" falsecount="4"/>
        <line num="78" count="0" type="stmt"/>
        <line num="79" count="0" type="stmt"/>
        <line num="80" count="0" type="stmt"/>
        <line num="81" count="0" type="cond" truecount="0" falsecount="2"/>
        <line num="85" count="0" type="stmt"/>
        <line num="87" count="0" type="stmt"/>
        <line num="90" count="0" type="stmt"/>
        <line num="146" count="0" type="stmt"/>
        <line num="162" count="0" type="stmt"/>
        <line num="163" count="0" type="stmt"/>
        <line num="165" count="0" type="stmt"/>
        <line num="166" count="0" type="cond" truecount="0" falsecount="2"/>
        <line num="169" count="0" type="stmt"/>
        <line num="170" count="0" type="stmt"/>
        <line num="175" count="0" type="stmt"/>
        <line num="177" count="0" type="stmt"/>
        <line num="186" count="0" type="stmt"/>
        <line num="187" count="0" type="cond" truecount="0" falsecount="4"/>
        <line num="188" count="0" type="stmt"/>
        <line num="191" count="0" type="cond" truecount="0" falsecount="2"/>
        <line num="193" count="0" type="cond" truecount="0" falsecount="2"/>
        <line num="194" count="0" type="stmt"/>
        <line num="198" count="0" type="stmt"/>
        <line num="199" count="0" type="stmt"/>
        <line num="203" count="0" type="stmt"/>
        <line num="206" count="0" type="stmt"/>
        <line num="207" count="0" type="cond" truecount="0" falsecount="4"/>
        <line num="209" count="0" type="stmt"/>
        <line num="210" count="0" type="stmt"/>
        <line num="215" count="0" type="stmt"/>
        <line num="217" count="0" type="stmt"/>
        <line num="222" count="0" type="stmt"/>
        <line num="223" count="0" type="cond" truecount="0" falsecount="5"/>
        <line num="225" count="0" type="stmt"/>
        <line num="227" count="0" type="stmt"/>
        <line num="229" count="0" type="stmt"/>
        <line num="231" count="0" type="stmt"/>
        <line num="233" count="0" type="stmt"/>
        <line num="238" count="0" type="cond" truecount="0" falsecount="2"/>
        <line num="239" count="0" type="stmt"/>
        <line num="243" count="0" type="stmt"/>
        <line num="257" count="0" type="stmt"/>
        <line num="263" count="0" type="stmt"/>
        <line num="296" count="0" type="stmt"/>
        <line num="298" count="0" type="stmt"/>
        <line num="301" count="0" type="stmt"/>
        <line num="317" count="0" type="stmt"/>
        <line num="319" count="0" type="stmt"/>
        <line num="321" count="0" type="stmt"/>
        <line num="341" count="0" type="stmt"/>
      </file>
    </package>
    <package name="app.(auth)">
      <metrics statements="42" coveredstatements="40" conditionals="26" coveredconditionals="22" methods="6" coveredmethods="4"/>
      <file name="login.tsx" path="D:\xamp\htdocs\everyday_food\app\(auth)\login.tsx">
        <metrics statements="17" coveredstatements="16" conditionals="10" coveredconditionals="8" methods="3" coveredmethods="2"/>
        <line num="25" count="29" type="stmt"/>
        <line num="26" count="29" type="stmt"/>
        <line num="27" count="29" type="stmt"/>
        <line num="28" count="29" type="stmt"/>
        <line num="30" count="29" type="stmt"/>
        <line num="32" count="29" type="stmt"/>
        <line num="33" count="6" type="cond" truecount="4" falsecount="0"/>
        <line num="34" count="3" type="stmt"/>
        <line num="35" count="3" type="stmt"/>
        <line num="38" count="3" type="stmt"/>
        <line num="39" count="3" type="stmt"/>
        <line num="40" count="3" type="stmt"/>
        <line num="43" count="2" type="cond" truecount="2" falsecount="0"/>
        <line num="44" count="2" type="stmt"/>
        <line num="48" count="29" type="stmt"/>
        <line num="89" count="0" type="stmt"/>
        <line num="123" count="1" type="stmt"/>
      </file>
      <file name="register.tsx" path="D:\xamp\htdocs\everyday_food\app\(auth)\register.tsx">
        <metrics statements="25" coveredstatements="24" conditionals="16" coveredconditionals="14" methods="3" coveredmethods="2"/>
        <line num="25" count="41" type="stmt"/>
        <line num="26" count="41" type="stmt"/>
        <line num="27" count="41" type="stmt"/>
        <line num="28" count="41" type="stmt"/>
        <line num="29" count="41" type="stmt"/>
        <line num="30" count="41" type="stmt"/>
        <line num="32" count="41" type="stmt"/>
        <line num="34" count="41" type="stmt"/>
        <line num="35" count="6" type="cond" truecount="6" falsecount="0"/>
        <line num="36" count="1" type="stmt"/>
        <line num="37" count="1" type="stmt"/>
        <line num="40" count="5" type="cond" truecount="2" falsecount="0"/>
        <line num="41" count="1" type="stmt"/>
        <line num="42" count="1" type="stmt"/>
        <line num="45" count="4" type="cond" truecount="2" falsecount="0"/>
        <line num="46" count="1" type="stmt"/>
        <line num="47" count="1" type="stmt"/>
        <line num="50" count="3" type="stmt"/>
        <line num="51" count="3" type="stmt"/>
        <line num="52" count="3" type="stmt"/>
        <line num="55" count="2" type="cond" truecount="2" falsecount="0"/>
        <line num="56" count="2" type="stmt"/>
        <line num="60" count="41" type="stmt"/>
        <line num="110" count="0" type="stmt"/>
        <line num="155" count="1" type="stmt"/>
      </file>
    </package>
    <package name="app.(tabs)">
      <metrics statements="245" coveredstatements="173" conditionals="214" coveredconditionals="125" methods="116" coveredmethods="78"/>
      <file name="index.tsx" path="D:\xamp\htdocs\everyday_food\app\(tabs)\index.tsx">
        <metrics statements="38" coveredstatements="36" conditionals="42" coveredconditionals="23" methods="19" coveredmethods="17"/>
        <line num="58" count="1" type="stmt"/>
        <line num="59" count="14" type="stmt"/>
        <line num="60" count="14" type="stmt"/>
        <line num="61" count="14" type="stmt"/>
        <line num="76" count="39" type="stmt"/>
        <line num="77" count="39" type="stmt"/>
        <line num="79" count="39" type="stmt"/>
        <line num="84" count="39" type="stmt"/>
        <line num="89" count="0" type="cond" truecount="0" falsecount="2"/>
        <line num="146" count="1" type="cond" truecount="2" falsecount="2"/>
        <line num="149" count="1" type="stmt"/>
        <line num="150" count="1" type="stmt"/>
        <line num="151" count="1" type="cond" truecount="1" falsecount="1"/>
        <line num="153" count="1" type="stmt"/>
        <line num="155" count="1" type="stmt"/>
        <line num="160" count="1" type="stmt"/>
        <line num="164" count="0" type="stmt"/>
        <line num="211" count="26" type="stmt"/>
        <line num="225" count="14" type="stmt"/>
        <line num="228" count="14" type="stmt"/>
        <line num="229" count="14" type="stmt"/>
        <line num="232" count="14" type="stmt"/>
        <line num="233" count="14" type="stmt"/>
        <line num="239" count="14" type="stmt"/>
        <line num="240" count="42" type="stmt"/>
        <line num="241" count="3" type="stmt"/>
        <line num="243" count="42" type="stmt"/>
        <line num="253" count="14" type="stmt"/>
        <line num="254" count="14" type="cond" truecount="2" falsecount="0"/>
        <line num="257" count="14" type="cond" truecount="2" falsecount="0"/>
        <line num="258" count="1" type="stmt"/>
        <line num="268" count="13" type="stmt"/>
        <line num="306" count="13" type="stmt"/>
        <line num="310" count="1" type="stmt"/>
        <line num="331" count="39" type="stmt"/>
        <line num="338" count="1" type="stmt"/>
        <line num="348" count="1" type="stmt"/>
        <line num="359" count="1" type="stmt"/>
      </file>
      <file name="meal-plan.tsx" path="D:\xamp\htdocs\everyday_food\app\(tabs)\meal-plan.tsx">
        <metrics statements="99" coveredstatements="48" conditionals="71" coveredconditionals="33" methods="38" coveredmethods="16"/>
        <line num="47" count="1" type="stmt"/>
        <line num="48" count="12" type="stmt"/>
        <line num="49" count="12" type="stmt"/>
        <line num="50" count="12" type="stmt"/>
        <line num="52" count="12" type="stmt"/>
        <line num="53" count="84" type="stmt"/>
        <line num="54" count="84" type="stmt"/>
        <line num="55" count="84" type="stmt"/>
        <line num="63" count="12" type="stmt"/>
        <line num="78" count="77" type="stmt"/>
        <line num="129" count="33" type="stmt"/>
        <line num="131" count="33" type="stmt"/>
        <line num="147" count="2" type="stmt"/>
        <line num="151" count="0" type="stmt"/>
        <line num="177" count="2" type="stmt"/>
        <line num="182" count="0" type="stmt"/>
        <line num="183" count="0" type="stmt"/>
        <line num="190" count="2" type="stmt"/>
        <line num="195" count="0" type="stmt"/>
        <line num="196" count="0" type="stmt"/>
        <line num="206" count="31" type="stmt"/>
        <line num="224" count="12" type="stmt"/>
        <line num="225" count="12" type="stmt"/>
        <line num="228" count="12" type="cond" truecount="1" falsecount="1"/>
        <line num="231" count="12" type="stmt"/>
        <line num="237" count="12" type="stmt"/>
        <line num="238" count="12" type="stmt"/>
        <line num="239" count="12" type="stmt"/>
        <line num="242" count="12" type="stmt"/>
        <line num="247" count="12" type="stmt"/>
        <line num="253" count="12" type="cond" truecount="2" falsecount="0"/>
        <line num="254" count="11" type="stmt"/>
        <line num="255" count="2" type="cond" truecount="4" falsecount="0"/>
        <line num="256" count="1" type="stmt"/>
        <line num="257" count="1" type="cond" truecount="3" falsecount="1"/>
        <line num="258" count="1" type="stmt"/>
        <line num="259" count="0" type="cond" truecount="0" falsecount="4"/>
        <line num="260" count="0" type="stmt"/>
        <line num="265" count="12" type="stmt"/>
        <line num="268" count="12" type="stmt"/>
        <line num="271" count="12" type="stmt"/>
        <line num="272" count="0" type="cond" truecount="0" falsecount="2"/>
        <line num="273" count="0" type="stmt"/>
        <line num="274" count="0" type="stmt"/>
        <line num="276" count="0" type="stmt"/>
        <line num="281" count="12" type="stmt"/>
        <line num="282" count="1" type="stmt"/>
        <line num="289" count="12" type="stmt"/>
        <line num="290" count="0" type="cond" truecount="0" falsecount="4"/>
        <line num="293" count="0" type="stmt"/>
        <line num="296" count="0" type="stmt"/>
        <line num="298" count="0" type="cond" truecount="0" falsecount="2"/>
        <line num="302" count="0" type="cond" truecount="0" falsecount="2"/>
        <line num="306" count="0" type="stmt"/>
        <line num="308" count="0" type="stmt"/>
        <line num="309" count="0" type="stmt"/>
        <line num="315" count="0" type="stmt"/>
        <line num="320" count="12" type="stmt"/>
        <line num="321" count="0" type="cond" truecount="0" falsecount="4"/>
        <line num="324" count="0" type="stmt"/>
        <line num="325" count="0" type="stmt"/>
        <line num="326" count="0" type="stmt"/>
        <line num="330" count="0" type="stmt"/>
        <line num="331" count="0" type="stmt"/>
        <line num="332" count="0" type="stmt"/>
        <line num="335" count="0" type="stmt"/>
        <line num="336" count="0" type="cond" truecount="0" falsecount="2"/>
        <line num="337" count="0" type="stmt"/>
        <line num="340" count="0" type="stmt"/>
        <line num="341" count="0" type="stmt"/>
        <line num="342" count="0" type="stmt"/>
        <line num="345" count="0" type="stmt"/>
        <line num="346" count="0" type="cond" truecount="0" falsecount="2"/>
        <line num="347" count="0" type="stmt"/>
        <line num="353" count="0" type="cond" truecount="0" falsecount="2"/>
        <line num="354" count="0" type="stmt"/>
        <line num="360" count="0" type="cond" truecount="0" falsecount="2"/>
        <line num="361" count="0" type="stmt"/>
        <line num="368" count="0" type="stmt"/>
        <line num="373" count="12" type="cond" truecount="2" falsecount="0"/>
        <line num="374" count="1" type="stmt"/>
        <line num="377" count="0" type="stmt"/>
        <line num="393" count="11" type="stmt"/>
        <line num="400" count="1" type="stmt"/>
        <line num="417" count="77" type="stmt"/>
        <line num="421" count="0" type="stmt"/>
        <line num="440" count="0" type="stmt"/>
        <line num="441" count="1" type="stmt"/>
        <line num="442" count="0" type="stmt"/>
        <line num="450" count="0" type="stmt"/>
        <line num="451" count="0" type="stmt"/>
        <line num="452" count="0" type="stmt"/>
        <line num="460" count="0" type="stmt"/>
        <line num="461" count="0" type="stmt"/>
        <line num="462" count="0" type="stmt"/>
        <line num="470" count="11" type="stmt"/>
        <line num="486" count="11" type="stmt"/>
        <line num="490" count="1" type="stmt"/>
        <line num="512" count="1" type="stmt"/>
      </file>
      <file name="profile.tsx" path="D:\xamp\htdocs\everyday_food\app\(tabs)\profile.tsx">
        <metrics statements="28" coveredstatements="25" conditionals="33" coveredconditionals="22" methods="15" coveredmethods="12"/>
        <line num="43" count="3" type="stmt"/>
        <line num="49" count="3" type="stmt"/>
        <line num="75" count="48" type="stmt"/>
        <line num="94" count="0" type="stmt"/>
        <line num="96" count="0" type="stmt"/>
        <line num="108" count="1" type="stmt"/>
        <line num="116" count="17" type="stmt"/>
        <line num="117" count="17" type="stmt"/>
        <line num="118" count="17" type="stmt"/>
        <line num="119" count="17" type="stmt"/>
        <line num="121" count="17" type="stmt"/>
        <line num="122" count="1" type="stmt"/>
        <line num="123" count="1" type="stmt"/>
        <line num="126" count="17" type="cond" truecount="3" falsecount="0"/>
        <line num="128" count="17" type="cond" truecount="2" falsecount="0"/>
        <line num="129" count="1" type="stmt"/>
        <line num="139" count="16" type="cond" truecount="2" falsecount="0"/>
        <line num="140" count="16" type="cond" truecount="2" falsecount="0"/>
        <line num="144" count="16" type="stmt"/>
        <line num="151" count="0" type="stmt"/>
        <line num="183" count="16" type="stmt"/>
        <line num="205" count="3" type="stmt"/>
        <line num="211" count="1" type="stmt"/>
        <line num="251" count="16" type="stmt"/>
        <line num="255" count="1" type="stmt"/>
        <line num="275" count="16" type="stmt"/>
        <line num="298" count="16" type="stmt"/>
        <line num="316" count="1" type="stmt"/>
      </file>
      <file name="recipes.tsx" path="D:\xamp\htdocs\everyday_food\app\(tabs)\recipes.tsx">
        <metrics statements="42" coveredstatements="30" conditionals="48" coveredconditionals="30" methods="20" coveredmethods="13"/>
        <line num="48" count="7" type="cond" truecount="4" falsecount="0"/>
        <line num="51" count="7" type="stmt"/>
        <line num="52" count="7" type="stmt"/>
        <line num="53" count="7" type="cond" truecount="2" falsecount="0"/>
        <line num="55" count="7" type="stmt"/>
        <line num="57" count="7" type="stmt"/>
        <line num="58" count="1" type="stmt"/>
        <line num="115" count="3" type="stmt"/>
        <line num="143" count="70" type="stmt"/>
        <line num="156" count="11" type="stmt"/>
        <line num="157" count="11" type="stmt"/>
        <line num="160" count="11" type="stmt"/>
        <line num="164" count="11" type="stmt"/>
        <line num="168" count="11" type="stmt"/>
        <line num="170" count="11" type="stmt"/>
        <line num="181" count="11" type="stmt"/>
        <line num="182" count="11" type="cond" truecount="2" falsecount="2"/>
        <line num="183" count="0" type="stmt"/>
        <line num="186" count="11" type="cond" truecount="2" falsecount="0"/>
        <line num="188" count="10" type="cond" truecount="1" falsecount="1"/>
        <line num="189" count="10" type="stmt"/>
        <line num="192" count="0" type="cond" truecount="0" falsecount="2"/>
        <line num="193" count="0" type="stmt"/>
        <line num="196" count="0" type="cond" truecount="0" falsecount="2"/>
        <line num="197" count="0" type="stmt"/>
        <line num="200" count="0" type="cond" truecount="0" falsecount="2"/>
        <line num="201" count="0" type="cond" truecount="0" falsecount="2"/>
        <line num="205" count="0" type="stmt"/>
        <line num="206" count="0" type="stmt"/>
        <line num="210" count="11" type="stmt"/>
        <line num="213" count="11" type="cond" truecount="2" falsecount="0"/>
        <line num="214" count="1" type="stmt"/>
        <line num="218" count="0" type="stmt"/>
        <line num="228" count="10" type="stmt"/>
        <line num="233" count="1" type="stmt"/>
        <line num="246" count="0" type="stmt"/>
        <line num="258" count="80" type="stmt"/>
        <line num="260" count="70" type="stmt"/>
        <line num="263" count="0" type="stmt"/>
        <line num="279" count="12" type="stmt"/>
        <line num="280" count="7" type="stmt"/>
        <line num="294" count="1" type="stmt"/>
      </file>
      <file name="shopping.tsx" path="D:\xamp\htdocs\everyday_food\app\(tabs)\shopping.tsx">
        <metrics statements="36" coveredstatements="34" conditionals="20" coveredconditionals="17" methods="23" coveredmethods="20"/>
        <line num="22" count="1" type="stmt"/>
        <line num="34" count="22" type="stmt"/>
        <line num="35" count="153" type="cond" truecount="2" falsecount="0"/>
        <line num="36" count="88" type="stmt"/>
        <line num="38" count="153" type="stmt"/>
        <line num="39" count="153" type="stmt"/>
        <line num="53" count="153" type="stmt"/>
        <line num="55" count="88" type="stmt"/>
        <line num="64" count="153" type="stmt"/>
        <line num="67" count="1" type="stmt"/>
        <line num="71" count="0" type="stmt"/>
        <line num="90" count="22" type="stmt"/>
        <line num="91" count="22" type="stmt"/>
        <line num="92" count="22" type="stmt"/>
        <line num="94" count="22" type="stmt"/>
        <line num="95" count="22" type="stmt"/>
        <line num="97" count="153" type="stmt"/>
        <line num="98" count="22" type="stmt"/>
        <line num="100" count="22" type="stmt"/>
        <line num="101" count="1" type="stmt"/>
        <line num="102" count="1" type="stmt"/>
        <line num="103" count="7" type="cond" truecount="2" falsecount="0"/>
        <line num="108" count="22" type="stmt"/>
        <line num="109" count="1" type="cond" truecount="1" falsecount="1"/>
        <line num="110" count="1" type="stmt"/>
        <line num="121" count="1" type="stmt"/>
        <line num="122" count="1" type="stmt"/>
        <line num="126" count="22" type="stmt"/>
        <line num="127" count="7" type="stmt"/>
        <line num="130" count="22" type="stmt"/>
        <line num="139" count="3" type="stmt"/>
        <line num="178" count="1" type="stmt"/>
        <line num="198" count="0" type="stmt"/>
        <line num="207" count="104" type="stmt"/>
        <line num="209" count="88" type="stmt"/>
        <line num="233" count="1" type="stmt"/>
      </file>
      <file name="two.tsx" path="D:\xamp\htdocs\everyday_food\app\(tabs)\two.tsx">
        <metrics statements="2" coveredstatements="0" conditionals="0" coveredconditionals="0" methods="1" coveredmethods="0"/>
        <line num="7" count="0" type="stmt"/>
        <line num="16" count="0" type="stmt"/>
      </file>
    </package>
    <package name="app.cook-mode">
      <metrics statements="39" coveredstatements="0" conditionals="63" coveredconditionals="0" methods="10" coveredmethods="0"/>
      <file name="[id].tsx" path="D:\xamp\htdocs\everyday_food\app\cook-mode\[id].tsx">
        <metrics statements="39" coveredstatements="0" conditionals="63" coveredconditionals="0" methods="10" coveredmethods="0"/>
        <line num="36" count="0" type="stmt"/>
        <line num="39" count="0" type="stmt"/>
        <line num="40" count="0" type="stmt"/>
        <line num="41" count="0" type="stmt"/>
        <line num="44" count="0" type="stmt"/>
        <line num="50" count="0" type="cond" truecount="0" falsecount="2"/>
        <line num="51" count="0" type="stmt"/>
        <line num="61" count="0" type="cond" truecount="0" falsecount="2"/>
        <line num="62" count="0" type="stmt"/>
        <line num="66" count="0" type="stmt"/>
        <line num="74" count="0" type="stmt"/>
        <line num="75" count="0" type="stmt"/>
        <line num="76" count="0" type="stmt"/>
        <line num="78" count="0" type="stmt"/>
        <line num="79" count="0" type="cond" truecount="0" falsecount="2"/>
        <line num="80" count="0" type="stmt"/>
        <line num="84" count="0" type="stmt"/>
        <line num="85" count="0" type="cond" truecount="0" falsecount="2"/>
        <line num="86" count="0" type="stmt"/>
        <line num="89" count="0" type="stmt"/>
        <line num="94" count="0" type="stmt"/>
        <line num="95" count="0" type="stmt"/>
        <line num="96" count="0" type="cond" truecount="0" falsecount="6"/>
        <line num="97" count="0" type="stmt"/>
        <line num="99" count="0" type="cond" truecount="0" falsecount="7"/>
        <line num="100" count="0" type="stmt"/>
        <line num="102" count="0" type="cond" truecount="0" falsecount="6"/>
        <line num="103" count="0" type="stmt"/>
        <line num="105" count="0" type="cond" truecount="0" falsecount="5"/>
        <line num="106" count="0" type="stmt"/>
        <line num="108" count="0" type="stmt"/>
        <line num="111" count="0" type="stmt"/>
        <line num="113" count="0" type="stmt"/>
        <line num="120" count="0" type="stmt"/>
        <line num="147" count="0" type="stmt"/>
        <line num="176" count="0" type="cond" truecount="0" falsecount="2"/>
        <line num="232" count="0" type="stmt"/>
        <line num="257" count="0" type="stmt"/>
        <line num="290" count="0" type="stmt"/>
      </file>
    </package>
    <package name="app.cookbook">
      <metrics statements="30" coveredstatements="0" conditionals="36" coveredconditionals="0" methods="15" coveredmethods="0"/>
      <file name="[id].tsx" path="D:\xamp\htdocs\everyday_food\app\cookbook\[id].tsx">
        <metrics statements="30" coveredstatements="0" conditionals="36" coveredconditionals="0" methods="15" coveredmethods="0"/>
        <line num="33" count="0" type="stmt"/>
        <line num="34" count="0" type="stmt"/>
        <line num="48" count="0" type="cond" truecount="0" falsecount="2"/>
        <line num="49" count="0" type="stmt"/>
        <line num="50" count="0" type="cond" truecount="0" falsecount="2"/>
        <line num="61" count="0" type="cond" truecount="0" falsecount="6"/>
        <line num="62" count="0" type="stmt"/>
        <line num="64" count="0" type="stmt"/>
        <line num="70" count="0" type="stmt"/>
        <line num="74" count="0" type="stmt"/>
        <line num="119" count="0" type="stmt"/>
        <line num="132" count="0" type="stmt"/>
        <line num="133" count="0" type="stmt"/>
        <line num="136" count="0" type="stmt"/>
        <line num="142" count="0" type="cond" truecount="0" falsecount="2"/>
        <line num="143" count="0" type="stmt"/>
        <line num="154" count="0" type="cond" truecount="0" falsecount="2"/>
        <line num="155" count="0" type="stmt"/>
        <line num="160" count="0" type="stmt"/>
        <line num="168" count="0" type="cond" truecount="0" falsecount="2"/>
        <line num="170" count="0" type="stmt"/>
        <line num="176" count="0" type="stmt"/>
        <line num="183" count="0" type="stmt"/>
        <line num="205" count="0" type="stmt"/>
        <line num="209" count="0" type="stmt"/>
        <line num="217" count="0" type="stmt"/>
        <line num="218" count="0" type="stmt"/>
        <line num="224" count="0" type="stmt"/>
        <line num="235" count="0" type="stmt"/>
        <line num="247" count="0" type="stmt"/>
      </file>
    </package>
    <package name="app.recipe">
      <metrics statements="55" coveredstatements="44" conditionals="55" coveredconditionals="43" methods="19" coveredmethods="16"/>
      <file name="[id].tsx" path="D:\xamp\htdocs\everyday_food\app\recipe\[id].tsx">
        <metrics statements="55" coveredstatements="44" conditionals="55" coveredconditionals="43" methods="19" coveredmethods="16"/>
        <line num="44" count="68" type="stmt"/>
        <line num="82" count="51" type="stmt"/>
        <line num="108" count="20" type="stmt"/>
        <line num="109" count="20" type="stmt"/>
        <line num="112" count="20" type="stmt"/>
        <line num="115" count="20" type="stmt"/>
        <line num="121" count="20" type="stmt"/>
        <line num="122" count="20" type="stmt"/>
        <line num="125" count="20" type="stmt"/>
        <line num="128" count="20" type="stmt"/>
        <line num="129" count="18" type="cond" truecount="2" falsecount="0"/>
        <line num="130" count="15" type="cond" truecount="2" falsecount="0"/>
        <line num="135" count="20" type="cond" truecount="2" falsecount="0"/>
        <line num="136" count="1" type="stmt"/>
        <line num="146" count="19" type="cond" truecount="2" falsecount="0"/>
        <line num="147" count="2" type="stmt"/>
        <line num="153" count="1" type="stmt"/>
        <line num="162" count="17" type="stmt"/>
        <line num="163" count="1" type="stmt"/>
        <line num="164" count="1" type="stmt"/>
        <line num="165" count="1" type="cond" truecount="1" falsecount="1"/>
        <line num="166" count="0" type="stmt"/>
        <line num="168" count="1" type="stmt"/>
        <line num="170" count="1" type="stmt"/>
        <line num="174" count="17" type="stmt"/>
        <line num="175" count="1" type="stmt"/>
        <line num="176" count="1" type="stmt"/>
        <line num="177" count="1" type="stmt"/>
        <line num="179" count="0" type="stmt"/>
        <line num="180" count="0" type="stmt"/>
        <line num="184" count="17" type="stmt"/>
        <line num="185" count="0" type="stmt"/>
        <line num="186" count="0" type="stmt"/>
        <line num="187" count="0" type="stmt"/>
        <line num="193" count="0" type="stmt"/>
        <line num="194" count="0" type="stmt"/>
        <line num="199" count="17" type="stmt"/>
        <line num="201" count="17" type="stmt"/>
        <line num="229" count="17" type="stmt"/>
        <line num="230" count="17" type="cond" truecount="1" falsecount="1"/>
        <line num="231" count="17" type="stmt"/>
        <line num="232" count="17" type="stmt"/>
        <line num="234" count="17" type="stmt"/>
        <line num="238" count="0" type="stmt"/>
        <line num="241" count="17" type="stmt"/>
        <line num="243" count="17" type="stmt"/>
        <line num="247" count="1" type="stmt"/>
        <line num="270" count="0" type="stmt"/>
        <line num="370" count="68" type="stmt"/>
        <line num="387" count="17" type="stmt"/>
        <line num="391" count="1" type="stmt"/>
        <line num="408" count="51" type="stmt"/>
        <line num="412" count="1" type="stmt"/>
        <line num="425" count="0" type="stmt"/>
        <line num="433" count="1" type="stmt"/>
      </file>
    </package>
    <package name="app.share">
      <metrics statements="27" coveredstatements="0" conditionals="49" coveredconditionals="0" methods="11" coveredmethods="0"/>
      <file name="[code].tsx" path="D:\xamp\htdocs\everyday_food\app\share\[code].tsx">
        <metrics statements="27" coveredstatements="0" conditionals="49" coveredconditionals="0" methods="11" coveredmethods="0"/>
        <line num="28" count="0" type="stmt"/>
        <line num="30" count="0" type="stmt"/>
        <line num="34" count="0" type="stmt"/>
        <line num="37" count="0" type="stmt"/>
        <line num="38" count="0" type="cond" truecount="0" falsecount="5"/>
        <line num="39" count="0" type="stmt"/>
        <line num="44" count="0" type="cond" truecount="0" falsecount="2"/>
        <line num="45" count="0" type="stmt"/>
        <line num="56" count="0" type="cond" truecount="0" falsecount="4"/>
        <line num="57" count="0" type="stmt"/>
        <line num="82" count="0" type="stmt"/>
        <line num="86" count="0" type="stmt"/>
        <line num="95" count="0" type="stmt"/>
        <line num="98" count="0" type="stmt"/>
        <line num="99" count="0" type="cond" truecount="0" falsecount="2"/>
        <line num="100" count="0" type="stmt"/>
        <line num="101" count="0" type="stmt"/>
        <line num="103" count="0" type="stmt"/>
        <line num="107" count="0" type="stmt"/>
        <line num="110" count="0" type="stmt"/>
        <line num="112" count="0" type="stmt"/>
        <line num="118" count="0" type="cond" truecount="0" falsecount="2"/>
        <line num="223" count="0" type="stmt"/>
        <line num="239" count="0" type="stmt"/>
        <line num="259" count="0" type="stmt"/>
        <line num="263" count="0" type="stmt"/>
        <line num="277" count="0" type="stmt"/>
      </file>
    </package>
    <package name="src.components">
      <metrics statements="68" coveredstatements="29" conditionals="77" coveredconditionals="50" methods="20" coveredmethods="9"/>
      <file name="ShareRecipeModal.tsx" path="D:\xamp\htdocs\everyday_food\src\components\ShareRecipeModal.tsx">
        <metrics statements="68" coveredstatements="29" conditionals="77" coveredconditionals="50" methods="20" coveredmethods="9"/>
        <line num="43" count="33" type="stmt"/>
        <line num="44" count="33" type="stmt"/>
        <line num="47" count="33" type="stmt"/>
        <line num="48" count="33" type="stmt"/>
        <line num="50" count="33" type="stmt"/>
        <line num="51" count="33" type="stmt"/>
        <line num="52" count="33" type="stmt"/>
        <line num="54" count="33" type="stmt"/>
        <line num="55" count="33" type="stmt"/>
        <line num="56" count="33" type="stmt"/>
        <line num="57" count="33" type="stmt"/>
        <line num="59" count="33" type="stmt"/>
        <line num="60" count="0" type="cond" truecount="0" falsecount="2"/>
        <line num="61" count="0" type="stmt"/>
        <line num="62" count="0" type="stmt"/>
        <line num="65" count="0" type="stmt"/>
        <line num="66" count="0" type="stmt"/>
        <line num="67" count="0" type="stmt"/>
        <line num="68" count="0" type="stmt"/>
        <line num="70" count="0" type="stmt"/>
        <line num="71" count="0" type="stmt"/>
        <line num="73" count="0" type="cond" truecount="0" falsecount="2"/>
        <line num="75" count="0" type="stmt"/>
        <line num="79" count="33" type="stmt"/>
        <line num="80" count="0" type="stmt"/>
        <line num="81" count="0" type="stmt"/>
        <line num="83" count="0" type="cond" truecount="0" falsecount="2"/>
        <line num="87" count="33" type="stmt"/>
        <line num="88" count="0" type="stmt"/>
        <line num="89" count="0" type="stmt"/>
        <line num="90" count="0" type="stmt"/>
        <line num="91" count="0" type="stmt"/>
        <line num="92" count="0" type="stmt"/>
        <line num="93" count="0" type="stmt"/>
        <line num="95" count="0" type="cond" truecount="0" falsecount="2"/>
        <line num="97" count="0" type="stmt"/>
        <line num="101" count="33" type="stmt"/>
        <line num="102" count="0" type="stmt"/>
        <line num="103" count="0" type="stmt"/>
        <line num="104" count="0" type="stmt"/>
        <line num="107" count="33" type="stmt"/>
        <line num="108" count="0" type="stmt"/>
        <line num="109" count="0" type="stmt"/>
        <line num="111" count="0" type="cond" truecount="0" falsecount="2"/>
        <line num="115" count="33" type="stmt"/>
        <line num="116" count="0" type="stmt"/>
        <line num="117" count="0" type="cond" truecount="0" falsecount="2"/>
        <line num="118" count="0" type="stmt"/>
        <line num="120" count="0" type="stmt"/>
        <line num="122" count="0" type="stmt"/>
        <line num="125" count="33" type="stmt"/>
        <line num="126" count="5" type="cond" truecount="1" falsecount="1"/>
        <line num="129" count="33" type="stmt"/>
        <line num="157" count="0" type="stmt"/>
        <line num="175" count="3" type="stmt"/>
        <line num="219" count="5" type="stmt"/>
        <line num="220" count="5" type="stmt"/>
        <line num="221" count="5" type="stmt"/>
        <line num="222" count="5" type="stmt"/>
        <line num="234" count="0" type="cond" truecount="0" falsecount="2"/>
        <line num="235" count="0" type="stmt"/>
        <line num="258" count="0" type="stmt"/>
        <line num="293" count="4" type="stmt"/>
        <line num="329" count="3" type="stmt"/>
        <line num="359" count="1" type="stmt"/>
        <line num="381" count="0" type="stmt"/>
        <line num="393" count="0" type="stmt"/>
        <line num="417" count="2" type="stmt"/>
      </file>
    </package>
    <package name="src.components.navigation">
      <metrics statements="41" coveredstatements="35" conditionals="26" coveredconditionals="17" methods="15" coveredmethods="11"/>
      <file name="BottomTabBar.tsx" path="D:\xamp\htdocs\everyday_food\src\components\navigation\BottomTabBar.tsx">
        <metrics statements="41" coveredstatements="35" conditionals="26" coveredconditionals="17" methods="15" coveredmethods="11"/>
        <line num="29" count="1" type="stmt"/>
        <line num="35" count="1" type="stmt"/>
        <line num="50" count="32" type="stmt"/>
        <line num="52" count="32" type="cond" truecount="1" falsecount="1"/>
        <line num="54" count="32" type="stmt"/>
        <line num="55" count="32" type="stmt"/>
        <line num="67" count="32" type="stmt"/>
        <line num="92" count="8" type="stmt"/>
        <line num="94" count="8" type="stmt"/>
        <line num="95" count="8" type="stmt"/>
        <line num="113" count="8" type="stmt"/>
        <line num="116" count="0" type="stmt"/>
        <line num="117" count="0" type="stmt"/>
        <line num="132" count="8" type="stmt"/>
        <line num="135" count="8" type="stmt"/>
        <line num="136" count="32" type="stmt"/>
        <line num="137" count="32" type="cond" truecount="1" falsecount="1"/>
        <line num="143" count="8" type="stmt"/>
        <line num="144" count="8" type="stmt"/>
        <line num="146" count="8" type="stmt"/>
        <line num="148" count="1" type="stmt"/>
        <line num="151" count="8" type="stmt"/>
        <line num="158" count="16" type="stmt"/>
        <line num="159" count="16" type="stmt"/>
        <line num="161" count="16" type="stmt"/>
        <line num="162" count="3" type="stmt"/>
        <line num="168" count="3" type="cond" truecount="4" falsecount="0"/>
        <line num="169" count="1" type="stmt"/>
        <line num="173" count="16" type="stmt"/>
        <line num="174" count="1" type="stmt"/>
        <line num="180" count="16" type="stmt"/>
        <line num="198" count="16" type="stmt"/>
        <line num="199" count="16" type="stmt"/>
        <line num="201" count="16" type="stmt"/>
        <line num="202" count="0" type="stmt"/>
        <line num="208" count="0" type="cond" truecount="0" falsecount="4"/>
        <line num="209" count="0" type="stmt"/>
        <line num="213" count="16" type="stmt"/>
        <line num="214" count="0" type="stmt"/>
        <line num="220" count="16" type="stmt"/>
        <line num="239" count="1" type="stmt"/>
      </file>
    </package>
    <package name="src.components.ui">
      <metrics statements="34" coveredstatements="34" conditionals="82" coveredconditionals="77" methods="11" coveredmethods="11"/>
      <file name="Badge.tsx" path="D:\xamp\htdocs\everyday_food\src\components\ui\Badge.tsx">
        <metrics statements="4" coveredstatements="4" conditionals="8" coveredconditionals="8" methods="1" coveredmethods="1"/>
        <line num="17" count="5" type="stmt"/>
        <line num="34" count="106" type="stmt"/>
        <line num="36" count="106" type="stmt"/>
        <line num="59" count="5" type="stmt"/>
      </file>
      <file name="Button.tsx" path="D:\xamp\htdocs\everyday_food\src\components\ui\Button.tsx">
        <metrics statements="7" coveredstatements="7" conditionals="17" coveredconditionals="15" methods="2" coveredmethods="2"/>
        <line num="27" count="5" type="stmt"/>
        <line num="72" count="5" type="stmt"/>
        <line num="116" count="184" type="stmt"/>
        <line num="117" count="184" type="stmt"/>
        <line num="119" count="184" type="stmt"/>
        <line num="123" count="184" type="stmt"/>
        <line num="154" count="5" type="stmt"/>
      </file>
      <file name="Card.tsx" path="D:\xamp\htdocs\everyday_food\src\components\ui\Card.tsx">
        <metrics statements="7" coveredstatements="7" conditionals="12" coveredconditionals="11" methods="2" coveredmethods="2"/>
        <line num="14" count="5" type="stmt"/>
        <line num="29" count="115" type="stmt"/>
        <line num="38" count="115" type="cond" truecount="2" falsecount="0"/>
        <line num="39" count="8" type="stmt"/>
        <line num="42" count="8" type="stmt"/>
        <line num="52" count="107" type="stmt"/>
        <line num="55" count="5" type="stmt"/>
      </file>
      <file name="Checkbox.tsx" path="D:\xamp\htdocs\everyday_food\src\components\ui\Checkbox.tsx">
        <metrics statements="4" coveredstatements="4" conditionals="12" coveredconditionals="12" methods="1" coveredmethods="1"/>
        <line num="15" count="5" type="stmt"/>
        <line num="29" count="166" type="stmt"/>
        <line num="31" count="166" type="stmt"/>
        <line num="71" count="5" type="stmt"/>
      </file>
      <file name="IconButton.tsx" path="D:\xamp\htdocs\everyday_food\src\components\ui\IconButton.tsx">
        <metrics statements="7" coveredstatements="7" conditionals="12" coveredconditionals="10" methods="2" coveredmethods="2"/>
        <line num="19" count="5" type="stmt"/>
        <line num="25" count="5" type="stmt"/>
        <line num="52" count="61" type="stmt"/>
        <line num="53" count="61" type="cond" truecount="4" falsecount="0"/>
        <line num="55" count="61" type="stmt"/>
        <line num="59" count="61" type="stmt"/>
        <line num="76" count="5" type="stmt"/>
      </file>
      <file name="Input.tsx" path="D:\xamp\htdocs\everyday_food\src\components\ui\Input.tsx">
        <metrics statements="5" coveredstatements="5" conditionals="21" coveredconditionals="21" methods="3" coveredmethods="3"/>
        <line num="34" count="253" type="stmt"/>
        <line num="36" count="253" type="stmt"/>
        <line num="63" count="1" type="stmt"/>
        <line num="64" count="1" type="stmt"/>
        <line num="88" count="5" type="stmt"/>
      </file>
      <file name="index.ts" path="D:\xamp\htdocs\everyday_food\src\components\ui\index.ts">
        <metrics statements="0" coveredstatements="0" conditionals="0" coveredconditionals="0" methods="0" coveredmethods="0"/>
      </file>
    </package>
    <package name="src.providers">
      <metrics statements="4" coveredstatements="0" conditionals="2" coveredconditionals="0" methods="1" coveredmethods="0"/>
      <file name="ConvexProvider.tsx" path="D:\xamp\htdocs\everyday_food\src\providers\ConvexProvider.tsx">
        <metrics statements="3" coveredstatements="0" conditionals="2" coveredconditionals="0" methods="1" coveredmethods="0"/>
        <line num="8" count="0" type="cond" truecount="0" falsecount="2"/>
        <line num="10" count="0" type="stmt"/>
        <line num="17" count="0" type="stmt"/>
      </file>
      <file name="convexStorage.ts" path="D:\xamp\htdocs\everyday_food\src\providers\convexStorage.ts">
        <metrics statements="1" coveredstatements="0" conditionals="0" coveredconditionals="0" methods="0" coveredmethods="0"/>
        <line num="3" count="0" type="stmt"/>
      </file>
      <file name="index.ts" path="D:\xamp\htdocs\everyday_food\src\providers\index.ts">
        <metrics statements="0" coveredstatements="0" conditionals="0" coveredconditionals="0" methods="0" coveredmethods="0"/>
      </file>
    </package>
    <package name="src.styles">
      <metrics statements="28" coveredstatements="17" conditionals="14" coveredconditionals="4" methods="3" coveredmethods="2"/>
      <file name="neobrutalism.ts" path="D:\xamp\htdocs\everyday_food\src\styles\neobrutalism.ts">
        <metrics statements="28" coveredstatements="17" conditionals="14" coveredconditionals="4" methods="3" coveredmethods="2"/>
        <line num="9" count="17" type="stmt"/>
        <line num="67" count="17" type="stmt"/>
        <line num="79" count="17" type="stmt"/>
        <line num="90" count="17" type="stmt"/>
        <line num="99" count="17" type="stmt"/>
        <line num="167" count="17" type="stmt"/>
        <line num="221" count="17" type="stmt"/>
        <line num="333" count="17" type="stmt"/>
        <line num="336" count="97" type="cond" truecount="3" falsecount="2"/>
        <line num="338" count="25" type="stmt"/>
        <line num="340" count="24" type="stmt"/>
        <line num="342" count="48" type="stmt"/>
        <line num="344" count="0" type="stmt"/>
        <line num="346" count="0" type="stmt"/>
        <line num="351" count="17" type="stmt"/>
        <line num="354" count="0" type="cond" truecount="0" falsecount="5"/>
        <line num="356" count="0" type="stmt"/>
        <line num="358" count="0" type="stmt"/>
        <line num="360" count="0" type="stmt"/>
        <line num="362" count="0" type="stmt"/>
        <line num="364" count="0" type="stmt"/>
        <line num="369" count="17" type="stmt"/>
        <line num="372" count="1" type="cond" truecount="1" falsecount="3"/>
        <line num="374" count="1" type="stmt"/>
        <line num="376" count="0" type="stmt"/>
        <line num="378" count="0" type="stmt"/>
        <line num="380" count="0" type="stmt"/>
        <line num="385" count="17" type="stmt"/>
      </file>
    </package>
  </project>
</coverage>
