<?xml version="1.0" encoding="UTF-8"?>
<coverage generated="1770840427628" clover="3.2.0">
  <project timestamp="1770840427628" name="All files">
    <metrics statements="1138" coveredstatements="1046" conditionals="1125" coveredconditionals="903" methods="430" coveredmethods="378" elements="2693" coveredelements="2327" complexity="0" loc="1138" ncloc="1138" packages="12" files="33" classes="33"/>
    <package name="app">
      <metrics statements="423" coveredstatements="405" conditionals="403" coveredconditionals="328" methods="164" coveredmethods="158"/>
      <file name="edit-profile.tsx" path="D:\xamp\htdocs\everyday_food\app\edit-profile.tsx">
        <metrics statements="38" coveredstatements="37" conditionals="38" coveredconditionals="29" methods="17" coveredmethods="16"/>
        <line num="28" count="38" type="stmt"/>
        <line num="29" count="38" type="stmt"/>
        <line num="31" count="38" type="stmt"/>
        <line num="32" count="38" type="stmt"/>
        <line num="33" count="38" type="stmt"/>
        <line num="34" count="38" type="stmt"/>
        <line num="35" count="38" type="stmt"/>
        <line num="38" count="38" type="stmt"/>
        <line num="41" count="38" type="stmt"/>
        <line num="42" count="12" type="cond" truecount="2" falsecount="0"/>
        <line num="43" count="11" type="cond" truecount="1" falsecount="1"/>
        <line num="44" count="11" type="cond" truecount="1" falsecount="1"/>
        <line num="45" count="11" type="cond" truecount="1" falsecount="1"/>
        <line num="46" count="11" type="cond" truecount="1" falsecount="1"/>
        <line num="47" count="11" type="cond" truecount="1" falsecount="1"/>
        <line num="51" count="38" type="stmt"/>
        <line num="52" count="2" type="stmt"/>
        <line num="53" count="2" type="cond" truecount="2" falsecount="0"/>
        <line num="54" count="1" type="stmt"/>
        <line num="59" count="38" type="stmt"/>
        <line num="60" count="3" type="stmt"/>
        <line num="61" count="3" type="stmt"/>
        <line num="62" count="3" type="stmt"/>
        <line num="69" count="3" type="stmt"/>
        <line num="73" count="3" type="stmt"/>
        <line num="77" count="38" type="cond" truecount="2" falsecount="0"/>
        <line num="78" count="1" type="stmt"/>
        <line num="87" count="37" type="stmt"/>
        <line num="93" count="1" type="stmt"/>
        <line num="151" count="35" type="stmt"/>
        <line num="156" count="2" type="stmt"/>
        <line num="166" count="35" type="stmt"/>
        <line num="171" count="2" type="stmt"/>
        <line num="189" count="0" type="stmt"/>
        <line num="206" count="1" type="stmt"/>
        <line num="233" count="222" type="stmt"/>
        <line num="239" count="2" type="stmt"/>
        <line num="260" count="1" type="stmt"/>
      </file>
      <file name="friends.tsx" path="D:\xamp\htdocs\everyday_food\app\friends.tsx">
        <metrics statements="56" coveredstatements="56" conditionals="57" coveredconditionals="46" methods="26" coveredmethods="26"/>
        <line num="39" count="3" type="stmt"/>
        <line num="54" count="3" type="stmt"/>
        <line num="87" count="8" type="stmt"/>
        <line num="107" count="5" type="stmt"/>
        <line num="116" count="5" type="stmt"/>
        <line num="127" count="3" type="stmt"/>
        <line num="156" count="7" type="stmt"/>
        <line num="171" count="7" type="stmt"/>
        <line num="176" count="2" type="stmt"/>
        <line num="193" count="32" type="stmt"/>
        <line num="194" count="32" type="stmt"/>
        <line num="196" count="32" type="stmt"/>
        <line num="197" count="32" type="stmt"/>
        <line num="198" count="32" type="stmt"/>
        <line num="202" count="32" type="stmt"/>
        <line num="204" count="32" type="stmt"/>
        <line num="205" count="32" type="stmt"/>
        <line num="206" count="32" type="stmt"/>
        <line num="207" count="32" type="stmt"/>
        <line num="208" count="32" type="stmt"/>
        <line num="210" count="32" type="stmt"/>
        <line num="211" count="3" type="stmt"/>
        <line num="212" count="3" type="stmt"/>
        <line num="213" count="2" type="stmt"/>
        <line num="214" count="2" type="stmt"/>
        <line num="216" count="1" type="cond" truecount="1" falsecount="1"/>
        <line num="220" count="32" type="stmt"/>
        <line num="221" count="2" type="stmt"/>
        <line num="222" count="2" type="stmt"/>
        <line num="224" count="1" type="cond" truecount="1" falsecount="1"/>
        <line num="228" count="32" type="stmt"/>
        <line num="229" count="2" type="stmt"/>
        <line num="230" count="2" type="stmt"/>
        <line num="232" count="1" type="cond" truecount="1" falsecount="1"/>
        <line num="236" count="32" type="stmt"/>
        <line num="237" count="2" type="stmt"/>
        <line num="238" count="2" type="stmt"/>
        <line num="240" count="1" type="cond" truecount="1" falsecount="1"/>
        <line num="244" count="32" type="stmt"/>
        <line num="245" count="2" type="stmt"/>
        <line num="246" count="2" type="stmt"/>
        <line num="248" count="1" type="cond" truecount="1" falsecount="1"/>
        <line num="252" count="32" type="stmt"/>
        <line num="254" count="32" type="stmt"/>
        <line num="258" count="1" type="stmt"/>
        <line num="301" count="1" type="stmt"/>
        <line num="316" count="3" type="stmt"/>
        <line num="319" count="3" type="stmt"/>
        <line num="343" count="5" type="stmt"/>
        <line num="347" count="2" type="stmt"/>
        <line num="348" count="2" type="stmt"/>
        <line num="360" count="3" type="stmt"/>
        <line num="364" count="2" type="stmt"/>
        <line num="391" count="7" type="stmt"/>
        <line num="394" count="2" type="stmt"/>
        <line num="421" count="1" type="stmt"/>
      </file>
      <file name="grocery-list.tsx" path="D:\xamp\htdocs\everyday_food\app\grocery-list.tsx">
        <metrics statements="102" coveredstatements="95" conditionals="109" coveredconditionals="99" methods="30" coveredmethods="28"/>
        <line num="55" count="138" type="cond" truecount="1" falsecount="1"/>
        <line num="57" count="138" type="stmt"/>
        <line num="72" count="141" type="stmt"/>
        <line num="75" count="1" type="stmt"/>
        <line num="94" count="141" type="cond" truecount="4" falsecount="0"/>
        <line num="95" count="141" type="cond" truecount="2" falsecount="0"/>
        <line num="97" count="141" type="stmt"/>
        <line num="103" count="141" type="stmt"/>
        <line num="149" count="37" type="stmt"/>
        <line num="156" count="1" type="stmt"/>
        <line num="172" count="3" type="stmt"/>
        <line num="195" count="3" type="stmt"/>
        <line num="203" count="3" type="stmt"/>
        <line num="212" count="3" type="stmt"/>
        <line num="226" count="50" type="stmt"/>
        <line num="227" count="50" type="stmt"/>
        <line num="228" count="50" type="stmt"/>
        <line num="229" count="50" type="stmt"/>
        <line num="232" count="50" type="stmt"/>
        <line num="237" count="50" type="cond" truecount="2" falsecount="0"/>
        <line num="241" count="50" type="stmt"/>
        <line num="247" count="50" type="stmt"/>
        <line num="253" count="50" type="cond" truecount="2" falsecount="0"/>
        <line num="256" count="50" type="stmt"/>
        <line num="262" count="50" type="stmt"/>
        <line num="263" count="50" type="stmt"/>
        <line num="264" count="50" type="stmt"/>
        <line num="265" count="50" type="stmt"/>
        <line num="266" count="50" type="stmt"/>
        <line num="269" count="50" type="stmt"/>
        <line num="270" count="50" type="stmt"/>
        <line num="271" count="40" type="cond" truecount="2" falsecount="0"/>
        <line num="277" count="2" type="stmt"/>
        <line num="278" count="2" type="stmt"/>
        <line num="279" count="2" type="stmt"/>
        <line num="280" count="0" type="stmt"/>
        <line num="281" count="1" type="stmt"/>
        <line num="286" count="50" type="stmt"/>
        <line num="287" count="36" type="cond" truecount="2" falsecount="0"/>
        <line num="288" count="31" type="stmt"/>
        <line num="289" count="31" type="stmt"/>
        <line num="290" count="31" type="stmt"/>
        <line num="291" count="31" type="stmt"/>
        <line num="292" count="31" type="stmt"/>
        <line num="293" count="31" type="stmt"/>
        <line num="295" count="0" type="stmt"/>
        <line num="299" count="50" type="stmt"/>
        <line num="300" count="1" type="stmt"/>
        <line num="301" count="1" type="stmt"/>
        <line num="303" count="0" type="stmt"/>
        <line num="308" count="50" type="stmt"/>
        <line num="309" count="1" type="cond" truecount="1" falsecount="1"/>
        <line num="310" count="1" type="stmt"/>
        <line num="311" count="1" type="stmt"/>
        <line num="312" count="1" type="stmt"/>
        <line num="314" count="0" type="stmt"/>
        <line num="319" count="50" type="stmt"/>
        <line num="320" count="3" type="stmt"/>
        <line num="321" count="3" type="cond" truecount="4" falsecount="0"/>
        <line num="322" count="2" type="stmt"/>
        <line num="323" count="2" type="stmt"/>
        <line num="324" count="2" type="stmt"/>
        <line num="326" count="0" type="stmt"/>
        <line num="331" count="50" type="stmt"/>
        <line num="332" count="1" type="cond" truecount="1" falsecount="1"/>
        <line num="333" count="1" type="stmt"/>
        <line num="334" count="1" type="stmt"/>
        <line num="336" count="0" type="stmt"/>
        <line num="341" count="50" type="stmt"/>
        <line num="342" count="38" type="cond" truecount="2" falsecount="0"/>
        <line num="344" count="32" type="stmt"/>
        <line num="346" count="32" type="stmt"/>
        <line num="347" count="107" type="cond" truecount="2" falsecount="0"/>
        <line num="348" count="107" type="cond" truecount="1" falsecount="1"/>
        <line num="349" count="107" type="stmt"/>
        <line num="352" count="32" type="stmt"/>
        <line num="356" count="50" type="stmt"/>
        <line num="357" count="38" type="cond" truecount="2" falsecount="0"/>
        <line num="359" count="32" type="stmt"/>
        <line num="361" count="32" type="stmt"/>
        <line num="362" count="107" type="cond" truecount="2" falsecount="0"/>
        <line num="363" count="107" type="cond" truecount="2" falsecount="0"/>
        <line num="364" count="107" type="stmt"/>
        <line num="367" count="32" type="stmt"/>
        <line num="370" count="50" type="cond" truecount="2" falsecount="0"/>
        <line num="372" count="50" type="cond" truecount="2" falsecount="0"/>
        <line num="373" count="141" type="cond" truecount="2" falsecount="0"/>
        <line num="374" count="50" type="stmt"/>
        <line num="377" count="50" type="cond" truecount="3" falsecount="0"/>
        <line num="382" count="50" type="cond" truecount="4" falsecount="0"/>
        <line num="383" count="6" type="stmt"/>
        <line num="396" count="44" type="cond" truecount="4" falsecount="0"/>
        <line num="397" count="7" type="stmt"/>
        <line num="400" count="0" type="stmt"/>
        <line num="432" count="4" type="stmt"/>
        <line num="447" count="37" type="stmt"/>
        <line num="454" count="1" type="stmt"/>
        <line num="467" count="1" type="stmt"/>
        <line num="486" count="138" type="stmt"/>
        <line num="512" count="37" type="stmt"/>
        <line num="529" count="37" type="stmt"/>
        <line num="551" count="1" type="stmt"/>
      </file>
      <file name="import.tsx" path="D:\xamp\htdocs\everyday_food\app\import.tsx">
        <metrics statements="28" coveredstatements="28" conditionals="22" coveredconditionals="17" methods="11" coveredmethods="11"/>
        <line num="34" count="19" type="stmt"/>
        <line num="35" count="19" type="stmt"/>
        <line num="36" count="19" type="stmt"/>
        <line num="39" count="19" type="stmt"/>
        <line num="41" count="19" type="stmt"/>
        <line num="42" count="19" type="stmt"/>
        <line num="47" count="19" type="stmt"/>
        <line num="48" count="3" type="cond" truecount="1" falsecount="1"/>
        <line num="50" count="3" type="stmt"/>
        <line num="51" count="3" type="stmt"/>
        <line num="58" count="3" type="stmt"/>
        <line num="59" count="3" type="stmt"/>
        <line num="60" count="12" type="stmt"/>
        <line num="61" count="12" type="stmt"/>
        <line num="62" count="12" type="cond" truecount="2" falsecount="0"/>
        <line num="63" count="1" type="stmt"/>
        <line num="64" count="1" type="stmt"/>
        <line num="65" count="1" type="stmt"/>
        <line num="67" count="1" type="stmt"/>
        <line num="72" count="19" type="stmt"/>
        <line num="82" count="1" type="stmt"/>
        <line num="126" count="19" type="stmt"/>
        <line num="144" count="76" type="stmt"/>
        <line num="149" count="76" type="stmt"/>
        <line num="178" count="19" type="stmt"/>
        <line num="182" count="1" type="stmt"/>
        <line num="191" count="19" type="stmt"/>
        <line num="225" count="1" type="stmt"/>
      </file>
      <file name="manual-recipe.tsx" path="D:\xamp\htdocs\everyday_food\app\manual-recipe.tsx">
        <metrics statements="103" coveredstatements="98" conditionals="79" coveredconditionals="63" methods="41" coveredmethods="41"/>
        <line num="45" count="62" type="stmt"/>
        <line num="46" count="62" type="stmt"/>
        <line num="49" count="62" type="stmt"/>
        <line num="50" count="62" type="stmt"/>
        <line num="51" count="62" type="stmt"/>
        <line num="52" count="62" type="stmt"/>
        <line num="53" count="62" type="stmt"/>
        <line num="56" count="62" type="stmt"/>
        <line num="61" count="62" type="stmt"/>
        <line num="64" count="62" type="stmt"/>
        <line num="65" count="62" type="stmt"/>
        <line num="67" count="62" type="stmt"/>
        <line num="69" count="62" type="stmt"/>
        <line num="70" count="18" type="cond" truecount="4" falsecount="0"/>
        <line num="72" count="10" type="cond" truecount="2" falsecount="0"/>
        <line num="73" count="1" type="stmt"/>
        <line num="74" count="1" type="stmt"/>
        <line num="76" count="9" type="cond" truecount="4" falsecount="0"/>
        <line num="77" count="1" type="stmt"/>
        <line num="78" count="1" type="stmt"/>
        <line num="80" count="8" type="stmt"/>
        <line num="82" count="4" type="stmt"/>
        <line num="83" count="4" type="cond" truecount="1" falsecount="1"/>
        <line num="84" count="0" type="stmt"/>
        <line num="85" count="0" type="stmt"/>
        <line num="87" count="4" type="stmt"/>
        <line num="89" count="2" type="stmt"/>
        <line num="90" count="2" type="cond" truecount="1" falsecount="1"/>
        <line num="91" count="0" type="stmt"/>
        <line num="92" count="0" type="stmt"/>
        <line num="94" count="2" type="stmt"/>
        <line num="96" count="2" type="stmt"/>
        <line num="100" count="62" type="stmt"/>
        <line num="101" count="16" type="cond" truecount="2" falsecount="0"/>
        <line num="102" count="14" type="stmt"/>
        <line num="106" count="62" type="stmt"/>
        <line num="107" count="2" type="cond" truecount="2" falsecount="0"/>
        <line num="108" count="1" type="stmt"/>
        <line num="110" count="1" type="stmt"/>
        <line num="114" count="62" type="stmt"/>
        <line num="115" count="2" type="cond" truecount="1" falsecount="1"/>
        <line num="117" count="2" type="stmt"/>
        <line num="118" count="2" type="stmt"/>
        <line num="119" count="2" type="stmt"/>
        <line num="120" count="2" type="stmt"/>
        <line num="121" count="2" type="stmt"/>
        <line num="127" count="2" type="stmt"/>
        <line num="128" count="2" type="stmt"/>
        <line num="129" count="2" type="stmt"/>
        <line num="133" count="2" type="stmt"/>
        <line num="146" count="1" type="stmt"/>
        <line num="148" count="1" type="stmt"/>
        <line num="149" count="1" type="stmt"/>
        <line num="151" count="2" type="stmt"/>
        <line num="155" count="62" type="stmt"/>
        <line num="156" count="2" type="stmt"/>
        <line num="162" count="62" type="stmt"/>
        <line num="163" count="1" type="cond" truecount="1" falsecount="1"/>
        <line num="164" count="2" type="stmt"/>
        <line num="168" count="62" type="stmt"/>
        <line num="169" count="5" type="stmt"/>
        <line num="170" count="5" type="cond" truecount="1" falsecount="1"/>
        <line num="174" count="62" type="stmt"/>
        <line num="175" count="2" type="stmt"/>
        <line num="178" count="62" type="stmt"/>
        <line num="179" count="1" type="cond" truecount="1" falsecount="1"/>
        <line num="180" count="2" type="stmt"/>
        <line num="184" count="62" type="stmt"/>
        <line num="185" count="2" type="cond" truecount="1" falsecount="1"/>
        <line num="188" count="62" type="stmt"/>
        <line num="189" count="62" type="stmt"/>
        <line num="191" count="248" type="stmt"/>
        <line num="218" count="62" type="stmt"/>
        <line num="219" count="31" type="stmt"/>
        <line num="276" count="93" type="stmt"/>
        <line num="282" count="1" type="stmt"/>
        <line num="299" count="62" type="stmt"/>
        <line num="300" count="16" type="stmt"/>
        <line num="305" count="18" type="stmt"/>
        <line num="319" count="4" type="stmt"/>
        <line num="327" count="1" type="stmt"/>
        <line num="337" count="1" type="stmt"/>
        <line num="345" count="16" type="stmt"/>
        <line num="357" count="62" type="stmt"/>
        <line num="358" count="9" type="stmt"/>
        <line num="363" count="11" type="stmt"/>
        <line num="376" count="2" type="stmt"/>
        <line num="383" count="1" type="stmt"/>
        <line num="391" count="9" type="stmt"/>
        <line num="403" count="62" type="stmt"/>
        <line num="404" count="6" type="stmt"/>
        <line num="436" count="62" type="stmt"/>
        <line num="437" count="62" type="cond" truecount="4" falsecount="1"/>
        <line num="439" count="31" type="stmt"/>
        <line num="441" count="16" type="stmt"/>
        <line num="443" count="9" type="stmt"/>
        <line num="445" count="6" type="stmt"/>
        <line num="447" count="0" type="stmt"/>
        <line num="451" count="62" type="stmt"/>
        <line num="453" count="62" type="stmt"/>
        <line num="484" count="56" type="stmt"/>
        <line num="495" count="6" type="stmt"/>
        <line num="519" count="1" type="stmt"/>
      </file>
      <file name="modal.tsx" path="D:\xamp\htdocs\everyday_food\app\modal.tsx">
        <metrics statements="2" coveredstatements="2" conditionals="2" coveredconditionals="1" methods="1" coveredmethods="1"/>
        <line num="8" count="2" type="stmt"/>
        <line num="20" count="1" type="stmt"/>
      </file>
      <file name="select-recipe.tsx" path="D:\xamp\htdocs\everyday_food\app\select-recipe.tsx">
        <metrics statements="54" coveredstatements="50" conditionals="49" coveredconditionals="40" methods="20" coveredmethods="19"/>
        <line num="53" count="80" type="stmt"/>
        <line num="75" count="24" type="cond" truecount="4" falsecount="0"/>
        <line num="78" count="24" type="stmt"/>
        <line num="79" count="24" type="stmt"/>
        <line num="80" count="24" type="stmt"/>
        <line num="81" count="24" type="cond" truecount="1" falsecount="1"/>
        <line num="85" count="24" type="stmt"/>
        <line num="87" count="24" type="stmt"/>
        <line num="90" count="24" type="stmt"/>
        <line num="146" count="24" type="stmt"/>
        <line num="162" count="17" type="stmt"/>
        <line num="163" count="17" type="stmt"/>
        <line num="165" count="17" type="stmt"/>
        <line num="166" count="17" type="cond" truecount="1" falsecount="1"/>
        <line num="167" count="17" type="stmt"/>
        <line num="168" count="17" type="stmt"/>
        <line num="171" count="17" type="stmt"/>
        <line num="172" count="17" type="stmt"/>
        <line num="177" count="17" type="stmt"/>
        <line num="179" count="17" type="stmt"/>
        <line num="188" count="17" type="stmt"/>
        <line num="189" count="17" type="cond" truecount="2" falsecount="2"/>
        <line num="190" count="0" type="stmt"/>
        <line num="193" count="17" type="cond" truecount="2" falsecount="0"/>
        <line num="195" count="16" type="cond" truecount="2" falsecount="0"/>
        <line num="196" count="5" type="stmt"/>
        <line num="200" count="11" type="stmt"/>
        <line num="201" count="33" type="stmt"/>
        <line num="205" count="17" type="stmt"/>
        <line num="208" count="17" type="stmt"/>
        <line num="209" count="2" type="cond" truecount="3" falsecount="1"/>
        <line num="211" count="2" type="stmt"/>
        <line num="212" count="2" type="stmt"/>
        <line num="217" count="2" type="stmt"/>
        <line num="219" count="0" type="stmt"/>
        <line num="224" count="17" type="stmt"/>
        <line num="225" count="16" type="cond" truecount="4" falsecount="1"/>
        <line num="227" count="10" type="stmt"/>
        <line num="229" count="0" type="stmt"/>
        <line num="231" count="2" type="stmt"/>
        <line num="233" count="1" type="stmt"/>
        <line num="235" count="3" type="stmt"/>
        <line num="240" count="17" type="cond" truecount="2" falsecount="0"/>
        <line num="241" count="1" type="stmt"/>
        <line num="245" count="0" type="stmt"/>
        <line num="259" count="16" type="stmt"/>
        <line num="265" count="1" type="stmt"/>
        <line num="298" count="94" type="stmt"/>
        <line num="300" count="80" type="stmt"/>
        <line num="303" count="2" type="stmt"/>
        <line num="319" count="39" type="stmt"/>
        <line num="321" count="24" type="stmt"/>
        <line num="323" count="2" type="stmt"/>
        <line num="343" count="1" type="stmt"/>
      </file>
      <file name="settings.tsx" path="D:\xamp\htdocs\everyday_food\app\settings.tsx">
        <metrics statements="40" coveredstatements="39" conditionals="47" coveredconditionals="33" methods="18" coveredmethods="16"/>
        <line num="45" count="180" type="stmt"/>
        <line num="47" count="180" type="stmt"/>
        <line num="80" count="19" type="stmt"/>
        <line num="81" count="19" type="stmt"/>
        <line num="83" count="19" type="stmt"/>
        <line num="84" count="1" type="cond" truecount="1" falsecount="1"/>
        <line num="85" count="1" type="cond" truecount="1" falsecount="1"/>
        <line num="86" count="1" type="cond" truecount="1" falsecount="1"/>
        <line num="87" count="1" type="stmt"/>
        <line num="90" count="19" type="stmt"/>
        <line num="91" count="1" type="cond" truecount="1" falsecount="1"/>
        <line num="92" count="1" type="cond" truecount="1" falsecount="1"/>
        <line num="93" count="1" type="cond" truecount="1" falsecount="1"/>
        <line num="94" count="1" type="stmt"/>
        <line num="97" count="19" type="stmt"/>
        <line num="98" count="2" type="cond" truecount="1" falsecount="1"/>
        <line num="99" count="2" type="cond" truecount="1" falsecount="1"/>
        <line num="100" count="2" type="cond" truecount="2" falsecount="0"/>
        <line num="101" count="1" type="stmt"/>
        <line num="103" count="2" type="stmt"/>
        <line num="106" count="19" type="stmt"/>
        <line num="107" count="1" type="stmt"/>
        <line num="123" count="19" type="stmt"/>
        <line num="124" count="1" type="stmt"/>
        <line num="127" count="19" type="stmt"/>
        <line num="128" count="1" type="stmt"/>
        <line num="137" count="0" type="stmt"/>
        <line num="144" count="19" type="cond" truecount="2" falsecount="0"/>
        <line num="145" count="1" type="stmt"/>
        <line num="154" count="18" type="cond" truecount="1" falsecount="1"/>
        <line num="155" count="18" type="cond" truecount="1" falsecount="1"/>
        <line num="156" count="18" type="cond" truecount="1" falsecount="1"/>
        <line num="158" count="18" type="stmt"/>
        <line num="164" count="1" type="stmt"/>
        <line num="212" count="180" type="stmt"/>
        <line num="218" count="2" type="stmt"/>
        <line num="277" count="1" type="stmt"/>
        <line num="286" count="1" type="stmt"/>
        <line num="294" count="1" type="stmt"/>
        <line num="306" count="1" type="stmt"/>
      </file>
    </package>
    <package name="app.(auth)">
      <metrics statements="42" coveredstatements="40" conditionals="26" coveredconditionals="22" methods="6" coveredmethods="4"/>
      <file name="login.tsx" path="D:\xamp\htdocs\everyday_food\app\(auth)\login.tsx">
        <metrics statements="17" coveredstatements="16" conditionals="10" coveredconditionals="8" methods="3" coveredmethods="2"/>
        <line num="25" count="29" type="stmt"/>
        <line num="26" count="29" type="stmt"/>
        <line num="27" count="29" type="stmt"/>
        <line num="28" count="29" type="stmt"/>
        <line num="30" count="29" type="stmt"/>
        <line num="32" count="29" type="stmt"/>
        <line num="33" count="6" type="cond" truecount="4" falsecount="0"/>
        <line num="34" count="3" type="stmt"/>
        <line num="35" count="3" type="stmt"/>
        <line num="38" count="3" type="stmt"/>
        <line num="39" count="3" type="stmt"/>
        <line num="40" count="3" type="stmt"/>
        <line num="43" count="2" type="cond" truecount="2" falsecount="0"/>
        <line num="44" count="2" type="stmt"/>
        <line num="48" count="29" type="stmt"/>
        <line num="89" count="0" type="stmt"/>
        <line num="123" count="1" type="stmt"/>
      </file>
      <file name="register.tsx" path="D:\xamp\htdocs\everyday_food\app\(auth)\register.tsx">
        <metrics statements="25" coveredstatements="24" conditionals="16" coveredconditionals="14" methods="3" coveredmethods="2"/>
        <line num="25" count="41" type="stmt"/>
        <line num="26" count="41" type="stmt"/>
        <line num="27" count="41" type="stmt"/>
        <line num="28" count="41" type="stmt"/>
        <line num="29" count="41" type="stmt"/>
        <line num="30" count="41" type="stmt"/>
        <line num="32" count="41" type="stmt"/>
        <line num="34" count="41" type="stmt"/>
        <line num="35" count="6" type="cond" truecount="6" falsecount="0"/>
        <line num="36" count="1" type="stmt"/>
        <line num="37" count="1" type="stmt"/>
        <line num="40" count="5" type="cond" truecount="2" falsecount="0"/>
        <line num="41" count="1" type="stmt"/>
        <line num="42" count="1" type="stmt"/>
        <line num="45" count="4" type="cond" truecount="2" falsecount="0"/>
        <line num="46" count="1" type="stmt"/>
        <line num="47" count="1" type="stmt"/>
        <line num="50" count="3" type="stmt"/>
        <line num="51" count="3" type="stmt"/>
        <line num="52" count="3" type="stmt"/>
        <line num="55" count="2" type="cond" truecount="2" falsecount="0"/>
        <line num="56" count="2" type="stmt"/>
        <line num="60" count="41" type="stmt"/>
        <line num="110" count="0" type="stmt"/>
        <line num="155" count="1" type="stmt"/>
      </file>
    </package>
    <package name="app.(tabs)">
      <metrics statements="368" coveredstatements="333" conditionals="324" coveredconditionals="246" methods="168" coveredmethods="136"/>
      <file name="index.tsx" path="D:\xamp\htdocs\everyday_food\app\(tabs)\index.tsx">
        <metrics statements="38" coveredstatements="36" conditionals="42" coveredconditionals="23" methods="19" coveredmethods="17"/>
        <line num="58" count="1" type="stmt"/>
        <line num="59" count="14" type="stmt"/>
        <line num="60" count="14" type="stmt"/>
        <line num="61" count="14" type="stmt"/>
        <line num="76" count="39" type="stmt"/>
        <line num="77" count="39" type="stmt"/>
        <line num="79" count="39" type="stmt"/>
        <line num="84" count="39" type="stmt"/>
        <line num="89" count="0" type="cond" truecount="0" falsecount="2"/>
        <line num="146" count="1" type="cond" truecount="2" falsecount="2"/>
        <line num="149" count="1" type="stmt"/>
        <line num="150" count="1" type="stmt"/>
        <line num="151" count="1" type="cond" truecount="1" falsecount="1"/>
        <line num="153" count="1" type="stmt"/>
        <line num="155" count="1" type="stmt"/>
        <line num="160" count="1" type="stmt"/>
        <line num="164" count="0" type="stmt"/>
        <line num="211" count="26" type="stmt"/>
        <line num="225" count="14" type="stmt"/>
        <line num="228" count="14" type="stmt"/>
        <line num="229" count="14" type="stmt"/>
        <line num="232" count="14" type="stmt"/>
        <line num="233" count="14" type="stmt"/>
        <line num="239" count="14" type="stmt"/>
        <line num="240" count="42" type="stmt"/>
        <line num="241" count="3" type="stmt"/>
        <line num="243" count="42" type="stmt"/>
        <line num="253" count="14" type="stmt"/>
        <line num="254" count="14" type="cond" truecount="2" falsecount="0"/>
        <line num="257" count="14" type="cond" truecount="2" falsecount="0"/>
        <line num="258" count="1" type="stmt"/>
        <line num="268" count="13" type="stmt"/>
        <line num="306" count="13" type="stmt"/>
        <line num="310" count="1" type="stmt"/>
        <line num="331" count="39" type="stmt"/>
        <line num="338" count="1" type="stmt"/>
        <line num="348" count="1" type="stmt"/>
        <line num="359" count="1" type="stmt"/>
      </file>
      <file name="meal-plan.tsx" path="D:\xamp\htdocs\everyday_food\app\(tabs)\meal-plan.tsx">
        <metrics statements="136" coveredstatements="125" conditionals="102" coveredconditionals="79" methods="54" coveredmethods="43"/>
        <line num="48" count="2" type="cond" truecount="0" falsecount="1"/>
        <line num="49" count="101" type="stmt"/>
        <line num="50" count="101" type="stmt"/>
        <line num="51" count="101" type="stmt"/>
        <line num="52" count="101" type="stmt"/>
        <line num="55" count="101" type="stmt"/>
        <line num="56" count="101" type="stmt"/>
        <line num="58" count="101" type="stmt"/>
        <line num="59" count="707" type="stmt"/>
        <line num="60" count="707" type="stmt"/>
        <line num="61" count="707" type="stmt"/>
        <line num="62" count="707" type="stmt"/>
        <line num="70" count="101" type="stmt"/>
        <line num="85" count="364" type="stmt"/>
        <line num="136" count="156" type="cond" truecount="2" falsecount="0"/>
        <line num="137" count="18" type="stmt"/>
        <line num="139" count="156" type="stmt"/>
        <line num="141" count="156" type="stmt"/>
        <line num="157" count="18" type="stmt"/>
        <line num="161" count="1" type="stmt"/>
        <line num="187" count="18" type="stmt"/>
        <line num="192" count="2" type="stmt"/>
        <line num="193" count="2" type="stmt"/>
        <line num="200" count="18" type="stmt"/>
        <line num="205" count="2" type="stmt"/>
        <line num="206" count="2" type="stmt"/>
        <line num="216" count="138" type="stmt"/>
        <line num="234" count="56" type="stmt"/>
        <line num="236" count="56" type="stmt"/>
        <line num="239" count="56" type="stmt"/>
        <line num="240" count="49" type="stmt"/>
        <line num="241" count="196" type="stmt"/>
        <line num="242" count="49" type="cond" truecount="1" falsecount="1"/>
        <line num="246" count="56" type="stmt"/>
        <line num="247" count="52" type="cond" truecount="1" falsecount="1"/>
        <line num="248" count="52" type="stmt"/>
        <line num="249" count="52" type="stmt"/>
        <line num="250" count="52" type="stmt"/>
        <line num="254" count="56" type="stmt"/>
        <line num="255" count="56" type="stmt"/>
        <line num="256" count="52" type="cond" truecount="2" falsecount="0"/>
        <line num="257" count="49" type="stmt"/>
        <line num="258" count="49" type="stmt"/>
        <line num="260" count="3" type="cond" truecount="1" falsecount="1"/>
        <line num="261" count="0" type="stmt"/>
        <line num="262" count="0" type="cond" truecount="0" falsecount="2"/>
        <line num="264" count="3" type="stmt"/>
        <line num="269" count="56" type="cond" truecount="1" falsecount="1"/>
        <line num="272" count="56" type="cond" truecount="1" falsecount="1"/>
        <line num="273" count="56" type="cond" truecount="1" falsecount="1"/>
        <line num="276" count="56" type="stmt"/>
        <line num="282" count="56" type="stmt"/>
        <line num="288" count="56" type="stmt"/>
        <line num="289" count="56" type="stmt"/>
        <line num="290" count="56" type="stmt"/>
        <line num="293" count="56" type="stmt"/>
        <line num="298" count="56" type="stmt"/>
        <line num="304" count="56" type="cond" truecount="2" falsecount="0"/>
        <line num="305" count="52" type="stmt"/>
        <line num="306" count="18" type="cond" truecount="4" falsecount="0"/>
        <line num="307" count="12" type="stmt"/>
        <line num="308" count="6" type="cond" truecount="4" falsecount="0"/>
        <line num="309" count="5" type="stmt"/>
        <line num="310" count="1" type="cond" truecount="3" falsecount="1"/>
        <line num="311" count="1" type="stmt"/>
        <line num="316" count="56" type="stmt"/>
        <line num="319" count="56" type="stmt"/>
        <line num="322" count="56" type="stmt"/>
        <line num="323" count="2" type="cond" truecount="1" falsecount="1"/>
        <line num="324" count="2" type="stmt"/>
        <line num="325" count="2" type="stmt"/>
        <line num="327" count="1" type="stmt"/>
        <line num="332" count="56" type="stmt"/>
        <line num="333" count="7" type="stmt"/>
        <line num="340" count="56" type="stmt"/>
        <line num="341" count="2" type="cond" truecount="3" falsecount="1"/>
        <line num="344" count="2" type="stmt"/>
        <line num="347" count="2" type="stmt"/>
        <line num="349" count="3" type="cond" truecount="2" falsecount="0"/>
        <line num="353" count="2" type="cond" truecount="2" falsecount="0"/>
        <line num="357" count="1" type="stmt"/>
        <line num="359" count="1" type="stmt"/>
        <line num="360" count="1" type="stmt"/>
        <line num="366" count="0" type="stmt"/>
        <line num="371" count="56" type="stmt"/>
        <line num="372" count="3" type="cond" truecount="4" falsecount="0"/>
        <line num="375" count="2" type="stmt"/>
        <line num="376" count="6" type="stmt"/>
        <line num="377" count="12" type="stmt"/>
        <line num="381" count="2" type="stmt"/>
        <line num="382" count="2" type="stmt"/>
        <line num="383" count="2" type="stmt"/>
        <line num="386" count="2" type="stmt"/>
        <line num="387" count="6" type="cond" truecount="2" falsecount="0"/>
        <line num="388" count="4" type="stmt"/>
        <line num="391" count="2" type="stmt"/>
        <line num="392" count="2" type="stmt"/>
        <line num="393" count="2" type="stmt"/>
        <line num="396" count="2" type="stmt"/>
        <line num="397" count="2" type="cond" truecount="1" falsecount="1"/>
        <line num="398" count="2" type="stmt"/>
        <line num="404" count="1" type="cond" truecount="1" falsecount="1"/>
        <line num="405" count="1" type="stmt"/>
        <line num="411" count="1" type="cond" truecount="1" falsecount="1"/>
        <line num="412" count="1" type="stmt"/>
        <line num="419" count="1" type="stmt"/>
        <line num="424" count="56" type="stmt"/>
        <line num="425" count="2" type="stmt"/>
        <line num="432" count="56" type="stmt"/>
        <line num="433" count="52" type="cond" truecount="2" falsecount="0"/>
        <line num="434" count="48" type="cond" truecount="2" falsecount="0"/>
        <line num="435" count="2" type="stmt"/>
        <line num="437" count="46" type="stmt"/>
        <line num="441" count="56" type="cond" truecount="2" falsecount="0"/>
        <line num="442" count="4" type="stmt"/>
        <line num="447" count="0" type="stmt"/>
        <line num="453" count="0" type="stmt"/>
        <line num="462" count="0" type="stmt"/>
        <line num="475" count="52" type="stmt"/>
        <line num="484" count="1" type="stmt"/>
        <line num="490" count="0" type="stmt"/>
        <line num="499" count="2" type="stmt"/>
        <line num="513" count="364" type="stmt"/>
        <line num="517" count="1" type="stmt"/>
        <line num="536" count="2" type="stmt"/>
        <line num="537" count="3" type="stmt"/>
        <line num="538" count="2" type="stmt"/>
        <line num="546" count="0" type="stmt"/>
        <line num="547" count="2" type="stmt"/>
        <line num="548" count="0" type="stmt"/>
        <line num="556" count="0" type="stmt"/>
        <line num="557" count="2" type="stmt"/>
        <line num="558" count="0" type="stmt"/>
        <line num="566" count="52" type="stmt"/>
        <line num="582" count="52" type="stmt"/>
        <line num="611" count="2" type="stmt"/>
      </file>
      <file name="profile.tsx" path="D:\xamp\htdocs\everyday_food\app\(tabs)\profile.tsx">
        <metrics statements="27" coveredstatements="24" conditionals="26" coveredconditionals="16" methods="16" coveredmethods="13"/>
        <line num="37" count="72" type="stmt"/>
        <line num="56" count="0" type="stmt"/>
        <line num="58" count="0" type="stmt"/>
        <line num="70" count="26" type="stmt"/>
        <line num="71" count="26" type="stmt"/>
        <line num="72" count="26" type="stmt"/>
        <line num="74" count="26" type="stmt"/>
        <line num="75" count="1" type="stmt"/>
        <line num="76" count="1" type="stmt"/>
        <line num="79" count="26" type="cond" truecount="2" falsecount="0"/>
        <line num="81" count="26" type="cond" truecount="2" falsecount="0"/>
        <line num="82" count="2" type="stmt"/>
        <line num="92" count="24" type="cond" truecount="2" falsecount="0"/>
        <line num="93" count="24" type="cond" truecount="2" falsecount="0"/>
        <line num="97" count="24" type="stmt"/>
        <line num="101" count="0" type="stmt"/>
        <line num="107" count="1" type="stmt"/>
        <line num="134" count="24" type="stmt"/>
        <line num="138" count="1" type="stmt"/>
        <line num="171" count="24" type="stmt"/>
        <line num="176" count="2" type="stmt"/>
        <line num="198" count="24" type="stmt"/>
        <line num="202" count="2" type="stmt"/>
        <line num="220" count="24" type="stmt"/>
        <line num="224" count="1" type="stmt"/>
        <line num="246" count="24" type="stmt"/>
        <line num="264" count="2" type="stmt"/>
      </file>
      <file name="recipes.tsx" path="D:\xamp\htdocs\everyday_food\app\(tabs)\recipes.tsx">
        <metrics statements="129" coveredstatements="114" conditionals="134" coveredconditionals="111" methods="55" coveredmethods="43"/>
        <line num="62" count="1" type="stmt"/>
        <line num="71" count="275" type="cond" truecount="4" falsecount="0"/>
        <line num="73" count="275" type="stmt"/>
        <line num="74" count="275" type="stmt"/>
        <line num="75" count="275" type="cond" truecount="2" falsecount="0"/>
        <line num="77" count="275" type="stmt"/>
        <line num="79" count="275" type="stmt"/>
        <line num="80" count="1" type="stmt"/>
        <line num="135" count="667" type="stmt"/>
        <line num="163" count="609" type="stmt"/>
        <line num="185" count="840" type="stmt"/>
        <line num="198" count="88" type="stmt"/>
        <line num="199" count="88" type="stmt"/>
        <line num="200" count="88" type="cond" truecount="2" falsecount="0"/>
        <line num="201" count="88" type="stmt"/>
        <line num="202" count="88" type="stmt"/>
        <line num="204" count="88" type="stmt"/>
        <line num="207" count="88" type="stmt"/>
        <line num="211" count="88" type="stmt"/>
        <line num="215" count="88" type="stmt"/>
        <line num="217" count="88" type="stmt"/>
        <line num="228" count="88" type="stmt"/>
        <line num="229" count="43" type="stmt"/>
        <line num="230" count="43" type="cond" truecount="2" falsecount="0"/>
        <line num="231" count="43" type="stmt"/>
        <line num="232" count="43" type="stmt"/>
        <line num="233" count="43" type="stmt"/>
        <line num="234" count="43" type="stmt"/>
        <line num="238" count="88" type="stmt"/>
        <line num="239" count="36" type="cond" truecount="2" falsecount="0"/>
        <line num="240" count="35" type="stmt"/>
        <line num="241" count="35" type="stmt"/>
        <line num="242" count="89" type="stmt"/>
        <line num="243" count="203" type="stmt"/>
        <line num="244" count="203" type="cond" truecount="2" falsecount="0"/>
        <line num="245" count="61" type="stmt"/>
        <line num="250" count="35" type="cond" truecount="2" falsecount="0"/>
        <line num="256" count="88" type="stmt"/>
        <line num="257" count="88" type="cond" truecount="2" falsecount="0"/>
        <line num="259" count="9" type="stmt"/>
        <line num="261" count="36" type="cond" truecount="2" falsecount="0"/>
        <line num="262" count="20" type="cond" truecount="3" falsecount="1"/>
        <line num="263" count="20" type="cond" truecount="2" falsecount="0"/>
        <line num="267" count="30" type="cond" truecount="2" falsecount="0"/>
        <line num="268" count="10" type="cond" truecount="4" falsecount="0"/>
        <line num="269" count="4" type="stmt"/>
        <line num="274" count="26" type="cond" truecount="1" falsecount="1"/>
        <line num="275" count="0" type="cond" truecount="0" falsecount="2"/>
        <line num="276" count="0" type="stmt"/>
        <line num="277" count="0" type="stmt"/>
        <line num="279" count="0" type="cond" truecount="0" falsecount="2"/>
        <line num="283" count="26" type="cond" truecount="2" falsecount="0"/>
        <line num="284" count="30" type="cond" truecount="1" falsecount="1"/>
        <line num="285" count="12" type="stmt"/>
        <line num="286" count="12" type="stmt"/>
        <line num="288" count="12" type="cond" truecount="2" falsecount="0"/>
        <line num="291" count="15" type="stmt"/>
        <line num="296" count="88" type="stmt"/>
        <line num="297" count="146" type="cond" truecount="2" falsecount="2"/>
        <line num="298" count="0" type="stmt"/>
        <line num="301" count="146" type="cond" truecount="2" falsecount="0"/>
        <line num="303" count="144" type="cond" truecount="2" falsecount="0"/>
        <line num="304" count="138" type="stmt"/>
        <line num="307" count="6" type="cond" truecount="1" falsecount="1"/>
        <line num="308" count="0" type="stmt"/>
        <line num="311" count="6" type="cond" truecount="1" falsecount="1"/>
        <line num="312" count="0" type="stmt"/>
        <line num="315" count="6" type="cond" truecount="1" falsecount="1"/>
        <line num="316" count="6" type="cond" truecount="1" falsecount="1"/>
        <line num="320" count="0" type="stmt"/>
        <line num="321" count="0" type="stmt"/>
        <line num="325" count="88" type="stmt"/>
        <line num="326" count="88" type="stmt"/>
        <line num="329" count="88" type="stmt"/>
        <line num="330" count="58" type="stmt"/>
        <line num="332" count="58" type="cond" truecount="2" falsecount="0"/>
        <line num="337" count="58" type="cond" truecount="2" falsecount="0"/>
        <line num="339" count="18" type="stmt"/>
        <line num="340" count="72" type="cond" truecount="2" falsecount="0"/>
        <line num="341" count="36" type="cond" truecount="3" falsecount="1"/>
        <line num="342" count="36" type="cond" truecount="2" falsecount="0"/>
        <line num="344" count="58" type="cond" truecount="2" falsecount="0"/>
        <line num="345" count="32" type="cond" truecount="4" falsecount="0"/>
        <line num="346" count="17" type="stmt"/>
        <line num="349" count="41" type="cond" truecount="1" falsecount="1"/>
        <line num="350" count="0" type="cond" truecount="0" falsecount="2"/>
        <line num="351" count="0" type="cond" truecount="0" falsecount="2"/>
        <line num="353" count="41" type="cond" truecount="2" falsecount="0"/>
        <line num="354" count="30" type="cond" truecount="1" falsecount="1"/>
        <line num="355" count="12" type="cond" truecount="2" falsecount="0"/>
        <line num="357" count="30" type="stmt"/>
        <line num="362" count="88" type="stmt"/>
        <line num="366" count="12" type="stmt"/>
        <line num="367" count="12" type="stmt"/>
        <line num="368" count="12" type="cond" truecount="2" falsecount="0"/>
        <line num="369" count="1" type="stmt"/>
        <line num="371" count="12" type="stmt"/>
        <line num="375" count="88" type="stmt"/>
        <line num="376" count="21" type="stmt"/>
        <line num="377" count="21" type="stmt"/>
        <line num="380" count="88" type="stmt"/>
        <line num="381" count="8" type="stmt"/>
        <line num="382" count="8" type="stmt"/>
        <line num="385" count="88" type="stmt"/>
        <line num="386" count="1" type="stmt"/>
        <line num="390" count="88" type="cond" truecount="2" falsecount="0"/>
        <line num="391" count="1" type="stmt"/>
        <line num="395" count="0" type="stmt"/>
        <line num="405" count="87" type="stmt"/>
        <line num="410" count="1" type="stmt"/>
        <line num="440" count="642" type="stmt"/>
        <line num="442" count="609" type="stmt"/>
        <line num="445" count="3" type="stmt"/>
        <line num="462" count="309" type="stmt"/>
        <line num="463" count="275" type="stmt"/>
        <line num="475" count="1" type="stmt"/>
        <line num="489" count="0" type="stmt"/>
        <line num="494" count="0" type="stmt"/>
        <line num="519" count="348" type="stmt"/>
        <line num="524" count="8" type="stmt"/>
        <line num="540" count="261" type="stmt"/>
        <line num="544" count="9" type="stmt"/>
        <line num="555" count="439" type="stmt"/>
        <line num="559" count="0" type="stmt"/>
        <line num="570" count="870" type="stmt"/>
        <line num="574" count="3" type="stmt"/>
        <line num="584" count="42" type="stmt"/>
        <line num="602" count="1" type="stmt"/>
        <line num="604" count="1" type="stmt"/>
      </file>
      <file name="shopping.tsx" path="D:\xamp\htdocs\everyday_food\app\(tabs)\shopping.tsx">
        <metrics statements="36" coveredstatements="34" conditionals="20" coveredconditionals="17" methods="23" coveredmethods="20"/>
        <line num="22" count="1" type="stmt"/>
        <line num="34" count="22" type="stmt"/>
        <line num="35" count="153" type="cond" truecount="2" falsecount="0"/>
        <line num="36" count="88" type="stmt"/>
        <line num="38" count="153" type="stmt"/>
        <line num="39" count="153" type="stmt"/>
        <line num="53" count="153" type="stmt"/>
        <line num="55" count="88" type="stmt"/>
        <line num="64" count="153" type="stmt"/>
        <line num="67" count="1" type="stmt"/>
        <line num="71" count="0" type="stmt"/>
        <line num="90" count="22" type="stmt"/>
        <line num="91" count="22" type="stmt"/>
        <line num="92" count="22" type="stmt"/>
        <line num="94" count="22" type="stmt"/>
        <line num="95" count="22" type="stmt"/>
        <line num="97" count="153" type="stmt"/>
        <line num="98" count="22" type="stmt"/>
        <line num="100" count="22" type="stmt"/>
        <line num="101" count="1" type="stmt"/>
        <line num="102" count="1" type="stmt"/>
        <line num="103" count="7" type="cond" truecount="2" falsecount="0"/>
        <line num="108" count="22" type="stmt"/>
        <line num="109" count="1" type="cond" truecount="1" falsecount="1"/>
        <line num="110" count="1" type="stmt"/>
        <line num="121" count="1" type="stmt"/>
        <line num="122" count="1" type="stmt"/>
        <line num="126" count="22" type="stmt"/>
        <line num="127" count="7" type="stmt"/>
        <line num="130" count="22" type="stmt"/>
        <line num="139" count="3" type="stmt"/>
        <line num="178" count="1" type="stmt"/>
        <line num="198" count="0" type="stmt"/>
        <line num="207" count="104" type="stmt"/>
        <line num="209" count="88" type="stmt"/>
        <line num="233" count="1" type="stmt"/>
      </file>
      <file name="two.tsx" path="D:\xamp\htdocs\everyday_food\app\(tabs)\two.tsx">
        <metrics statements="2" coveredstatements="0" conditionals="0" coveredconditionals="0" methods="1" coveredmethods="0"/>
        <line num="7" count="0" type="stmt"/>
        <line num="16" count="0" type="stmt"/>
      </file>
    </package>
    <package name="app.cook-mode">
      <metrics statements="39" coveredstatements="36" conditionals="63" coveredconditionals="51" methods="10" coveredmethods="9"/>
      <file name="[id].tsx" path="D:\xamp\htdocs\everyday_food\app\cook-mode\[id].tsx">
        <metrics statements="39" coveredstatements="36" conditionals="63" coveredconditionals="51" methods="10" coveredmethods="9"/>
        <line num="36" count="1" type="stmt"/>
        <line num="39" count="35" type="stmt"/>
        <line num="40" count="35" type="stmt"/>
        <line num="41" count="35" type="stmt"/>
        <line num="44" count="35" type="stmt"/>
        <line num="50" count="35" type="cond" truecount="2" falsecount="0"/>
        <line num="51" count="1" type="stmt"/>
        <line num="61" count="34" type="cond" truecount="2" falsecount="0"/>
        <line num="62" count="2" type="stmt"/>
        <line num="66" count="1" type="stmt"/>
        <line num="74" count="32" type="stmt"/>
        <line num="75" count="32" type="stmt"/>
        <line num="76" count="32" type="stmt"/>
        <line num="78" count="32" type="stmt"/>
        <line num="79" count="1" type="cond" truecount="1" falsecount="1"/>
        <line num="80" count="1" type="stmt"/>
        <line num="84" count="32" type="stmt"/>
        <line num="85" count="17" type="cond" truecount="2" falsecount="0"/>
        <line num="86" count="16" type="stmt"/>
        <line num="89" count="1" type="stmt"/>
        <line num="94" count="32" type="stmt"/>
        <line num="95" count="32" type="stmt"/>
        <line num="96" count="32" type="cond" truecount="5" falsecount="1"/>
        <line num="97" count="0" type="stmt"/>
        <line num="99" count="32" type="cond" truecount="7" falsecount="0"/>
        <line num="100" count="21" type="stmt"/>
        <line num="102" count="11" type="cond" truecount="6" falsecount="0"/>
        <line num="103" count="8" type="stmt"/>
        <line num="105" count="3" type="cond" truecount="2" falsecount="3"/>
        <line num="106" count="3" type="stmt"/>
        <line num="108" count="0" type="stmt"/>
        <line num="111" count="32" type="stmt"/>
        <line num="113" count="32" type="stmt"/>
        <line num="120" count="1" type="stmt"/>
        <line num="147" count="0" type="stmt"/>
        <line num="176" count="32" type="cond" truecount="1" falsecount="1"/>
        <line num="232" count="32" type="stmt"/>
        <line num="257" count="32" type="stmt"/>
        <line num="290" count="1" type="stmt"/>
      </file>
    </package>
    <package name="app.recipe">
      <metrics statements="61" coveredstatements="50" conditionals="59" coveredconditionals="46" methods="21" coveredmethods="17"/>
      <file name="[id].tsx" path="D:\xamp\htdocs\everyday_food\app\recipe\[id].tsx">
        <metrics statements="61" coveredstatements="50" conditionals="59" coveredconditionals="46" methods="21" coveredmethods="17"/>
        <line num="44" count="84" type="stmt"/>
        <line num="82" count="63" type="stmt"/>
        <line num="108" count="24" type="stmt"/>
        <line num="109" count="24" type="stmt"/>
        <line num="112" count="24" type="stmt"/>
        <line num="115" count="24" type="stmt"/>
        <line num="121" count="24" type="stmt"/>
        <line num="122" count="24" type="stmt"/>
        <line num="123" count="24" type="stmt"/>
        <line num="124" count="24" type="stmt"/>
        <line num="127" count="24" type="stmt"/>
        <line num="130" count="24" type="stmt"/>
        <line num="131" count="20" type="cond" truecount="2" falsecount="0"/>
        <line num="132" count="17" type="cond" truecount="2" falsecount="0"/>
        <line num="137" count="24" type="stmt"/>
        <line num="138" count="20" type="cond" truecount="1" falsecount="1"/>
        <line num="139" count="20" type="stmt"/>
        <line num="144" count="24" type="cond" truecount="2" falsecount="0"/>
        <line num="145" count="1" type="stmt"/>
        <line num="155" count="23" type="cond" truecount="2" falsecount="0"/>
        <line num="156" count="2" type="stmt"/>
        <line num="162" count="1" type="stmt"/>
        <line num="171" count="21" type="stmt"/>
        <line num="172" count="1" type="stmt"/>
        <line num="173" count="1" type="stmt"/>
        <line num="174" count="1" type="cond" truecount="1" falsecount="1"/>
        <line num="175" count="0" type="stmt"/>
        <line num="177" count="1" type="stmt"/>
        <line num="179" count="1" type="stmt"/>
        <line num="183" count="21" type="stmt"/>
        <line num="184" count="3" type="stmt"/>
        <line num="185" count="3" type="cond" truecount="2" falsecount="0"/>
        <line num="188" count="3" type="stmt"/>
        <line num="189" count="3" type="stmt"/>
        <line num="191" count="0" type="stmt"/>
        <line num="192" count="0" type="stmt"/>
        <line num="196" count="21" type="stmt"/>
        <line num="197" count="0" type="stmt"/>
        <line num="198" count="0" type="stmt"/>
        <line num="199" count="0" type="stmt"/>
        <line num="205" count="0" type="stmt"/>
        <line num="206" count="0" type="stmt"/>
        <line num="211" count="21" type="stmt"/>
        <line num="213" count="21" type="stmt"/>
        <line num="241" count="21" type="stmt"/>
        <line num="242" count="21" type="cond" truecount="1" falsecount="1"/>
        <line num="243" count="21" type="stmt"/>
        <line num="244" count="21" type="stmt"/>
        <line num="246" count="21" type="stmt"/>
        <line num="250" count="0" type="stmt"/>
        <line num="253" count="21" type="stmt"/>
        <line num="255" count="21" type="stmt"/>
        <line num="259" count="1" type="stmt"/>
        <line num="282" count="0" type="stmt"/>
        <line num="382" count="84" type="stmt"/>
        <line num="399" count="21" type="stmt"/>
        <line num="403" count="1" type="stmt"/>
        <line num="420" count="63" type="stmt"/>
        <line num="424" count="1" type="stmt"/>
        <line num="437" count="0" type="stmt"/>
        <line num="445" count="1" type="stmt"/>
      </file>
    </package>
    <package name="app.share">
      <metrics statements="27" coveredstatements="26" conditionals="49" coveredconditionals="42" methods="11" coveredmethods="11"/>
      <file name="[code].tsx" path="D:\xamp\htdocs\everyday_food\app\share\[code].tsx">
        <metrics statements="27" coveredstatements="26" conditionals="49" coveredconditionals="42" methods="11" coveredmethods="11"/>
        <line num="28" count="26" type="stmt"/>
        <line num="30" count="26" type="stmt"/>
        <line num="34" count="26" type="stmt"/>
        <line num="37" count="26" type="stmt"/>
        <line num="38" count="26" type="cond" truecount="5" falsecount="0"/>
        <line num="39" count="19" type="stmt"/>
        <line num="44" count="26" type="cond" truecount="2" falsecount="0"/>
        <line num="45" count="1" type="stmt"/>
        <line num="56" count="25" type="cond" truecount="4" falsecount="0"/>
        <line num="57" count="6" type="stmt"/>
        <line num="82" count="6" type="stmt"/>
        <line num="86" count="1" type="stmt"/>
        <line num="95" count="19" type="stmt"/>
        <line num="98" count="19" type="stmt"/>
        <line num="99" count="19" type="cond" truecount="1" falsecount="1"/>
        <line num="100" count="19" type="stmt"/>
        <line num="101" count="19" type="stmt"/>
        <line num="103" count="19" type="stmt"/>
        <line num="107" count="0" type="stmt"/>
        <line num="110" count="19" type="stmt"/>
        <line num="112" count="19" type="stmt"/>
        <line num="118" count="2" type="cond" truecount="2" falsecount="0"/>
        <line num="223" count="57" type="stmt"/>
        <line num="239" count="57" type="stmt"/>
        <line num="259" count="19" type="stmt"/>
        <line num="263" count="1" type="stmt"/>
        <line num="277" count="1" type="stmt"/>
      </file>
    </package>
    <package name="src.components">
      <metrics statements="68" coveredstatements="64" conditionals="77" coveredconditionals="67" methods="20" coveredmethods="19"/>
      <file name="ShareRecipeModal.tsx" path="D:\xamp\htdocs\everyday_food\src\components\ShareRecipeModal.tsx">
        <metrics statements="68" coveredstatements="64" conditionals="77" coveredconditionals="67" methods="20" coveredmethods="19"/>
        <line num="43" count="71" type="stmt"/>
        <line num="44" count="71" type="stmt"/>
        <line num="47" count="71" type="stmt"/>
        <line num="48" count="71" type="stmt"/>
        <line num="50" count="71" type="stmt"/>
        <line num="51" count="71" type="stmt"/>
        <line num="52" count="71" type="stmt"/>
        <line num="54" count="71" type="stmt"/>
        <line num="55" count="71" type="stmt"/>
        <line num="56" count="71" type="stmt"/>
        <line num="57" count="71" type="stmt"/>
        <line num="59" count="71" type="stmt"/>
        <line num="60" count="2" type="cond" truecount="1" falsecount="1"/>
        <line num="61" count="0" type="stmt"/>
        <line num="62" count="0" type="stmt"/>
        <line num="65" count="2" type="stmt"/>
        <line num="66" count="2" type="stmt"/>
        <line num="67" count="2" type="stmt"/>
        <line num="68" count="2" type="stmt"/>
        <line num="70" count="1" type="stmt"/>
        <line num="71" count="1" type="stmt"/>
        <line num="73" count="1" type="cond" truecount="1" falsecount="1"/>
        <line num="75" count="2" type="stmt"/>
        <line num="79" count="71" type="stmt"/>
        <line num="80" count="1" type="stmt"/>
        <line num="81" count="1" type="stmt"/>
        <line num="83" count="0" type="cond" truecount="0" falsecount="2"/>
        <line num="87" count="71" type="stmt"/>
        <line num="88" count="2" type="stmt"/>
        <line num="89" count="2" type="stmt"/>
        <line num="90" count="2" type="stmt"/>
        <line num="91" count="1" type="stmt"/>
        <line num="92" count="1" type="stmt"/>
        <line num="93" count="1" type="stmt"/>
        <line num="95" count="1" type="cond" truecount="1" falsecount="1"/>
        <line num="97" count="2" type="stmt"/>
        <line num="101" count="71" type="stmt"/>
        <line num="102" count="1" type="stmt"/>
        <line num="103" count="1" type="stmt"/>
        <line num="104" count="1" type="stmt"/>
        <line num="107" count="71" type="stmt"/>
        <line num="108" count="2" type="stmt"/>
        <line num="109" count="2" type="stmt"/>
        <line num="111" count="1" type="cond" truecount="1" falsecount="1"/>
        <line num="115" count="71" type="stmt"/>
        <line num="116" count="7" type="stmt"/>
        <line num="117" count="7" type="cond" truecount="2" falsecount="0"/>
        <line num="118" count="1" type="stmt"/>
        <line num="120" count="6" type="stmt"/>
        <line num="122" count="7" type="stmt"/>
        <line num="125" count="71" type="stmt"/>
        <line num="126" count="31" type="cond" truecount="1" falsecount="1"/>
        <line num="129" count="71" type="stmt"/>
        <line num="157" count="0" type="stmt"/>
        <line num="175" count="9" type="stmt"/>
        <line num="219" count="31" type="stmt"/>
        <line num="220" count="31" type="stmt"/>
        <line num="221" count="31" type="stmt"/>
        <line num="222" count="31" type="stmt"/>
        <line num="234" count="7" type="cond" truecount="1" falsecount="1"/>
        <line num="235" count="7" type="stmt"/>
        <line num="258" count="1" type="stmt"/>
        <line num="293" count="22" type="stmt"/>
        <line num="329" count="13" type="stmt"/>
        <line num="359" count="6" type="stmt"/>
        <line num="381" count="1" type="stmt"/>
        <line num="393" count="2" type="stmt"/>
        <line num="417" count="2" type="stmt"/>
      </file>
    </package>
    <package name="src.components.navigation">
      <metrics statements="41" coveredstatements="35" conditionals="26" coveredconditionals="17" methods="15" coveredmethods="11"/>
      <file name="BottomTabBar.tsx" path="D:\xamp\htdocs\everyday_food\src\components\navigation\BottomTabBar.tsx">
        <metrics statements="41" coveredstatements="35" conditionals="26" coveredconditionals="17" methods="15" coveredmethods="11"/>
        <line num="29" count="1" type="stmt"/>
        <line num="35" count="1" type="stmt"/>
        <line num="50" count="32" type="stmt"/>
        <line num="52" count="32" type="cond" truecount="1" falsecount="1"/>
        <line num="54" count="32" type="stmt"/>
        <line num="55" count="32" type="stmt"/>
        <line num="67" count="32" type="stmt"/>
        <line num="92" count="8" type="stmt"/>
        <line num="94" count="8" type="stmt"/>
        <line num="95" count="8" type="stmt"/>
        <line num="113" count="8" type="stmt"/>
        <line num="116" count="0" type="stmt"/>
        <line num="117" count="0" type="stmt"/>
        <line num="132" count="8" type="stmt"/>
        <line num="135" count="8" type="stmt"/>
        <line num="136" count="32" type="stmt"/>
        <line num="137" count="32" type="cond" truecount="1" falsecount="1"/>
        <line num="143" count="8" type="stmt"/>
        <line num="144" count="8" type="stmt"/>
        <line num="146" count="8" type="stmt"/>
        <line num="148" count="1" type="stmt"/>
        <line num="151" count="8" type="stmt"/>
        <line num="158" count="16" type="stmt"/>
        <line num="159" count="16" type="stmt"/>
        <line num="161" count="16" type="stmt"/>
        <line num="162" count="3" type="stmt"/>
        <line num="168" count="3" type="cond" truecount="4" falsecount="0"/>
        <line num="169" count="1" type="stmt"/>
        <line num="173" count="16" type="stmt"/>
        <line num="174" count="1" type="stmt"/>
        <line num="180" count="16" type="stmt"/>
        <line num="198" count="16" type="stmt"/>
        <line num="199" count="16" type="stmt"/>
        <line num="201" count="16" type="stmt"/>
        <line num="202" count="0" type="stmt"/>
        <line num="208" count="0" type="cond" truecount="0" falsecount="4"/>
        <line num="209" count="0" type="stmt"/>
        <line num="213" count="16" type="stmt"/>
        <line num="214" count="0" type="stmt"/>
        <line num="220" count="16" type="stmt"/>
        <line num="239" count="1" type="stmt"/>
      </file>
    </package>
    <package name="src.components.ui">
      <metrics statements="34" coveredstatements="34" conditionals="82" coveredconditionals="77" methods="11" coveredmethods="11"/>
      <file name="Badge.tsx" path="D:\xamp\htdocs\everyday_food\src\components\ui\Badge.tsx">
        <metrics statements="4" coveredstatements="4" conditionals="8" coveredconditionals="8" methods="1" coveredmethods="1"/>
        <line num="17" count="6" type="stmt"/>
        <line num="34" count="1079" type="stmt"/>
        <line num="36" count="1079" type="stmt"/>
        <line num="59" count="6" type="stmt"/>
      </file>
      <file name="Button.tsx" path="D:\xamp\htdocs\everyday_food\src\components\ui\Button.tsx">
        <metrics statements="7" coveredstatements="7" conditionals="17" coveredconditionals="15" methods="2" coveredmethods="2"/>
        <line num="27" count="6" type="stmt"/>
        <line num="72" count="6" type="stmt"/>
        <line num="116" count="184" type="stmt"/>
        <line num="117" count="184" type="stmt"/>
        <line num="119" count="184" type="stmt"/>
        <line num="123" count="184" type="stmt"/>
        <line num="154" count="6" type="stmt"/>
      </file>
      <file name="Card.tsx" path="D:\xamp\htdocs\everyday_food\src\components\ui\Card.tsx">
        <metrics statements="7" coveredstatements="7" conditionals="12" coveredconditionals="11" methods="2" coveredmethods="2"/>
        <line num="14" count="6" type="stmt"/>
        <line num="29" count="383" type="stmt"/>
        <line num="38" count="383" type="cond" truecount="2" falsecount="0"/>
        <line num="39" count="276" type="stmt"/>
        <line num="42" count="276" type="stmt"/>
        <line num="52" count="107" type="stmt"/>
        <line num="55" count="6" type="stmt"/>
      </file>
      <file name="Checkbox.tsx" path="D:\xamp\htdocs\everyday_food\src\components\ui\Checkbox.tsx">
        <metrics statements="4" coveredstatements="4" conditionals="12" coveredconditionals="12" methods="1" coveredmethods="1"/>
        <line num="15" count="6" type="stmt"/>
        <line num="29" count="166" type="stmt"/>
        <line num="31" count="166" type="stmt"/>
        <line num="71" count="6" type="stmt"/>
      </file>
      <file name="IconButton.tsx" path="D:\xamp\htdocs\everyday_food\src\components\ui\IconButton.tsx">
        <metrics statements="7" coveredstatements="7" conditionals="12" coveredconditionals="10" methods="2" coveredmethods="2"/>
        <line num="19" count="6" type="stmt"/>
        <line num="25" count="6" type="stmt"/>
        <line num="52" count="215" type="stmt"/>
        <line num="53" count="215" type="cond" truecount="4" falsecount="0"/>
        <line num="55" count="215" type="stmt"/>
        <line num="59" count="215" type="stmt"/>
        <line num="76" count="6" type="stmt"/>
      </file>
      <file name="Input.tsx" path="D:\xamp\htdocs\everyday_food\src\components\ui\Input.tsx">
        <metrics statements="5" coveredstatements="5" conditionals="21" coveredconditionals="21" methods="3" coveredmethods="3"/>
        <line num="34" count="346" type="stmt"/>
        <line num="36" count="346" type="stmt"/>
        <line num="63" count="1" type="stmt"/>
        <line num="64" count="1" type="stmt"/>
        <line num="88" count="6" type="stmt"/>
      </file>
      <file name="index.ts" path="D:\xamp\htdocs\everyday_food\src\components\ui\index.ts">
        <metrics statements="0" coveredstatements="0" conditionals="0" coveredconditionals="0" methods="0" coveredmethods="0"/>
      </file>
    </package>
    <package name="src.constants">
      <metrics statements="3" coveredstatements="3" conditionals="0" coveredconditionals="0" methods="0" coveredmethods="0"/>
      <file name="dietary.ts" path="D:\xamp\htdocs\everyday_food\src\constants\dietary.ts">
        <metrics statements="3" coveredstatements="3" conditionals="0" coveredconditionals="0" methods="0" coveredmethods="0"/>
        <line num="1" count="2" type="stmt"/>
        <line num="14" count="2" type="stmt"/>
        <line num="32" count="2" type="stmt"/>
      </file>
    </package>
    <package name="src.providers">
      <metrics statements="4" coveredstatements="0" conditionals="2" coveredconditionals="0" methods="1" coveredmethods="0"/>
      <file name="ConvexProvider.tsx" path="D:\xamp\htdocs\everyday_food\src\providers\ConvexProvider.tsx">
        <metrics statements="3" coveredstatements="0" conditionals="2" coveredconditionals="0" methods="1" coveredmethods="0"/>
        <line num="8" count="0" type="cond" truecount="0" falsecount="2"/>
        <line num="10" count="0" type="stmt"/>
        <line num="17" count="0" type="stmt"/>
      </file>
      <file name="convexStorage.ts" path="D:\xamp\htdocs\everyday_food\src\providers\convexStorage.ts">
        <metrics statements="1" coveredstatements="0" conditionals="0" coveredconditionals="0" methods="0" coveredmethods="0"/>
        <line num="3" count="0" type="stmt"/>
      </file>
      <file name="index.ts" path="D:\xamp\htdocs\everyday_food\src\providers\index.ts">
        <metrics statements="0" coveredstatements="0" conditionals="0" coveredconditionals="0" methods="0" coveredmethods="0"/>
      </file>
    </package>
    <package name="src.styles">
      <metrics statements="28" coveredstatements="20" conditionals="14" coveredconditionals="7" methods="3" coveredmethods="2"/>
      <file name="neobrutalism.ts" path="D:\xamp\htdocs\everyday_food\src\styles\neobrutalism.ts">
        <metrics statements="28" coveredstatements="20" conditionals="14" coveredconditionals="7" methods="3" coveredmethods="2"/>
        <line num="9" count="27" type="stmt"/>
        <line num="67" count="27" type="stmt"/>
        <line num="79" count="27" type="stmt"/>
        <line num="90" count="27" type="stmt"/>
        <line num="99" count="27" type="stmt"/>
        <line num="167" count="27" type="stmt"/>
        <line num="221" count="27" type="stmt"/>
        <line num="333" count="27" type="stmt"/>
        <line num="336" count="567" type="cond" truecount="4" falsecount="1"/>
        <line num="338" count="149" type="stmt"/>
        <line num="340" count="135" type="stmt"/>
        <line num="342" count="282" type="stmt"/>
        <line num="344" count="1" type="stmt"/>
        <line num="346" count="0" type="stmt"/>
        <line num="351" count="27" type="stmt"/>
        <line num="354" count="0" type="cond" truecount="0" falsecount="5"/>
        <line num="356" count="0" type="stmt"/>
        <line num="358" count="0" type="stmt"/>
        <line num="360" count="0" type="stmt"/>
        <line num="362" count="0" type="stmt"/>
        <line num="364" count="0" type="stmt"/>
        <line num="369" count="27" type="stmt"/>
        <line num="372" count="286" type="cond" truecount="3" falsecount="1"/>
        <line num="374" count="155" type="stmt"/>
        <line num="376" count="69" type="stmt"/>
        <line num="378" count="62" type="stmt"/>
        <line num="380" count="0" type="stmt"/>
        <line num="385" count="27" type="stmt"/>
      </file>
    </package>
  </project>
</coverage>
