{"D:\\xamp\\htdocs\\everyday_food\\app\\edit-profile.tsx": {"path":"D:\\xamp\\htdocs\\everyday_food\\app\\edit-profile.tsx","statementMap":{"0":{"start":{"line":28,"column":15},"end":{"line":28,"column":42}},"1":{"start":{"line":29,"column":24},"end":{"line":29,"column":60}},"2":{"start":{"line":31,"column":26},"end":{"line":31,"column":38}},"3":{"start":{"line":32,"column":24},"end":{"line":32,"column":36}},"4":{"start":{"line":33,"column":48},"end":{"line":33,"column":70}},"5":{"start":{"line":34,"column":48},"end":{"line":34,"column":59}},"6":{"start":{"line":35,"column":46},"end":{"line":37,"column":3}},"7":{"start":{"line":38,"column":34},"end":{"line":38,"column":49}},"8":{"start":{"line":41,"column":2},"end":{"line":49,"column":13}},"9":{"start":{"line":42,"column":4},"end":{"line":48,"column":5}},"10":{"start":{"line":43,"column":6},"end":{"line":43,"column":31}},"11":{"start":{"line":44,"column":6},"end":{"line":44,"column":38}},"12":{"start":{"line":45,"column":6},"end":{"line":45,"column":56}},"13":{"start":{"line":46,"column":6},"end":{"line":46,"column":52}},"14":{"start":{"line":47,"column":6},"end":{"line":47,"column":59}},"15":{"start":{"line":51,"column":24},"end":{"line":57,"column":3}},"16":{"start":{"line":52,"column":4},"end":{"line":56,"column":6}},"17":{"start":{"line":53,"column":6},"end":{"line":55,"column":27}},"18":{"start":{"line":54,"column":29},"end":{"line":54,"column":41}},"19":{"start":{"line":59,"column":21},"end":{"line":75,"column":3}},"20":{"start":{"line":60,"column":4},"end":{"line":60,"column":22}},"21":{"start":{"line":61,"column":4},"end":{"line":74,"column":5}},"22":{"start":{"line":62,"column":6},"end":{"line":68,"column":9}},"23":{"start":{"line":69,"column":6},"end":{"line":69,"column":20}},"24":{"start":{"line":73,"column":6},"end":{"line":73,"column":25}},"25":{"start":{"line":77,"column":2},"end":{"line":85,"column":3}},"26":{"start":{"line":78,"column":4},"end":{"line":84,"column":6}},"27":{"start":{"line":87,"column":2},"end":{"line":257,"column":4}},"28":{"start":{"line":93,"column":25},"end":{"line":93,"column":38}},"29":{"start":{"line":151,"column":38},"end":{"line":154,"column":15}},"30":{"start":{"line":156,"column":16},"end":{"line":156,"column":67}},"31":{"start":{"line":156,"column":45},"end":{"line":156,"column":66}},"32":{"start":{"line":166,"column":38},"end":{"line":169,"column":15}},"33":{"start":{"line":171,"column":16},"end":{"line":171,"column":68}},"34":{"start":{"line":171,"column":45},"end":{"line":171,"column":67}},"35":{"start":{"line":189,"column":29},"end":{"line":189,"column":58}},"36":{"start":{"line":206,"column":29},"end":{"line":206,"column":56}},"37":{"start":{"line":233,"column":14},"end":{"line":249,"column":26}},"38":{"start":{"line":239,"column":31},"end":{"line":239,"column":52}},"39":{"start":{"line":260,"column":15},"end":{"line":420,"column":2}}},"fnMap":{"0":{"name":"EditProfileScreen","decl":{"start":{"line":27,"column":24},"end":{"line":27,"column":41}},"loc":{"start":{"line":27,"column":44},"end":{"line":258,"column":1}},"line":27},"1":{"name":"(anonymous_1)","decl":{"start":{"line":41,"column":12},"end":{"line":41,"column":13}},"loc":{"start":{"line":41,"column":18},"end":{"line":49,"column":3}},"line":41},"2":{"name":"(anonymous_2)","decl":{"start":{"line":51,"column":24},"end":{"line":51,"column":25}},"loc":{"start":{"line":51,"column":44},"end":{"line":57,"column":3}},"line":51},"3":{"name":"(anonymous_3)","decl":{"start":{"line":52,"column":23},"end":{"line":52,"column":24}},"loc":{"start":{"line":53,"column":6},"end":{"line":55,"column":27}},"line":53},"4":{"name":"(anonymous_4)","decl":{"start":{"line":54,"column":22},"end":{"line":54,"column":23}},"loc":{"start":{"line":54,"column":29},"end":{"line":54,"column":41}},"line":54},"5":{"name":"(anonymous_5)","decl":{"start":{"line":59,"column":21},"end":{"line":59,"column":22}},"loc":{"start":{"line":59,"column":33},"end":{"line":75,"column":3}},"line":59},"6":{"name":"(anonymous_6)","decl":{"start":{"line":93,"column":19},"end":{"line":93,"column":20}},"loc":{"start":{"line":93,"column":25},"end":{"line":93,"column":38}},"line":93},"7":{"name":"(anonymous_7)","decl":{"start":{"line":151,"column":21},"end":{"line":151,"column":22}},"loc":{"start":{"line":151,"column":38},"end":{"line":154,"column":15}},"line":151},"8":{"name":"(anonymous_8)","decl":{"start":{"line":155,"column":23},"end":{"line":155,"column":24}},"loc":{"start":{"line":156,"column":16},"end":{"line":156,"column":67}},"line":156},"9":{"name":"(anonymous_9)","decl":{"start":{"line":156,"column":35},"end":{"line":156,"column":36}},"loc":{"start":{"line":156,"column":45},"end":{"line":156,"column":66}},"line":156},"10":{"name":"(anonymous_10)","decl":{"start":{"line":166,"column":21},"end":{"line":166,"column":22}},"loc":{"start":{"line":166,"column":38},"end":{"line":169,"column":15}},"line":166},"11":{"name":"(anonymous_11)","decl":{"start":{"line":170,"column":23},"end":{"line":170,"column":24}},"loc":{"start":{"line":171,"column":16},"end":{"line":171,"column":68}},"line":171},"12":{"name":"(anonymous_12)","decl":{"start":{"line":171,"column":35},"end":{"line":171,"column":36}},"loc":{"start":{"line":171,"column":45},"end":{"line":171,"column":67}},"line":171},"13":{"name":"(anonymous_13)","decl":{"start":{"line":189,"column":23},"end":{"line":189,"column":24}},"loc":{"start":{"line":189,"column":29},"end":{"line":189,"column":58}},"line":189},"14":{"name":"(anonymous_14)","decl":{"start":{"line":206,"column":23},"end":{"line":206,"column":24}},"loc":{"start":{"line":206,"column":29},"end":{"line":206,"column":56}},"line":206},"15":{"name":"(anonymous_15)","decl":{"start":{"line":232,"column":18},"end":{"line":232,"column":19}},"loc":{"start":{"line":233,"column":14},"end":{"line":249,"column":26}},"line":233},"16":{"name":"(anonymous_16)","decl":{"start":{"line":239,"column":25},"end":{"line":239,"column":26}},"loc":{"start":{"line":239,"column":31},"end":{"line":239,"column":52}},"line":239}},"branchMap":{"0":{"loc":{"start":{"line":42,"column":4},"end":{"line":48,"column":5}},"type":"if","locations":[{"start":{"line":42,"column":4},"end":{"line":48,"column":5}},{"start":{},"end":{}}],"line":42},"1":{"loc":{"start":{"line":43,"column":14},"end":{"line":43,"column":29}},"type":"binary-expr","locations":[{"start":{"line":43,"column":14},"end":{"line":43,"column":23}},{"start":{"line":43,"column":27},"end":{"line":43,"column":29}}],"line":43},"2":{"loc":{"start":{"line":44,"column":13},"end":{"line":44,"column":36}},"type":"binary-expr","locations":[{"start":{"line":44,"column":13},"end":{"line":44,"column":30}},{"start":{"line":44,"column":34},"end":{"line":44,"column":36}}],"line":44},"3":{"loc":{"start":{"line":45,"column":25},"end":{"line":45,"column":54}},"type":"binary-expr","locations":[{"start":{"line":45,"column":25},"end":{"line":45,"column":48}},{"start":{"line":45,"column":52},"end":{"line":45,"column":54}}],"line":45},"4":{"loc":{"start":{"line":46,"column":25},"end":{"line":46,"column":50}},"type":"binary-expr","locations":[{"start":{"line":46,"column":25},"end":{"line":46,"column":45}},{"start":{"line":46,"column":49},"end":{"line":46,"column":50}}],"line":46},"5":{"loc":{"start":{"line":47,"column":24},"end":{"line":47,"column":57}},"type":"binary-expr","locations":[{"start":{"line":47,"column":24},"end":{"line":47,"column":43}},{"start":{"line":47,"column":47},"end":{"line":47,"column":57}}],"line":47},"6":{"loc":{"start":{"line":53,"column":6},"end":{"line":55,"column":27}},"type":"cond-expr","locations":[{"start":{"line":54,"column":10},"end":{"line":54,"column":42}},{"start":{"line":55,"column":10},"end":{"line":55,"column":27}}],"line":53},"7":{"loc":{"start":{"line":63,"column":14},"end":{"line":63,"column":38}},"type":"binary-expr","locations":[{"start":{"line":63,"column":14},"end":{"line":63,"column":25}},{"start":{"line":63,"column":29},"end":{"line":63,"column":38}}],"line":63},"8":{"loc":{"start":{"line":64,"column":13},"end":{"line":64,"column":36}},"type":"binary-expr","locations":[{"start":{"line":64,"column":13},"end":{"line":64,"column":23}},{"start":{"line":64,"column":27},"end":{"line":64,"column":36}}],"line":64},"9":{"loc":{"start":{"line":77,"column":2},"end":{"line":85,"column":3}},"type":"if","locations":[{"start":{"line":77,"column":2},"end":{"line":85,"column":3}},{"start":{},"end":{}}],"line":77},"10":{"loc":{"start":{"line":105,"column":11},"end":{"line":109,"column":11}},"type":"cond-expr","locations":[{"start":{"line":106,"column":12},"end":{"line":106,"column":71}},{"start":{"line":108,"column":12},"end":{"line":108,"column":59}}],"line":105},"11":{"loc":{"start":{"line":153,"column":16},"end":{"line":153,"column":47}},"type":"binary-expr","locations":[{"start":{"line":153,"column":16},"end":{"line":153,"column":23}},{"start":{"line":153,"column":27},"end":{"line":153,"column":47}}],"line":153},"12":{"loc":{"start":{"line":168,"column":16},"end":{"line":168,"column":47}},"type":"binary-expr","locations":[{"start":{"line":168,"column":16},"end":{"line":168,"column":23}},{"start":{"line":168,"column":27},"end":{"line":168,"column":47}}],"line":168},"13":{"loc":{"start":{"line":187,"column":16},"end":{"line":187,"column":75}},"type":"binary-expr","locations":[{"start":{"line":187,"column":16},"end":{"line":187,"column":45}},{"start":{"line":187,"column":49},"end":{"line":187,"column":75}}],"line":187},"14":{"loc":{"start":{"line":195,"column":18},"end":{"line":195,"column":75}},"type":"binary-expr","locations":[{"start":{"line":195,"column":18},"end":{"line":195,"column":47}},{"start":{"line":195,"column":51},"end":{"line":195,"column":75}}],"line":195},"15":{"loc":{"start":{"line":204,"column":16},"end":{"line":204,"column":73}},"type":"binary-expr","locations":[{"start":{"line":204,"column":16},"end":{"line":204,"column":43}},{"start":{"line":204,"column":47},"end":{"line":204,"column":73}}],"line":204},"16":{"loc":{"start":{"line":212,"column":18},"end":{"line":212,"column":73}},"type":"binary-expr","locations":[{"start":{"line":212,"column":18},"end":{"line":212,"column":45}},{"start":{"line":212,"column":49},"end":{"line":212,"column":73}}],"line":212},"17":{"loc":{"start":{"line":237,"column":18},"end":{"line":237,"column":71}},"type":"binary-expr","locations":[{"start":{"line":237,"column":18},"end":{"line":237,"column":50}},{"start":{"line":237,"column":54},"end":{"line":237,"column":71}}],"line":237},"18":{"loc":{"start":{"line":244,"column":20},"end":{"line":244,"column":77}},"type":"binary-expr","locations":[{"start":{"line":244,"column":20},"end":{"line":244,"column":52}},{"start":{"line":244,"column":56},"end":{"line":244,"column":77}}],"line":244}},"s":{"0":38,"1":38,"2":38,"3":38,"4":38,"5":38,"6":38,"7":38,"8":38,"9":12,"10":11,"11":11,"12":11,"13":11,"14":11,"15":38,"16":2,"17":2,"18":1,"19":38,"20":3,"21":3,"22":3,"23":3,"24":3,"25":38,"26":1,"27":37,"28":1,"29":35,"30":2,"31":2,"32":35,"33":2,"34":2,"35":0,"36":1,"37":222,"38":2,"39":1},"f":{"0":38,"1":12,"2":2,"3":2,"4":1,"5":3,"6":1,"7":35,"8":2,"9":2,"10":35,"11":2,"12":2,"13":0,"14":1,"15":222,"16":2},"b":{"0":[11,1],"1":[11,0],"2":[11,0],"3":[11,0],"4":[11,0],"5":[11,0],"6":[1,1],"7":[3,0],"8":[3,0],"9":[1,37],"10":[3,34],"11":[35,0],"12":[35,0],"13":[37,34],"14":[37,34],"15":[37,3],"16":[37,3],"17":[222,25],"18":[222,25]},"_coverageSchema":"1a1c01bbd47fc00a2c39e90264f33305004495a9","hash":"f22a420537c64896b70280faab4d8e393171875f"}
,"D:\\xamp\\htdocs\\everyday_food\\app\\friends.tsx": {"path":"D:\\xamp\\htdocs\\everyday_food\\app\\friends.tsx","statementMap":{"0":{"start":{"line":39,"column":2},"end":{"line":63,"column":4}},"1":{"start":{"line":54,"column":32},"end":{"line":57,"column":9}},"2":{"start":{"line":87,"column":2},"end":{"line":138,"column":4}},"3":{"start":{"line":107,"column":38},"end":{"line":110,"column":15}},"4":{"start":{"line":116,"column":38},"end":{"line":119,"column":15}},"5":{"start":{"line":127,"column":36},"end":{"line":130,"column":13}},"6":{"start":{"line":156,"column":2},"end":{"line":189,"column":4}},"7":{"start":{"line":171,"column":32},"end":{"line":174,"column":9}},"8":{"start":{"line":176,"column":10},"end":{"line":183,"column":12}},"9":{"start":{"line":193,"column":40},"end":{"line":193,"column":52}},"10":{"start":{"line":194,"column":40},"end":{"line":194,"column":55}},"11":{"start":{"line":196,"column":18},"end":{"line":196,"column":44}},"12":{"start":{"line":197,"column":18},"end":{"line":197,"column":50}},"13":{"start":{"line":198,"column":24},"end":{"line":201,"column":3}},"14":{"start":{"line":202,"column":16},"end":{"line":202,"column":46}},"15":{"start":{"line":204,"column":22},"end":{"line":204,"column":58}},"16":{"start":{"line":205,"column":24},"end":{"line":205,"column":62}},"17":{"start":{"line":206,"column":24},"end":{"line":206,"column":62}},"18":{"start":{"line":207,"column":24},"end":{"line":207,"column":62}},"19":{"start":{"line":208,"column":23},"end":{"line":208,"column":60}},"20":{"start":{"line":210,"column":28},"end":{"line":218,"column":3}},"21":{"start":{"line":211,"column":4},"end":{"line":217,"column":5}},"22":{"start":{"line":212,"column":6},"end":{"line":212,"column":38}},"23":{"start":{"line":213,"column":6},"end":{"line":213,"column":25}},"24":{"start":{"line":214,"column":6},"end":{"line":214,"column":53}},"25":{"start":{"line":216,"column":6},"end":{"line":216,"column":70}},"26":{"start":{"line":220,"column":30},"end":{"line":226,"column":3}},"27":{"start":{"line":221,"column":4},"end":{"line":225,"column":5}},"28":{"start":{"line":222,"column":6},"end":{"line":222,"column":44}},"29":{"start":{"line":224,"column":6},"end":{"line":224,"column":72}},"30":{"start":{"line":228,"column":30},"end":{"line":234,"column":3}},"31":{"start":{"line":229,"column":4},"end":{"line":233,"column":5}},"32":{"start":{"line":230,"column":6},"end":{"line":230,"column":44}},"33":{"start":{"line":232,"column":6},"end":{"line":232,"column":72}},"34":{"start":{"line":236,"column":30},"end":{"line":242,"column":3}},"35":{"start":{"line":237,"column":4},"end":{"line":241,"column":5}},"36":{"start":{"line":238,"column":6},"end":{"line":238,"column":44}},"37":{"start":{"line":240,"column":6},"end":{"line":240,"column":72}},"38":{"start":{"line":244,"column":29},"end":{"line":250,"column":3}},"39":{"start":{"line":245,"column":4},"end":{"line":249,"column":5}},"40":{"start":{"line":246,"column":6},"end":{"line":246,"column":39}},"41":{"start":{"line":248,"column":6},"end":{"line":248,"column":71}},"42":{"start":{"line":252,"column":20},"end":{"line":252,"column":41}},"43":{"start":{"line":254,"column":2},"end":{"line":418,"column":4}},"44":{"start":{"line":258,"column":62},"end":{"line":258,"column":75}},"45":{"start":{"line":301,"column":40},"end":{"line":301,"column":58}},"46":{"start":{"line":316,"column":18},"end":{"line":321,"column":20}},"47":{"start":{"line":319,"column":33},"end":{"line":319,"column":63}},"48":{"start":{"line":343,"column":18},"end":{"line":350,"column":20}},"49":{"start":{"line":347,"column":36},"end":{"line":347,"column":77}},"50":{"start":{"line":348,"column":36},"end":{"line":348,"column":77}},"51":{"start":{"line":360,"column":18},"end":{"line":366,"column":20}},"52":{"start":{"line":364,"column":36},"end":{"line":364,"column":77}},"53":{"start":{"line":391,"column":16},"end":{"line":396,"column":18}},"54":{"start":{"line":394,"column":34},"end":{"line":394,"column":69}},"55":{"start":{"line":421,"column":15},"end":{"line":735,"column":2}}},"fnMap":{"0":{"name":"UserSearchCard","decl":{"start":{"line":30,"column":9},"end":{"line":30,"column":23}},"loc":{"start":{"line":38,"column":3},"end":{"line":64,"column":1}},"line":38},"1":{"name":"(anonymous_1)","decl":{"start":{"line":54,"column":15},"end":{"line":54,"column":16}},"loc":{"start":{"line":54,"column":32},"end":{"line":57,"column":9}},"line":54},"2":{"name":"RequestCard","decl":{"start":{"line":67,"column":9},"end":{"line":67,"column":20}},"loc":{"start":{"line":86,"column":3},"end":{"line":139,"column":1}},"line":86},"3":{"name":"(anonymous_3)","decl":{"start":{"line":107,"column":21},"end":{"line":107,"column":22}},"loc":{"start":{"line":107,"column":38},"end":{"line":110,"column":15}},"line":107},"4":{"name":"(anonymous_4)","decl":{"start":{"line":116,"column":21},"end":{"line":116,"column":22}},"loc":{"start":{"line":116,"column":38},"end":{"line":119,"column":15}},"line":116},"5":{"name":"(anonymous_5)","decl":{"start":{"line":127,"column":19},"end":{"line":127,"column":20}},"loc":{"start":{"line":127,"column":36},"end":{"line":130,"column":13}},"line":127},"6":{"name":"FriendCard","decl":{"start":{"line":142,"column":9},"end":{"line":142,"column":19}},"loc":{"start":{"line":155,"column":3},"end":{"line":190,"column":1}},"line":155},"7":{"name":"(anonymous_7)","decl":{"start":{"line":171,"column":15},"end":{"line":171,"column":16}},"loc":{"start":{"line":171,"column":32},"end":{"line":174,"column":9}},"line":171},"8":{"name":"(anonymous_8)","decl":{"start":{"line":175,"column":17},"end":{"line":175,"column":18}},"loc":{"start":{"line":175,"column":23},"end":{"line":184,"column":9}},"line":175},"9":{"name":"FriendsScreen","decl":{"start":{"line":192,"column":24},"end":{"line":192,"column":37}},"loc":{"start":{"line":192,"column":40},"end":{"line":419,"column":1}},"line":192},"10":{"name":"(anonymous_10)","decl":{"start":{"line":210,"column":28},"end":{"line":210,"column":29}},"loc":{"start":{"line":210,"column":61},"end":{"line":218,"column":3}},"line":210},"11":{"name":"(anonymous_11)","decl":{"start":{"line":220,"column":30},"end":{"line":220,"column":31}},"loc":{"start":{"line":220,"column":73},"end":{"line":226,"column":3}},"line":220},"12":{"name":"(anonymous_12)","decl":{"start":{"line":228,"column":30},"end":{"line":228,"column":31}},"loc":{"start":{"line":228,"column":73},"end":{"line":234,"column":3}},"line":228},"13":{"name":"(anonymous_13)","decl":{"start":{"line":236,"column":30},"end":{"line":236,"column":31}},"loc":{"start":{"line":236,"column":73},"end":{"line":242,"column":3}},"line":236},"14":{"name":"(anonymous_14)","decl":{"start":{"line":244,"column":29},"end":{"line":244,"column":30}},"loc":{"start":{"line":244,"column":62},"end":{"line":250,"column":3}},"line":244},"15":{"name":"(anonymous_15)","decl":{"start":{"line":258,"column":56},"end":{"line":258,"column":57}},"loc":{"start":{"line":258,"column":62},"end":{"line":258,"column":75}},"line":258},"16":{"name":"(anonymous_16)","decl":{"start":{"line":301,"column":34},"end":{"line":301,"column":35}},"loc":{"start":{"line":301,"column":40},"end":{"line":301,"column":58}},"line":301},"17":{"name":"(anonymous_17)","decl":{"start":{"line":315,"column":34},"end":{"line":315,"column":35}},"loc":{"start":{"line":316,"column":18},"end":{"line":321,"column":20}},"line":316},"18":{"name":"(anonymous_18)","decl":{"start":{"line":319,"column":27},"end":{"line":319,"column":28}},"loc":{"start":{"line":319,"column":33},"end":{"line":319,"column":63}},"line":319},"19":{"name":"(anonymous_19)","decl":{"start":{"line":342,"column":38},"end":{"line":342,"column":39}},"loc":{"start":{"line":343,"column":18},"end":{"line":350,"column":20}},"line":343},"20":{"name":"(anonymous_20)","decl":{"start":{"line":347,"column":30},"end":{"line":347,"column":31}},"loc":{"start":{"line":347,"column":36},"end":{"line":347,"column":77}},"line":347},"21":{"name":"(anonymous_21)","decl":{"start":{"line":348,"column":30},"end":{"line":348,"column":31}},"loc":{"start":{"line":348,"column":36},"end":{"line":348,"column":77}},"line":348},"22":{"name":"(anonymous_22)","decl":{"start":{"line":359,"column":38},"end":{"line":359,"column":39}},"loc":{"start":{"line":360,"column":18},"end":{"line":366,"column":20}},"line":360},"23":{"name":"(anonymous_23)","decl":{"start":{"line":364,"column":30},"end":{"line":364,"column":31}},"loc":{"start":{"line":364,"column":36},"end":{"line":364,"column":77}},"line":364},"24":{"name":"(anonymous_24)","decl":{"start":{"line":390,"column":27},"end":{"line":390,"column":28}},"loc":{"start":{"line":391,"column":16},"end":{"line":396,"column":18}},"line":391},"25":{"name":"(anonymous_25)","decl":{"start":{"line":394,"column":28},"end":{"line":394,"column":29}},"loc":{"start":{"line":394,"column":34},"end":{"line":394,"column":69}},"line":394}},"branchMap":{"0":{"loc":{"start":{"line":51,"column":9},"end":{"line":51,"column":73}},"type":"binary-expr","locations":[{"start":{"line":51,"column":9},"end":{"line":51,"column":19}},{"start":{"line":51,"column":23},"end":{"line":51,"column":73}}],"line":51},"1":{"loc":{"start":{"line":56,"column":10},"end":{"line":56,"column":41}},"type":"binary-expr","locations":[{"start":{"line":56,"column":10},"end":{"line":56,"column":17}},{"start":{"line":56,"column":21},"end":{"line":56,"column":41}}],"line":56},"2":{"loc":{"start":{"line":100,"column":11},"end":{"line":100,"column":78}},"type":"cond-expr","locations":[{"start":{"line":100,"column":33},"end":{"line":100,"column":58}},{"start":{"line":100,"column":61},"end":{"line":100,"column":78}}],"line":100},"3":{"loc":{"start":{"line":104,"column":9},"end":{"line":135,"column":9}},"type":"cond-expr","locations":[{"start":{"line":105,"column":10},"end":{"line":124,"column":13}},{"start":{"line":126,"column":10},"end":{"line":134,"column":22}}],"line":104},"4":{"loc":{"start":{"line":109,"column":16},"end":{"line":109,"column":47}},"type":"binary-expr","locations":[{"start":{"line":109,"column":16},"end":{"line":109,"column":23}},{"start":{"line":109,"column":27},"end":{"line":109,"column":47}}],"line":109},"5":{"loc":{"start":{"line":118,"column":16},"end":{"line":118,"column":47}},"type":"binary-expr","locations":[{"start":{"line":118,"column":16},"end":{"line":118,"column":23}},{"start":{"line":118,"column":27},"end":{"line":118,"column":47}}],"line":118},"6":{"loc":{"start":{"line":129,"column":14},"end":{"line":129,"column":45}},"type":"binary-expr","locations":[{"start":{"line":129,"column":14},"end":{"line":129,"column":21}},{"start":{"line":129,"column":25},"end":{"line":129,"column":45}}],"line":129},"7":{"loc":{"start":{"line":168,"column":9},"end":{"line":168,"column":79}},"type":"binary-expr","locations":[{"start":{"line":168,"column":9},"end":{"line":168,"column":21}},{"start":{"line":168,"column":25},"end":{"line":168,"column":79}}],"line":168},"8":{"loc":{"start":{"line":173,"column":10},"end":{"line":173,"column":41}},"type":"binary-expr","locations":[{"start":{"line":173,"column":10},"end":{"line":173,"column":17}},{"start":{"line":173,"column":21},"end":{"line":173,"column":41}}],"line":173},"9":{"loc":{"start":{"line":200,"column":4},"end":{"line":200,"column":61}},"type":"cond-expr","locations":[{"start":{"line":200,"column":30},"end":{"line":200,"column":52}},{"start":{"line":200,"column":55},"end":{"line":200,"column":61}}],"line":200},"10":{"loc":{"start":{"line":216,"column":27},"end":{"line":216,"column":68}},"type":"binary-expr","locations":[{"start":{"line":216,"column":27},"end":{"line":216,"column":40}},{"start":{"line":216,"column":44},"end":{"line":216,"column":68}}],"line":216},"11":{"loc":{"start":{"line":224,"column":27},"end":{"line":224,"column":70}},"type":"binary-expr","locations":[{"start":{"line":224,"column":27},"end":{"line":224,"column":40}},{"start":{"line":224,"column":44},"end":{"line":224,"column":70}}],"line":224},"12":{"loc":{"start":{"line":232,"column":27},"end":{"line":232,"column":70}},"type":"binary-expr","locations":[{"start":{"line":232,"column":27},"end":{"line":232,"column":40}},{"start":{"line":232,"column":44},"end":{"line":232,"column":70}}],"line":232},"13":{"loc":{"start":{"line":240,"column":27},"end":{"line":240,"column":70}},"type":"binary-expr","locations":[{"start":{"line":240,"column":27},"end":{"line":240,"column":40}},{"start":{"line":240,"column":44},"end":{"line":240,"column":70}}],"line":240},"14":{"loc":{"start":{"line":248,"column":27},"end":{"line":248,"column":69}},"type":"binary-expr","locations":[{"start":{"line":248,"column":27},"end":{"line":248,"column":40}},{"start":{"line":248,"column":44},"end":{"line":248,"column":69}}],"line":248},"15":{"loc":{"start":{"line":263,"column":11},"end":{"line":267,"column":11}},"type":"binary-expr","locations":[{"start":{"line":263,"column":11},"end":{"line":263,"column":16}},{"start":{"line":263,"column":20},"end":{"line":263,"column":45}},{"start":{"line":264,"column":12},"end":{"line":266,"column":19}}],"line":263},"16":{"loc":{"start":{"line":300,"column":13},"end":{"line":304,"column":13}},"type":"binary-expr","locations":[{"start":{"line":300,"column":13},"end":{"line":300,"column":35}},{"start":{"line":301,"column":14},"end":{"line":303,"column":26}}],"line":300},"17":{"loc":{"start":{"line":308,"column":11},"end":{"line":325,"column":11}},"type":"binary-expr","locations":[{"start":{"line":308,"column":11},"end":{"line":308,"column":34}},{"start":{"line":309,"column":12},"end":{"line":324,"column":19}}],"line":308},"18":{"loc":{"start":{"line":310,"column":15},"end":{"line":323,"column":15}},"type":"cond-expr","locations":[{"start":{"line":311,"column":16},"end":{"line":311,"column":73}},{"start":{"line":312,"column":18},"end":{"line":323,"column":15}}],"line":310},"19":{"loc":{"start":{"line":312,"column":18},"end":{"line":323,"column":15}},"type":"cond-expr","locations":[{"start":{"line":313,"column":16},"end":{"line":313,"column":68}},{"start":{"line":315,"column":16},"end":{"line":322,"column":18}}],"line":312},"20":{"loc":{"start":{"line":329,"column":9},"end":{"line":371,"column":9}},"type":"binary-expr","locations":[{"start":{"line":329,"column":9},"end":{"line":329,"column":16}},{"start":{"line":329,"column":21},"end":{"line":329,"column":48}},{"start":{"line":329,"column":52},"end":{"line":329,"column":79}},{"start":{"line":330,"column":10},"end":{"line":370,"column":26}}],"line":329},"21":{"loc":{"start":{"line":339,"column":13},"end":{"line":353,"column":13}},"type":"binary-expr","locations":[{"start":{"line":339,"column":13},"end":{"line":339,"column":40}},{"start":{"line":340,"column":14},"end":{"line":352,"column":21}}],"line":339},"22":{"loc":{"start":{"line":356,"column":13},"end":{"line":369,"column":13}},"type":"binary-expr","locations":[{"start":{"line":356,"column":13},"end":{"line":356,"column":40}},{"start":{"line":357,"column":14},"end":{"line":368,"column":21}}],"line":356},"23":{"loc":{"start":{"line":380,"column":27},"end":{"line":380,"column":47}},"type":"binary-expr","locations":[{"start":{"line":380,"column":27},"end":{"line":380,"column":42}},{"start":{"line":380,"column":46},"end":{"line":380,"column":47}}],"line":380},"24":{"loc":{"start":{"line":384,"column":11},"end":{"line":411,"column":11}},"type":"cond-expr","locations":[{"start":{"line":385,"column":12},"end":{"line":387,"column":19}},{"start":{"line":388,"column":14},"end":{"line":411,"column":11}}],"line":384},"25":{"loc":{"start":{"line":388,"column":14},"end":{"line":411,"column":11}},"type":"cond-expr","locations":[{"start":{"line":389,"column":12},"end":{"line":398,"column":19}},{"start":{"line":400,"column":12},"end":{"line":410,"column":19}}],"line":388},"26":{"loc":{"start":{"line":388,"column":14},"end":{"line":388,"column":43}},"type":"binary-expr","locations":[{"start":{"line":388,"column":14},"end":{"line":388,"column":21}},{"start":{"line":388,"column":25},"end":{"line":388,"column":43}}],"line":388}},"s":{"0":0,"1":0,"2":4,"3":3,"4":3,"5":1,"6":4,"7":4,"8":0,"9":12,"10":12,"11":12,"12":12,"13":12,"14":12,"15":12,"16":12,"17":12,"18":12,"19":12,"20":12,"21":0,"22":0,"23":0,"24":0,"25":0,"26":12,"27":1,"28":1,"29":0,"30":12,"31":1,"32":1,"33":0,"34":12,"35":0,"36":0,"37":0,"38":12,"39":0,"40":0,"41":0,"42":12,"43":12,"44":1,"45":0,"46":0,"47":0,"48":3,"49":1,"50":1,"51":1,"52":0,"53":4,"54":0,"55":1},"f":{"0":0,"1":0,"2":4,"3":3,"4":3,"5":1,"6":4,"7":4,"8":0,"9":12,"10":0,"11":1,"12":1,"13":0,"14":0,"15":1,"16":0,"17":0,"18":0,"19":3,"20":1,"21":1,"22":1,"23":0,"24":4,"25":0},"b":{"0":[0,0],"1":[0,0],"2":[3,1],"3":[3,1],"4":[3,0],"5":[3,0],"6":[1,0],"7":[4,2],"8":[4,0],"9":[0,12],"10":[0,0],"11":[0,0],"12":[0,0],"13":[0,0],"14":[0,0],"15":[12,12,4],"16":[12,0],"17":[12,0],"18":[0,0],"19":[0,0],"20":[12,12,9,4],"21":[4,3],"22":[4,1],"23":[12,10],"24":[1,11],"25":[2,9],"26":[11,11]},"_coverageSchema":"1a1c01bbd47fc00a2c39e90264f33305004495a9","hash":"91809f369335581d555d837295226dad8e1d9705"}
,"D:\\xamp\\htdocs\\everyday_food\\app\\grocery-list.tsx": {"path":"D:\\xamp\\htdocs\\everyday_food\\app\\grocery-list.tsx","statementMap":{"0":{"start":{"line":55,"column":2},"end":{"line":55,"column":38}},"1":{"start":{"line":55,"column":26},"end":{"line":55,"column":38}},"2":{"start":{"line":57,"column":2},"end":{"line":81,"column":4}},"3":{"start":{"line":72,"column":10},"end":{"line":77,"column":12}},"4":{"start":{"line":75,"column":28},"end":{"line":75,"column":50}},"5":{"start":{"line":94,"column":19},"end":{"line":94,"column":80}},"6":{"start":{"line":95,"column":16},"end":{"line":95,"column":58}},"7":{"start":{"line":97,"column":2},"end":{"line":138,"column":4}},"8":{"start":{"line":103,"column":32},"end":{"line":107,"column":9}},"9":{"start":{"line":149,"column":2},"end":{"line":184,"column":4}},"10":{"start":{"line":156,"column":23},"end":{"line":156,"column":44}},"11":{"start":{"line":172,"column":23},"end":{"line":172,"column":45}},"12":{"start":{"line":195,"column":2},"end":{"line":222,"column":4}},"13":{"start":{"line":203,"column":34},"end":{"line":206,"column":11}},"14":{"start":{"line":212,"column":34},"end":{"line":215,"column":11}},"15":{"start":{"line":226,"column":38},"end":{"line":226,"column":75}},"16":{"start":{"line":227,"column":48},"end":{"line":227,"column":63}},"17":{"start":{"line":228,"column":40},"end":{"line":228,"column":52}},"18":{"start":{"line":229,"column":38},"end":{"line":229,"column":53}},"19":{"start":{"line":232,"column":41},"end":{"line":235,"column":6}},"20":{"start":{"line":237,"column":23},"end":{"line":237,"column":55}},"21":{"start":{"line":241,"column":19},"end":{"line":244,"column":3}},"22":{"start":{"line":247,"column":21},"end":{"line":250,"column":3}},"23":{"start":{"line":253,"column":23},"end":{"line":253,"column":59}},"24":{"start":{"line":256,"column":26},"end":{"line":259,"column":3}},"25":{"start":{"line":262,"column":24},"end":{"line":262,"column":68}},"26":{"start":{"line":263,"column":27},"end":{"line":263,"column":74}},"27":{"start":{"line":264,"column":29},"end":{"line":264,"column":70}},"28":{"start":{"line":265,"column":26},"end":{"line":265,"column":64}},"29":{"start":{"line":266,"column":31},"end":{"line":266,"column":74}},"30":{"start":{"line":269,"column":29},"end":{"line":269,"column":42}},"31":{"start":{"line":270,"column":2},"end":{"line":283,"column":59}},"32":{"start":{"line":271,"column":4},"end":{"line":282,"column":5}},"33":{"start":{"line":277,"column":6},"end":{"line":277,"column":40}},"34":{"start":{"line":278,"column":6},"end":{"line":278,"column":26}},"35":{"start":{"line":279,"column":6},"end":{"line":281,"column":45}},"36":{"start":{"line":280,"column":24},"end":{"line":280,"column":73}},"37":{"start":{"line":281,"column":23},"end":{"line":281,"column":43}},"38":{"start":{"line":286,"column":22},"end":{"line":297,"column":48}},"39":{"start":{"line":287,"column":4},"end":{"line":287,"column":45}},"40":{"start":{"line":287,"column":23},"end":{"line":287,"column":45}},"41":{"start":{"line":288,"column":4},"end":{"line":296,"column":5}},"42":{"start":{"line":289,"column":20},"end":{"line":289,"column":57}},"43":{"start":{"line":290,"column":18},"end":{"line":290,"column":53}},"44":{"start":{"line":291,"column":23},"end":{"line":291,"column":59}},"45":{"start":{"line":292,"column":21},"end":{"line":292,"column":51}},"46":{"start":{"line":293,"column":6},"end":{"line":293,"column":52}},"47":{"start":{"line":295,"column":6},"end":{"line":295,"column":28}},"48":{"start":{"line":299,"column":21},"end":{"line":305,"column":3}},"49":{"start":{"line":300,"column":4},"end":{"line":304,"column":5}},"50":{"start":{"line":301,"column":6},"end":{"line":301,"column":47}},"51":{"start":{"line":303,"column":6},"end":{"line":303,"column":53}},"52":{"start":{"line":308,"column":21},"end":{"line":316,"column":3}},"53":{"start":{"line":309,"column":4},"end":{"line":309,"column":35}},"54":{"start":{"line":309,"column":28},"end":{"line":309,"column":35}},"55":{"start":{"line":310,"column":4},"end":{"line":315,"column":5}},"56":{"start":{"line":311,"column":6},"end":{"line":311,"column":59}},"57":{"start":{"line":312,"column":6},"end":{"line":312,"column":31}},"58":{"start":{"line":314,"column":6},"end":{"line":314,"column":61}},"59":{"start":{"line":319,"column":30},"end":{"line":328,"column":3}},"60":{"start":{"line":320,"column":20},"end":{"line":320,"column":38}},"61":{"start":{"line":321,"column":4},"end":{"line":321,"column":47}},"62":{"start":{"line":321,"column":40},"end":{"line":321,"column":47}},"63":{"start":{"line":322,"column":4},"end":{"line":327,"column":5}},"64":{"start":{"line":323,"column":6},"end":{"line":323,"column":73}},"65":{"start":{"line":324,"column":6},"end":{"line":324,"column":25}},"66":{"start":{"line":326,"column":6},"end":{"line":326,"column":50}},"67":{"start":{"line":331,"column":29},"end":{"line":338,"column":3}},"68":{"start":{"line":332,"column":4},"end":{"line":332,"column":35}},"69":{"start":{"line":332,"column":28},"end":{"line":332,"column":35}},"70":{"start":{"line":333,"column":4},"end":{"line":337,"column":5}},"71":{"start":{"line":334,"column":6},"end":{"line":334,"column":63}},"72":{"start":{"line":336,"column":6},"end":{"line":336,"column":61}},"73":{"start":{"line":341,"column":28},"end":{"line":353,"column":27}},"74":{"start":{"line":342,"column":4},"end":{"line":342,"column":40}},"75":{"start":{"line":342,"column":30},"end":{"line":342,"column":40}},"76":{"start":{"line":344,"column":50},"end":{"line":344,"column":52}},"77":{"start":{"line":346,"column":4},"end":{"line":350,"column":5}},"78":{"start":{"line":347,"column":23},"end":{"line":347,"column":44}},"79":{"start":{"line":348,"column":6},"end":{"line":348,"column":51}},"80":{"start":{"line":348,"column":29},"end":{"line":348,"column":51}},"81":{"start":{"line":349,"column":6},"end":{"line":349,"column":49}},"82":{"start":{"line":352,"column":4},"end":{"line":352,"column":18}},"83":{"start":{"line":356,"column":29},"end":{"line":368,"column":27}},"84":{"start":{"line":357,"column":4},"end":{"line":357,"column":40}},"85":{"start":{"line":357,"column":30},"end":{"line":357,"column":40}},"86":{"start":{"line":359,"column":50},"end":{"line":359,"column":52}},"87":{"start":{"line":361,"column":4},"end":{"line":365,"column":5}},"88":{"start":{"line":362,"column":24},"end":{"line":362,"column":73}},"89":{"start":{"line":363,"column":6},"end":{"line":363,"column":53}},"90":{"start":{"line":363,"column":30},"end":{"line":363,"column":53}},"91":{"start":{"line":364,"column":6},"end":{"line":364,"column":50}},"92":{"start":{"line":367,"column":4},"end":{"line":367,"column":18}},"93":{"start":{"line":370,"column":26},"end":{"line":370,"column":89}},"94":{"start":{"line":372,"column":21},"end":{"line":372,"column":53}},"95":{"start":{"line":373,"column":23},"end":{"line":373,"column":88}},"96":{"start":{"line":373,"column":61},"end":{"line":373,"column":75}},"97":{"start":{"line":374,"column":25},"end":{"line":374,"column":50}},"98":{"start":{"line":377,"column":4},"end":{"line":379,"column":20}},"99":{"start":{"line":382,"column":2},"end":{"line":393,"column":3}},"100":{"start":{"line":383,"column":4},"end":{"line":392,"column":6}},"101":{"start":{"line":396,"column":2},"end":{"line":445,"column":3}},"102":{"start":{"line":397,"column":4},"end":{"line":444,"column":6}},"103":{"start":{"line":400,"column":64},"end":{"line":400,"column":77}},"104":{"start":{"line":432,"column":40},"end":{"line":435,"column":17}},"105":{"start":{"line":447,"column":2},"end":{"line":548,"column":4}},"106":{"start":{"line":454,"column":62},"end":{"line":454,"column":75}},"107":{"start":{"line":467,"column":27},"end":{"line":467,"column":51}},"108":{"start":{"line":486,"column":10},"end":{"line":492,"column":12}},"109":{"start":{"line":512,"column":36},"end":{"line":515,"column":13}},"110":{"start":{"line":529,"column":34},"end":{"line":532,"column":11}},"111":{"start":{"line":551,"column":15},"end":{"line":880,"column":2}}},"fnMap":{"0":{"name":"CategorySection","decl":{"start":{"line":44,"column":9},"end":{"line":44,"column":24}},"loc":{"start":{"line":54,"column":3},"end":{"line":82,"column":1}},"line":54},"1":{"name":"(anonymous_1)","decl":{"start":{"line":71,"column":19},"end":{"line":71,"column":20}},"loc":{"start":{"line":72,"column":10},"end":{"line":77,"column":12}},"line":72},"2":{"name":"(anonymous_2)","decl":{"start":{"line":75,"column":22},"end":{"line":75,"column":23}},"loc":{"start":{"line":75,"column":28},"end":{"line":75,"column":50}},"line":75},"3":{"name":"GroceryItemCard","decl":{"start":{"line":85,"column":9},"end":{"line":85,"column":24}},"loc":{"start":{"line":93,"column":3},"end":{"line":139,"column":1}},"line":93},"4":{"name":"(anonymous_4)","decl":{"start":{"line":103,"column":15},"end":{"line":103,"column":16}},"loc":{"start":{"line":103,"column":32},"end":{"line":107,"column":9}},"line":103},"5":{"name":"ViewToggle","decl":{"start":{"line":142,"column":9},"end":{"line":142,"column":19}},"loc":{"start":{"line":148,"column":3},"end":{"line":185,"column":1}},"line":148},"6":{"name":"(anonymous_6)","decl":{"start":{"line":156,"column":17},"end":{"line":156,"column":18}},"loc":{"start":{"line":156,"column":23},"end":{"line":156,"column":44}},"line":156},"7":{"name":"(anonymous_7)","decl":{"start":{"line":172,"column":17},"end":{"line":172,"column":18}},"loc":{"start":{"line":172,"column":23},"end":{"line":172,"column":45}},"line":172},"8":{"name":"ChangeBanner","decl":{"start":{"line":188,"column":9},"end":{"line":188,"column":21}},"loc":{"start":{"line":194,"column":3},"end":{"line":223,"column":1}},"line":194},"9":{"name":"(anonymous_9)","decl":{"start":{"line":203,"column":17},"end":{"line":203,"column":18}},"loc":{"start":{"line":203,"column":34},"end":{"line":206,"column":11}},"line":203},"10":{"name":"(anonymous_10)","decl":{"start":{"line":212,"column":17},"end":{"line":212,"column":18}},"loc":{"start":{"line":212,"column":34},"end":{"line":215,"column":11}},"line":212},"11":{"name":"GroceryListScreen","decl":{"start":{"line":225,"column":24},"end":{"line":225,"column":41}},"loc":{"start":{"line":225,"column":44},"end":{"line":549,"column":1}},"line":225},"12":{"name":"(anonymous_12)","decl":{"start":{"line":270,"column":12},"end":{"line":270,"column":13}},"loc":{"start":{"line":270,"column":18},"end":{"line":283,"column":3}},"line":270},"13":{"name":"(anonymous_13)","decl":{"start":{"line":280,"column":15},"end":{"line":280,"column":16}},"loc":{"start":{"line":280,"column":24},"end":{"line":280,"column":73}},"line":280},"14":{"name":"(anonymous_14)","decl":{"start":{"line":281,"column":17},"end":{"line":281,"column":18}},"loc":{"start":{"line":281,"column":23},"end":{"line":281,"column":43}},"line":281},"15":{"name":"(anonymous_15)","decl":{"start":{"line":286,"column":30},"end":{"line":286,"column":31}},"loc":{"start":{"line":286,"column":36},"end":{"line":297,"column":3}},"line":286},"16":{"name":"(anonymous_16)","decl":{"start":{"line":299,"column":21},"end":{"line":299,"column":22}},"loc":{"start":{"line":299,"column":56},"end":{"line":305,"column":3}},"line":299},"17":{"name":"(anonymous_17)","decl":{"start":{"line":308,"column":21},"end":{"line":308,"column":22}},"loc":{"start":{"line":308,"column":33},"end":{"line":316,"column":3}},"line":308},"18":{"name":"(anonymous_18)","decl":{"start":{"line":319,"column":30},"end":{"line":319,"column":31}},"loc":{"start":{"line":319,"column":42},"end":{"line":328,"column":3}},"line":319},"19":{"name":"(anonymous_19)","decl":{"start":{"line":331,"column":29},"end":{"line":331,"column":30}},"loc":{"start":{"line":331,"column":41},"end":{"line":338,"column":3}},"line":331},"20":{"name":"(anonymous_20)","decl":{"start":{"line":341,"column":36},"end":{"line":341,"column":37}},"loc":{"start":{"line":341,"column":42},"end":{"line":353,"column":3}},"line":341},"21":{"name":"(anonymous_21)","decl":{"start":{"line":356,"column":37},"end":{"line":356,"column":38}},"loc":{"start":{"line":356,"column":43},"end":{"line":368,"column":3}},"line":356},"22":{"name":"(anonymous_22)","decl":{"start":{"line":373,"column":51},"end":{"line":373,"column":52}},"loc":{"start":{"line":373,"column":61},"end":{"line":373,"column":75}},"line":373},"23":{"name":"(anonymous_23)","decl":{"start":{"line":400,"column":58},"end":{"line":400,"column":59}},"loc":{"start":{"line":400,"column":64},"end":{"line":400,"column":77}},"line":400},"24":{"name":"(anonymous_24)","decl":{"start":{"line":432,"column":23},"end":{"line":432,"column":24}},"loc":{"start":{"line":432,"column":40},"end":{"line":435,"column":17}},"line":432},"25":{"name":"(anonymous_25)","decl":{"start":{"line":454,"column":56},"end":{"line":454,"column":57}},"loc":{"start":{"line":454,"column":62},"end":{"line":454,"column":75}},"line":454},"26":{"name":"(anonymous_26)","decl":{"start":{"line":467,"column":21},"end":{"line":467,"column":22}},"loc":{"start":{"line":467,"column":27},"end":{"line":467,"column":51}},"line":467},"27":{"name":"(anonymous_27)","decl":{"start":{"line":485,"column":45},"end":{"line":485,"column":46}},"loc":{"start":{"line":486,"column":10},"end":{"line":492,"column":12}},"line":486},"28":{"name":"(anonymous_28)","decl":{"start":{"line":512,"column":19},"end":{"line":512,"column":20}},"loc":{"start":{"line":512,"column":36},"end":{"line":515,"column":13}},"line":512},"29":{"name":"(anonymous_29)","decl":{"start":{"line":529,"column":17},"end":{"line":529,"column":18}},"loc":{"start":{"line":529,"column":34},"end":{"line":532,"column":11}},"line":529}},"branchMap":{"0":{"loc":{"start":{"line":55,"column":2},"end":{"line":55,"column":38}},"type":"if","locations":[{"start":{"line":55,"column":2},"end":{"line":55,"column":38}},{"start":{},"end":{}}],"line":55},"1":{"loc":{"start":{"line":94,"column":19},"end":{"line":94,"column":80}},"type":"cond-expr","locations":[{"start":{"line":94,"column":33},"end":{"line":94,"column":75}},{"start":{"line":94,"column":78},"end":{"line":94,"column":80}}],"line":94},"2":{"loc":{"start":{"line":94,"column":51},"end":{"line":94,"column":66}},"type":"binary-expr","locations":[{"start":{"line":94,"column":51},"end":{"line":94,"column":60}},{"start":{"line":94,"column":64},"end":{"line":94,"column":66}}],"line":94},"3":{"loc":{"start":{"line":95,"column":16},"end":{"line":95,"column":58}},"type":"cond-expr","locations":[{"start":{"line":95,"column":29},"end":{"line":95,"column":53}},{"start":{"line":95,"column":56},"end":{"line":95,"column":58}}],"line":95},"4":{"loc":{"start":{"line":105,"column":10},"end":{"line":105,"column":50}},"type":"binary-expr","locations":[{"start":{"line":105,"column":10},"end":{"line":105,"column":24}},{"start":{"line":105,"column":28},"end":{"line":105,"column":50}}],"line":105},"5":{"loc":{"start":{"line":106,"column":10},"end":{"line":106,"column":39}},"type":"binary-expr","locations":[{"start":{"line":106,"column":10},"end":{"line":106,"column":17}},{"start":{"line":106,"column":21},"end":{"line":106,"column":39}}],"line":106},"6":{"loc":{"start":{"line":111,"column":39},"end":{"line":111,"column":79}},"type":"binary-expr","locations":[{"start":{"line":111,"column":39},"end":{"line":111,"column":53}},{"start":{"line":111,"column":57},"end":{"line":111,"column":79}}],"line":111},"7":{"loc":{"start":{"line":112,"column":11},"end":{"line":114,"column":11}},"type":"binary-expr","locations":[{"start":{"line":112,"column":11},"end":{"line":112,"column":25}},{"start":{"line":113,"column":12},"end":{"line":113,"column":76}}],"line":112},"8":{"loc":{"start":{"line":120,"column":37},"end":{"line":120,"column":77}},"type":"binary-expr","locations":[{"start":{"line":120,"column":37},"end":{"line":120,"column":51}},{"start":{"line":120,"column":55},"end":{"line":120,"column":77}}],"line":120},"9":{"loc":{"start":{"line":124,"column":11},"end":{"line":128,"column":11}},"type":"binary-expr","locations":[{"start":{"line":124,"column":11},"end":{"line":124,"column":26}},{"start":{"line":125,"column":12},"end":{"line":127,"column":19}}],"line":124},"10":{"loc":{"start":{"line":133,"column":11},"end":{"line":133,"column":74}},"type":"binary-expr","locations":[{"start":{"line":133,"column":11},"end":{"line":133,"column":19}},{"start":{"line":133,"column":23},"end":{"line":133,"column":74}}],"line":133},"11":{"loc":{"start":{"line":134,"column":11},"end":{"line":134,"column":65}},"type":"binary-expr","locations":[{"start":{"line":134,"column":11},"end":{"line":134,"column":16}},{"start":{"line":134,"column":20},"end":{"line":134,"column":65}}],"line":134},"12":{"loc":{"start":{"line":154,"column":10},"end":{"line":154,"column":61}},"type":"binary-expr","locations":[{"start":{"line":154,"column":10},"end":{"line":154,"column":32}},{"start":{"line":154,"column":36},"end":{"line":154,"column":61}}],"line":154},"13":{"loc":{"start":{"line":161,"column":12},"end":{"line":161,"column":67}},"type":"binary-expr","locations":[{"start":{"line":161,"column":12},"end":{"line":161,"column":34}},{"start":{"line":161,"column":38},"end":{"line":161,"column":67}}],"line":161},"14":{"loc":{"start":{"line":170,"column":10},"end":{"line":170,"column":62}},"type":"binary-expr","locations":[{"start":{"line":170,"column":10},"end":{"line":170,"column":33}},{"start":{"line":170,"column":37},"end":{"line":170,"column":62}}],"line":170},"15":{"loc":{"start":{"line":177,"column":12},"end":{"line":177,"column":68}},"type":"binary-expr","locations":[{"start":{"line":177,"column":12},"end":{"line":177,"column":35}},{"start":{"line":177,"column":39},"end":{"line":177,"column":68}}],"line":177},"16":{"loc":{"start":{"line":205,"column":12},"end":{"line":205,"column":55}},"type":"binary-expr","locations":[{"start":{"line":205,"column":12},"end":{"line":205,"column":19}},{"start":{"line":205,"column":23},"end":{"line":205,"column":55}}],"line":205},"17":{"loc":{"start":{"line":214,"column":12},"end":{"line":214,"column":39}},"type":"binary-expr","locations":[{"start":{"line":214,"column":12},"end":{"line":214,"column":19}},{"start":{"line":214,"column":23},"end":{"line":214,"column":39}}],"line":214},"18":{"loc":{"start":{"line":237,"column":23},"end":{"line":237,"column":55}},"type":"binary-expr","locations":[{"start":{"line":237,"column":23},"end":{"line":237,"column":38}},{"start":{"line":237,"column":42},"end":{"line":237,"column":55}}],"line":237},"19":{"loc":{"start":{"line":243,"column":4},"end":{"line":243,"column":45}},"type":"cond-expr","locations":[{"start":{"line":243,"column":19},"end":{"line":243,"column":36}},{"start":{"line":243,"column":39},"end":{"line":243,"column":45}}],"line":243},"20":{"loc":{"start":{"line":249,"column":4},"end":{"line":249,"column":31}},"type":"cond-expr","locations":[{"start":{"line":249,"column":20},"end":{"line":249,"column":22}},{"start":{"line":249,"column":25},"end":{"line":249,"column":31}}],"line":249},"21":{"loc":{"start":{"line":253,"column":23},"end":{"line":253,"column":59}},"type":"cond-expr","locations":[{"start":{"line":253,"column":38},"end":{"line":253,"column":46}},{"start":{"line":253,"column":49},"end":{"line":253,"column":59}}],"line":253},"22":{"loc":{"start":{"line":258,"column":4},"end":{"line":258,"column":77}},"type":"cond-expr","locations":[{"start":{"line":258,"column":40},"end":{"line":258,"column":68}},{"start":{"line":258,"column":71},"end":{"line":258,"column":77}}],"line":258},"23":{"loc":{"start":{"line":258,"column":4},"end":{"line":258,"column":37}},"type":"binary-expr","locations":[{"start":{"line":258,"column":4},"end":{"line":258,"column":16}},{"start":{"line":258,"column":20},"end":{"line":258,"column":37}}],"line":258},"24":{"loc":{"start":{"line":271,"column":4},"end":{"line":282,"column":5}},"type":"if","locations":[{"start":{"line":271,"column":4},"end":{"line":282,"column":5}},{"start":{},"end":{}}],"line":271},"25":{"loc":{"start":{"line":272,"column":6},"end":{"line":275,"column":17}},"type":"binary-expr","locations":[{"start":{"line":272,"column":6},"end":{"line":272,"column":18}},{"start":{"line":273,"column":6},"end":{"line":273,"column":23}},{"start":{"line":274,"column":6},"end":{"line":274,"column":33}},{"start":{"line":275,"column":6},"end":{"line":275,"column":17}}],"line":272},"26":{"loc":{"start":{"line":287,"column":4},"end":{"line":287,"column":45}},"type":"if","locations":[{"start":{"line":287,"column":4},"end":{"line":287,"column":45}},{"start":{},"end":{}}],"line":287},"27":{"loc":{"start":{"line":309,"column":4},"end":{"line":309,"column":35}},"type":"if","locations":[{"start":{"line":309,"column":4},"end":{"line":309,"column":35}},{"start":{},"end":{}}],"line":309},"28":{"loc":{"start":{"line":321,"column":4},"end":{"line":321,"column":47}},"type":"if","locations":[{"start":{"line":321,"column":4},"end":{"line":321,"column":47}},{"start":{},"end":{}}],"line":321},"29":{"loc":{"start":{"line":321,"column":8},"end":{"line":321,"column":38}},"type":"binary-expr","locations":[{"start":{"line":321,"column":8},"end":{"line":321,"column":16}},{"start":{"line":321,"column":20},"end":{"line":321,"column":38}}],"line":321},"30":{"loc":{"start":{"line":332,"column":4},"end":{"line":332,"column":35}},"type":"if","locations":[{"start":{"line":332,"column":4},"end":{"line":332,"column":35}},{"start":{},"end":{}}],"line":332},"31":{"loc":{"start":{"line":342,"column":4},"end":{"line":342,"column":40}},"type":"if","locations":[{"start":{"line":342,"column":4},"end":{"line":342,"column":40}},{"start":{},"end":{}}],"line":342},"32":{"loc":{"start":{"line":347,"column":23},"end":{"line":347,"column":44}},"type":"binary-expr","locations":[{"start":{"line":347,"column":23},"end":{"line":347,"column":33}},{"start":{"line":347,"column":37},"end":{"line":347,"column":44}}],"line":347},"33":{"loc":{"start":{"line":348,"column":6},"end":{"line":348,"column":51}},"type":"if","locations":[{"start":{"line":348,"column":6},"end":{"line":348,"column":51}},{"start":{},"end":{}}],"line":348},"34":{"loc":{"start":{"line":357,"column":4},"end":{"line":357,"column":40}},"type":"if","locations":[{"start":{"line":357,"column":4},"end":{"line":357,"column":40}},{"start":{},"end":{}}],"line":357},"35":{"loc":{"start":{"line":362,"column":24},"end":{"line":362,"column":73}},"type":"binary-expr","locations":[{"start":{"line":362,"column":24},"end":{"line":362,"column":56}},{"start":{"line":362,"column":60},"end":{"line":362,"column":73}}],"line":362},"36":{"loc":{"start":{"line":363,"column":6},"end":{"line":363,"column":53}},"type":"if","locations":[{"start":{"line":363,"column":6},"end":{"line":363,"column":53}},{"start":{},"end":{}}],"line":363},"37":{"loc":{"start":{"line":370,"column":26},"end":{"line":370,"column":89}},"type":"cond-expr","locations":[{"start":{"line":370,"column":51},"end":{"line":370,"column":68}},{"start":{"line":370,"column":71},"end":{"line":370,"column":89}}],"line":370},"38":{"loc":{"start":{"line":372,"column":21},"end":{"line":372,"column":53}},"type":"binary-expr","locations":[{"start":{"line":372,"column":21},"end":{"line":372,"column":48}},{"start":{"line":372,"column":52},"end":{"line":372,"column":53}}],"line":372},"39":{"loc":{"start":{"line":373,"column":23},"end":{"line":373,"column":88}},"type":"binary-expr","locations":[{"start":{"line":373,"column":23},"end":{"line":373,"column":83}},{"start":{"line":373,"column":87},"end":{"line":373,"column":88}}],"line":373},"40":{"loc":{"start":{"line":377,"column":4},"end":{"line":379,"column":20}},"type":"binary-expr","locations":[{"start":{"line":377,"column":4},"end":{"line":377,"column":16}},{"start":{"line":378,"column":4},"end":{"line":378,"column":31}},{"start":{"line":379,"column":4},"end":{"line":379,"column":20}}],"line":377},"41":{"loc":{"start":{"line":382,"column":2},"end":{"line":393,"column":3}},"type":"if","locations":[{"start":{"line":382,"column":2},"end":{"line":393,"column":3}},{"start":{},"end":{}}],"line":382},"42":{"loc":{"start":{"line":382,"column":6},"end":{"line":382,"column":46}},"type":"binary-expr","locations":[{"start":{"line":382,"column":6},"end":{"line":382,"column":32}},{"start":{"line":382,"column":36},"end":{"line":382,"column":46}}],"line":382},"43":{"loc":{"start":{"line":388,"column":13},"end":{"line":388,"column":82}},"type":"cond-expr","locations":[{"start":{"line":388,"column":26},"end":{"line":388,"column":54}},{"start":{"line":388,"column":57},"end":{"line":388,"column":82}}],"line":388},"44":{"loc":{"start":{"line":396,"column":2},"end":{"line":445,"column":3}},"type":"if","locations":[{"start":{"line":396,"column":2},"end":{"line":445,"column":3}},{"start":{},"end":{}}],"line":396},"45":{"loc":{"start":{"line":396,"column":6},"end":{"line":396,"column":39}},"type":"binary-expr","locations":[{"start":{"line":396,"column":6},"end":{"line":396,"column":19}},{"start":{"line":396,"column":23},"end":{"line":396,"column":39}}],"line":396},"46":{"loc":{"start":{"line":412,"column":13},"end":{"line":414,"column":61}},"type":"cond-expr","locations":[{"start":{"line":413,"column":16},"end":{"line":413,"column":78}},{"start":{"line":414,"column":16},"end":{"line":414,"column":61}}],"line":412},"47":{"loc":{"start":{"line":419,"column":9},"end":{"line":442,"column":9}},"type":"binary-expr","locations":[{"start":{"line":419,"column":9},"end":{"line":419,"column":21}},{"start":{"line":420,"column":10},"end":{"line":441,"column":17}}],"line":419},"48":{"loc":{"start":{"line":434,"column":18},"end":{"line":434,"column":45}},"type":"binary-expr","locations":[{"start":{"line":434,"column":18},"end":{"line":434,"column":25}},{"start":{"line":434,"column":29},"end":{"line":434,"column":45}}],"line":434},"49":{"loc":{"start":{"line":459,"column":58},"end":{"line":459,"column":109}},"type":"cond-expr","locations":[{"start":{"line":459,"column":77},"end":{"line":459,"column":90}},{"start":{"line":459,"column":93},"end":{"line":459,"column":109}}],"line":459},"50":{"loc":{"start":{"line":464,"column":7},"end":{"line":469,"column":7}},"type":"binary-expr","locations":[{"start":{"line":464,"column":7},"end":{"line":464,"column":23}},{"start":{"line":465,"column":8},"end":{"line":468,"column":10}}],"line":464},"51":{"loc":{"start":{"line":514,"column":14},"end":{"line":514,"column":41}},"type":"binary-expr","locations":[{"start":{"line":514,"column":14},"end":{"line":514,"column":21}},{"start":{"line":514,"column":25},"end":{"line":514,"column":41}}],"line":514},"52":{"loc":{"start":{"line":531,"column":12},"end":{"line":531,"column":51}},"type":"binary-expr","locations":[{"start":{"line":531,"column":12},"end":{"line":531,"column":19}},{"start":{"line":531,"column":23},"end":{"line":531,"column":51}}],"line":531}},"s":{"0":138,"1":0,"2":138,"3":141,"4":1,"5":141,"6":141,"7":141,"8":141,"9":37,"10":1,"11":3,"12":3,"13":3,"14":3,"15":50,"16":50,"17":50,"18":50,"19":50,"20":50,"21":50,"22":50,"23":50,"24":50,"25":50,"26":50,"27":50,"28":50,"29":50,"30":50,"31":50,"32":40,"33":2,"34":2,"35":2,"36":0,"37":1,"38":50,"39":36,"40":5,"41":31,"42":31,"43":31,"44":31,"45":31,"46":31,"47":0,"48":50,"49":1,"50":1,"51":0,"52":50,"53":1,"54":0,"55":1,"56":1,"57":1,"58":0,"59":50,"60":3,"61":3,"62":1,"63":2,"64":2,"65":2,"66":0,"67":50,"68":1,"69":0,"70":1,"71":1,"72":0,"73":50,"74":38,"75":6,"76":32,"77":32,"78":107,"79":107,"80":107,"81":107,"82":32,"83":50,"84":38,"85":6,"86":32,"87":32,"88":107,"89":107,"90":80,"91":107,"92":32,"93":50,"94":50,"95":50,"96":141,"97":50,"98":50,"99":50,"100":6,"101":44,"102":7,"103":0,"104":4,"105":37,"106":1,"107":1,"108":138,"109":37,"110":37,"111":1},"f":{"0":138,"1":141,"2":1,"3":141,"4":141,"5":37,"6":1,"7":3,"8":3,"9":3,"10":3,"11":50,"12":40,"13":0,"14":1,"15":36,"16":1,"17":1,"18":3,"19":1,"20":38,"21":38,"22":141,"23":0,"24":4,"25":1,"26":1,"27":138,"28":37,"29":37},"b":{"0":[0,138],"1":[137,4],"2":[137,34],"3":[138,3],"4":[141,37],"5":[141,0],"6":[141,37],"7":[141,37],"8":[141,37],"9":[141,103],"10":[141,137],"11":[141,138],"12":[37,34],"13":[37,34],"14":[37,3],"15":[37,3],"16":[3,0],"17":[3,0],"18":[50,45],"19":[45,5],"20":[5,45],"21":[45,5],"22":[37,13],"23":[50,45],"24":[2,38],"25":[40,35,2,2],"26":[5,31],"27":[0,1],"28":[1,2],"29":[3,2],"30":[0,1],"31":[6,32],"32":[107,2],"33":[107,0],"34":[6,32],"35":[107,28],"36":[80,27],"37":[47,3],"38":[50,13],"39":[50,16],"40":[50,45,3],"41":[6,44],"42":[50,44],"43":[2,4],"44":[7,37],"45":[44,41],"46":[5,2],"47":[7,4],"48":[4,0],"49":[34,3],"50":[37,3],"51":[37,0],"52":[37,0]},"_coverageSchema":"1a1c01bbd47fc00a2c39e90264f33305004495a9","hash":"855ff4f92e0488d6d74cdfbdc864534ec77dcf26"}
,"D:\\xamp\\htdocs\\everyday_food\\app\\import.tsx": {"path":"D:\\xamp\\htdocs\\everyday_food\\app\\import.tsx","statementMap":{"0":{"start":{"line":34,"column":24},"end":{"line":34,"column":36}},"1":{"start":{"line":35,"column":36},"end":{"line":35,"column":51}},"2":{"start":{"line":36,"column":42},"end":{"line":36,"column":53}},"3":{"start":{"line":39,"column":19},"end":{"line":39,"column":36}},"4":{"start":{"line":41,"column":28},"end":{"line":45,"column":4}},"5":{"start":{"line":42,"column":4},"end":{"line":44,"column":6}},"6":{"start":{"line":47,"column":23},"end":{"line":70,"column":3}},"7":{"start":{"line":48,"column":4},"end":{"line":48,"column":28}},"8":{"start":{"line":48,"column":21},"end":{"line":48,"column":28}},"9":{"start":{"line":50,"column":4},"end":{"line":50,"column":23}},"10":{"start":{"line":51,"column":4},"end":{"line":55,"column":6}},"11":{"start":{"line":58,"column":19},"end":{"line":58,"column":20}},"12":{"start":{"line":59,"column":21},"end":{"line":69,"column":11}},"13":{"start":{"line":60,"column":6},"end":{"line":60,"column":21}},"14":{"start":{"line":61,"column":6},"end":{"line":61,"column":32}},"15":{"start":{"line":62,"column":6},"end":{"line":68,"column":7}},"16":{"start":{"line":63,"column":8},"end":{"line":63,"column":32}},"17":{"start":{"line":64,"column":8},"end":{"line":64,"column":28}},"18":{"start":{"line":65,"column":8},"end":{"line":65,"column":27}},"19":{"start":{"line":67,"column":8},"end":{"line":67,"column":22}},"20":{"start":{"line":72,"column":2},"end":{"line":222,"column":4}},"21":{"start":{"line":82,"column":27},"end":{"line":82,"column":40}},"22":{"start":{"line":126,"column":36},"end":{"line":130,"column":13}},"23":{"start":{"line":144,"column":18},"end":{"line":144,"column":78}},"24":{"start":{"line":149,"column":18},"end":{"line":149,"column":78}},"25":{"start":{"line":178,"column":38},"end":{"line":181,"column":15}},"26":{"start":{"line":182,"column":29},"end":{"line":182,"column":58}},"27":{"start":{"line":191,"column":38},"end":{"line":194,"column":15}},"28":{"start":{"line":225,"column":15},"end":{"line":468,"column":2}}},"fnMap":{"0":{"name":"ImportScreen","decl":{"start":{"line":33,"column":24},"end":{"line":33,"column":36}},"loc":{"start":{"line":33,"column":39},"end":{"line":223,"column":1}},"line":33},"1":{"name":"(anonymous_1)","decl":{"start":{"line":41,"column":45},"end":{"line":41,"column":46}},"loc":{"start":{"line":41,"column":51},"end":{"line":45,"column":3}},"line":41},"2":{"name":"(anonymous_2)","decl":{"start":{"line":47,"column":23},"end":{"line":47,"column":24}},"loc":{"start":{"line":47,"column":29},"end":{"line":70,"column":3}},"line":47},"3":{"name":"(anonymous_3)","decl":{"start":{"line":59,"column":33},"end":{"line":59,"column":34}},"loc":{"start":{"line":59,"column":39},"end":{"line":69,"column":5}},"line":59},"4":{"name":"(anonymous_4)","decl":{"start":{"line":82,"column":21},"end":{"line":82,"column":22}},"loc":{"start":{"line":82,"column":27},"end":{"line":82,"column":40}},"line":82},"5":{"name":"(anonymous_5)","decl":{"start":{"line":126,"column":19},"end":{"line":126,"column":20}},"loc":{"start":{"line":126,"column":36},"end":{"line":130,"column":13}},"line":126},"6":{"name":"(anonymous_6)","decl":{"start":{"line":143,"column":46},"end":{"line":143,"column":47}},"loc":{"start":{"line":144,"column":18},"end":{"line":144,"column":78}},"line":144},"7":{"name":"(anonymous_7)","decl":{"start":{"line":148,"column":46},"end":{"line":148,"column":47}},"loc":{"start":{"line":149,"column":18},"end":{"line":149,"column":78}},"line":149},"8":{"name":"(anonymous_8)","decl":{"start":{"line":178,"column":21},"end":{"line":178,"column":22}},"loc":{"start":{"line":178,"column":38},"end":{"line":181,"column":15}},"line":178},"9":{"name":"(anonymous_9)","decl":{"start":{"line":182,"column":23},"end":{"line":182,"column":24}},"loc":{"start":{"line":182,"column":29},"end":{"line":182,"column":58}},"line":182},"10":{"name":"(anonymous_10)","decl":{"start":{"line":191,"column":21},"end":{"line":191,"column":22}},"loc":{"start":{"line":191,"column":38},"end":{"line":194,"column":15}},"line":191}},"branchMap":{"0":{"loc":{"start":{"line":48,"column":4},"end":{"line":48,"column":28}},"type":"if","locations":[{"start":{"line":48,"column":4},"end":{"line":48,"column":28}},{"start":{},"end":{}}],"line":48},"1":{"loc":{"start":{"line":62,"column":6},"end":{"line":68,"column":7}},"type":"if","locations":[{"start":{"line":62,"column":6},"end":{"line":68,"column":7}},{"start":{},"end":{}}],"line":62},"2":{"loc":{"start":{"line":76,"column":18},"end":{"line":76,"column":62}},"type":"cond-expr","locations":[{"start":{"line":76,"column":42},"end":{"line":76,"column":51}},{"start":{"line":76,"column":54},"end":{"line":76,"column":62}}],"line":76},"3":{"loc":{"start":{"line":128,"column":14},"end":{"line":128,"column":51}},"type":"binary-expr","locations":[{"start":{"line":128,"column":14},"end":{"line":128,"column":21}},{"start":{"line":128,"column":25},"end":{"line":128,"column":51}}],"line":128},"4":{"loc":{"start":{"line":129,"column":14},"end":{"line":129,"column":56}},"type":"binary-expr","locations":[{"start":{"line":129,"column":14},"end":{"line":129,"column":25}},{"start":{"line":129,"column":29},"end":{"line":129,"column":56}}],"line":129},"5":{"loc":{"start":{"line":132,"column":22},"end":{"line":132,"column":46}},"type":"binary-expr","locations":[{"start":{"line":132,"column":22},"end":{"line":132,"column":33}},{"start":{"line":132,"column":37},"end":{"line":132,"column":46}}],"line":132},"6":{"loc":{"start":{"line":157,"column":22},"end":{"line":157,"column":55}},"type":"cond-expr","locations":[{"start":{"line":157,"column":34},"end":{"line":157,"column":40}},{"start":{"line":157,"column":43},"end":{"line":157,"column":55}}],"line":157},"7":{"loc":{"start":{"line":163,"column":13},"end":{"line":165,"column":13}},"type":"binary-expr","locations":[{"start":{"line":163,"column":13},"end":{"line":163,"column":22}},{"start":{"line":164,"column":14},"end":{"line":164,"column":64}}],"line":163},"8":{"loc":{"start":{"line":180,"column":16},"end":{"line":180,"column":51}},"type":"binary-expr","locations":[{"start":{"line":180,"column":16},"end":{"line":180,"column":23}},{"start":{"line":180,"column":27},"end":{"line":180,"column":51}}],"line":180},"9":{"loc":{"start":{"line":193,"column":16},"end":{"line":193,"column":51}},"type":"binary-expr","locations":[{"start":{"line":193,"column":16},"end":{"line":193,"column":23}},{"start":{"line":193,"column":27},"end":{"line":193,"column":51}}],"line":193},"10":{"loc":{"start":{"line":204,"column":11},"end":{"line":218,"column":11}},"type":"binary-expr","locations":[{"start":{"line":204,"column":11},"end":{"line":204,"column":20}},{"start":{"line":205,"column":12},"end":{"line":217,"column":19}}],"line":204}},"s":{"0":0,"1":0,"2":0,"3":0,"4":0,"5":0,"6":0,"7":0,"8":0,"9":0,"10":0,"11":0,"12":0,"13":0,"14":0,"15":0,"16":0,"17":0,"18":0,"19":0,"20":0,"21":0,"22":0,"23":0,"24":0,"25":0,"26":0,"27":0,"28":0},"f":{"0":0,"1":0,"2":0,"3":0,"4":0,"5":0,"6":0,"7":0,"8":0,"9":0,"10":0},"b":{"0":[0,0],"1":[0,0],"2":[0,0],"3":[0,0],"4":[0,0],"5":[0,0],"6":[0,0],"7":[0,0],"8":[0,0],"9":[0,0],"10":[0,0]}}
,"D:\\xamp\\htdocs\\everyday_food\\app\\manual-recipe.tsx": {"path":"D:\\xamp\\htdocs\\everyday_food\\app\\manual-recipe.tsx","statementMap":{"0":{"start":{"line":45,"column":40},"end":{"line":45,"column":51}},"1":{"start":{"line":46,"column":34},"end":{"line":46,"column":49}},"2":{"start":{"line":49,"column":28},"end":{"line":49,"column":40}},"3":{"start":{"line":50,"column":34},"end":{"line":50,"column":47}},"4":{"start":{"line":51,"column":34},"end":{"line":51,"column":46}},"5":{"start":{"line":52,"column":34},"end":{"line":52,"column":46}},"6":{"start":{"line":53,"column":38},"end":{"line":53,"column":64}},"7":{"start":{"line":56,"column":40},"end":{"line":58,"column":4}},"8":{"start":{"line":61,"column":28},"end":{"line":61,"column":76}},"9":{"start":{"line":64,"column":40},"end":{"line":64,"column":52}},"10":{"start":{"line":65,"column":32},"end":{"line":65,"column":44}},"11":{"start":{"line":67,"column":23},"end":{"line":67,"column":60}},"12":{"start":{"line":69,"column":23},"end":{"line":98,"column":3}},"13":{"start":{"line":70,"column":4},"end":{"line":97,"column":5}},"14":{"start":{"line":72,"column":8},"end":{"line":75,"column":9}},"15":{"start":{"line":73,"column":10},"end":{"line":73,"column":65}},"16":{"start":{"line":74,"column":10},"end":{"line":74,"column":23}},"17":{"start":{"line":76,"column":8},"end":{"line":79,"column":9}},"18":{"start":{"line":77,"column":10},"end":{"line":77,"column":65}},"19":{"start":{"line":78,"column":10},"end":{"line":78,"column":23}},"20":{"start":{"line":80,"column":8},"end":{"line":80,"column":20}},"21":{"start":{"line":82,"column":33},"end":{"line":82,"column":73}},"22":{"start":{"line":82,"column":59},"end":{"line":82,"column":72}},"23":{"start":{"line":83,"column":8},"end":{"line":86,"column":9}},"24":{"start":{"line":84,"column":10},"end":{"line":84,"column":72}},"25":{"start":{"line":85,"column":10},"end":{"line":85,"column":23}},"26":{"start":{"line":87,"column":8},"end":{"line":87,"column":20}},"27":{"start":{"line":89,"column":27},"end":{"line":89,"column":68}},"28":{"start":{"line":89,"column":47},"end":{"line":89,"column":67}},"29":{"start":{"line":90,"column":8},"end":{"line":93,"column":9}},"30":{"start":{"line":91,"column":10},"end":{"line":91,"column":66}},"31":{"start":{"line":92,"column":10},"end":{"line":92,"column":23}},"32":{"start":{"line":94,"column":8},"end":{"line":94,"column":20}},"33":{"start":{"line":96,"column":8},"end":{"line":96,"column":20}},"34":{"start":{"line":100,"column":21},"end":{"line":104,"column":3}},"35":{"start":{"line":101,"column":4},"end":{"line":103,"column":5}},"36":{"start":{"line":102,"column":6},"end":{"line":102,"column":38}},"37":{"start":{"line":106,"column":21},"end":{"line":112,"column":3}},"38":{"start":{"line":107,"column":4},"end":{"line":111,"column":5}},"39":{"start":{"line":108,"column":6},"end":{"line":108,"column":38}},"40":{"start":{"line":110,"column":6},"end":{"line":110,"column":20}},"41":{"start":{"line":114,"column":21},"end":{"line":153,"column":3}},"42":{"start":{"line":115,"column":4},"end":{"line":115,"column":43}},"43":{"start":{"line":115,"column":36},"end":{"line":115,"column":43}},"44":{"start":{"line":117,"column":4},"end":{"line":117,"column":22}},"45":{"start":{"line":118,"column":4},"end":{"line":152,"column":5}},"46":{"start":{"line":119,"column":31},"end":{"line":125,"column":11}},"47":{"start":{"line":120,"column":23},"end":{"line":120,"column":36}},"48":{"start":{"line":121,"column":21},"end":{"line":125,"column":9}},"49":{"start":{"line":127,"column":25},"end":{"line":131,"column":11}},"50":{"start":{"line":128,"column":23},"end":{"line":128,"column":43}},"51":{"start":{"line":129,"column":21},"end":{"line":131,"column":9}},"52":{"start":{"line":133,"column":21},"end":{"line":144,"column":8}},"53":{"start":{"line":146,"column":6},"end":{"line":146,"column":51}},"54":{"start":{"line":148,"column":6},"end":{"line":148,"column":55}},"55":{"start":{"line":149,"column":6},"end":{"line":149,"column":71}},"56":{"start":{"line":151,"column":6},"end":{"line":151,"column":25}},"57":{"start":{"line":155,"column":24},"end":{"line":160,"column":3}},"58":{"start":{"line":156,"column":4},"end":{"line":159,"column":7}},"59":{"start":{"line":162,"column":27},"end":{"line":166,"column":3}},"60":{"start":{"line":163,"column":4},"end":{"line":165,"column":5}},"61":{"start":{"line":164,"column":6},"end":{"line":164,"column":61}},"62":{"start":{"line":164,"column":47},"end":{"line":164,"column":58}},"63":{"start":{"line":168,"column":27},"end":{"line":172,"column":3}},"64":{"start":{"line":169,"column":4},"end":{"line":171,"column":6}},"65":{"start":{"line":170,"column":30},"end":{"line":170,"column":72}},"66":{"start":{"line":174,"column":18},"end":{"line":176,"column":3}},"67":{"start":{"line":175,"column":4},"end":{"line":175,"column":73}},"68":{"start":{"line":178,"column":21},"end":{"line":182,"column":3}},"69":{"start":{"line":179,"column":4},"end":{"line":181,"column":5}},"70":{"start":{"line":180,"column":6},"end":{"line":180,"column":49}},"71":{"start":{"line":180,"column":35},"end":{"line":180,"column":46}},"72":{"start":{"line":184,"column":21},"end":{"line":186,"column":3}},"73":{"start":{"line":185,"column":4},"end":{"line":185,"column":74}},"74":{"start":{"line":185,"column":31},"end":{"line":185,"column":70}},"75":{"start":{"line":188,"column":30},"end":{"line":216,"column":3}},"76":{"start":{"line":189,"column":4},"end":{"line":215,"column":11}},"77":{"start":{"line":191,"column":8},"end":{"line":213,"column":15}},"78":{"start":{"line":218,"column":26},"end":{"line":297,"column":3}},"79":{"start":{"line":219,"column":4},"end":{"line":296,"column":20}},"80":{"start":{"line":276,"column":12},"end":{"line":292,"column":24}},"81":{"start":{"line":282,"column":29},"end":{"line":282,"column":49}},"82":{"start":{"line":299,"column":28},"end":{"line":355,"column":3}},"83":{"start":{"line":300,"column":4},"end":{"line":354,"column":20}},"84":{"start":{"line":305,"column":8},"end":{"line":341,"column":24}},"85":{"start":{"line":319,"column":35},"end":{"line":319,"column":77}},"86":{"start":{"line":327,"column":37},"end":{"line":327,"column":81}},"87":{"start":{"line":337,"column":27},"end":{"line":337,"column":58}},"88":{"start":{"line":345,"column":32},"end":{"line":348,"column":9}},"89":{"start":{"line":357,"column":22},"end":{"line":401,"column":3}},"90":{"start":{"line":358,"column":4},"end":{"line":400,"column":20}},"91":{"start":{"line":363,"column":8},"end":{"line":387,"column":24}},"92":{"start":{"line":376,"column":33},"end":{"line":376,"column":55}},"93":{"start":{"line":383,"column":27},"end":{"line":383,"column":46}},"94":{"start":{"line":391,"column":32},"end":{"line":394,"column":9}},"95":{"start":{"line":403,"column":23},"end":{"line":434,"column":3}},"96":{"start":{"line":404,"column":4},"end":{"line":433,"column":20}},"97":{"start":{"line":436,"column":28},"end":{"line":449,"column":3}},"98":{"start":{"line":437,"column":4},"end":{"line":448,"column":5}},"99":{"start":{"line":439,"column":8},"end":{"line":439,"column":33}},"100":{"start":{"line":441,"column":8},"end":{"line":441,"column":35}},"101":{"start":{"line":443,"column":8},"end":{"line":443,"column":29}},"102":{"start":{"line":445,"column":8},"end":{"line":445,"column":30}},"103":{"start":{"line":447,"column":8},"end":{"line":447,"column":20}},"104":{"start":{"line":451,"column":21},"end":{"line":451,"column":69}},"105":{"start":{"line":453,"column":2},"end":{"line":516,"column":4}},"106":{"start":{"line":484,"column":38},"end":{"line":487,"column":15}},"107":{"start":{"line":495,"column":38},"end":{"line":499,"column":15}},"108":{"start":{"line":519,"column":15},"end":{"line":840,"column":2}}},"fnMap":{"0":{"name":"ManualRecipeScreen","decl":{"start":{"line":44,"column":24},"end":{"line":44,"column":42}},"loc":{"start":{"line":44,"column":45},"end":{"line":517,"column":1}},"line":44},"1":{"name":"(anonymous_1)","decl":{"start":{"line":69,"column":23},"end":{"line":69,"column":24}},"loc":{"start":{"line":69,"column":50},"end":{"line":98,"column":3}},"line":69},"2":{"name":"(anonymous_2)","decl":{"start":{"line":82,"column":52},"end":{"line":82,"column":53}},"loc":{"start":{"line":82,"column":59},"end":{"line":82,"column":72}},"line":82},"3":{"name":"(anonymous_3)","decl":{"start":{"line":89,"column":40},"end":{"line":89,"column":41}},"loc":{"start":{"line":89,"column":47},"end":{"line":89,"column":67}},"line":89},"4":{"name":"(anonymous_4)","decl":{"start":{"line":100,"column":21},"end":{"line":100,"column":22}},"loc":{"start":{"line":100,"column":27},"end":{"line":104,"column":3}},"line":100},"5":{"name":"(anonymous_5)","decl":{"start":{"line":106,"column":21},"end":{"line":106,"column":22}},"loc":{"start":{"line":106,"column":27},"end":{"line":112,"column":3}},"line":106},"6":{"name":"(anonymous_6)","decl":{"start":{"line":114,"column":21},"end":{"line":114,"column":22}},"loc":{"start":{"line":114,"column":33},"end":{"line":153,"column":3}},"line":114},"7":{"name":"(anonymous_7)","decl":{"start":{"line":120,"column":16},"end":{"line":120,"column":17}},"loc":{"start":{"line":120,"column":23},"end":{"line":120,"column":36}},"line":120},"8":{"name":"(anonymous_8)","decl":{"start":{"line":121,"column":13},"end":{"line":121,"column":14}},"loc":{"start":{"line":121,"column":21},"end":{"line":125,"column":9}},"line":121},"9":{"name":"(anonymous_9)","decl":{"start":{"line":128,"column":16},"end":{"line":128,"column":17}},"loc":{"start":{"line":128,"column":23},"end":{"line":128,"column":43}},"line":128},"10":{"name":"(anonymous_10)","decl":{"start":{"line":129,"column":13},"end":{"line":129,"column":14}},"loc":{"start":{"line":129,"column":21},"end":{"line":131,"column":9}},"line":129},"11":{"name":"(anonymous_11)","decl":{"start":{"line":155,"column":24},"end":{"line":155,"column":25}},"loc":{"start":{"line":155,"column":30},"end":{"line":160,"column":3}},"line":155},"12":{"name":"(anonymous_12)","decl":{"start":{"line":162,"column":27},"end":{"line":162,"column":28}},"loc":{"start":{"line":162,"column":43},"end":{"line":166,"column":3}},"line":162},"13":{"name":"(anonymous_13)","decl":{"start":{"line":164,"column":40},"end":{"line":164,"column":41}},"loc":{"start":{"line":164,"column":47},"end":{"line":164,"column":58}},"line":164},"14":{"name":"(anonymous_14)","decl":{"start":{"line":168,"column":27},"end":{"line":168,"column":28}},"loc":{"start":{"line":168,"column":83},"end":{"line":172,"column":3}},"line":168},"15":{"name":"(anonymous_15)","decl":{"start":{"line":170,"column":22},"end":{"line":170,"column":23}},"loc":{"start":{"line":170,"column":30},"end":{"line":170,"column":72}},"line":170},"16":{"name":"(anonymous_16)","decl":{"start":{"line":174,"column":18},"end":{"line":174,"column":19}},"loc":{"start":{"line":174,"column":24},"end":{"line":176,"column":3}},"line":174},"17":{"name":"(anonymous_17)","decl":{"start":{"line":178,"column":21},"end":{"line":178,"column":22}},"loc":{"start":{"line":178,"column":37},"end":{"line":182,"column":3}},"line":178},"18":{"name":"(anonymous_18)","decl":{"start":{"line":180,"column":28},"end":{"line":180,"column":29}},"loc":{"start":{"line":180,"column":35},"end":{"line":180,"column":46}},"line":180},"19":{"name":"(anonymous_19)","decl":{"start":{"line":184,"column":21},"end":{"line":184,"column":22}},"loc":{"start":{"line":184,"column":58},"end":{"line":186,"column":3}},"line":184},"20":{"name":"(anonymous_20)","decl":{"start":{"line":185,"column":23},"end":{"line":185,"column":24}},"loc":{"start":{"line":185,"column":31},"end":{"line":185,"column":70}},"line":185},"21":{"name":"(anonymous_21)","decl":{"start":{"line":188,"column":30},"end":{"line":188,"column":31}},"loc":{"start":{"line":189,"column":4},"end":{"line":215,"column":11}},"line":189},"22":{"name":"(anonymous_22)","decl":{"start":{"line":190,"column":24},"end":{"line":190,"column":25}},"loc":{"start":{"line":191,"column":8},"end":{"line":213,"column":15}},"line":191},"23":{"name":"(anonymous_23)","decl":{"start":{"line":218,"column":26},"end":{"line":218,"column":27}},"loc":{"start":{"line":219,"column":4},"end":{"line":296,"column":20}},"line":219},"24":{"name":"(anonymous_24)","decl":{"start":{"line":275,"column":53},"end":{"line":275,"column":54}},"loc":{"start":{"line":276,"column":12},"end":{"line":292,"column":24}},"line":276},"25":{"name":"(anonymous_25)","decl":{"start":{"line":282,"column":23},"end":{"line":282,"column":24}},"loc":{"start":{"line":282,"column":29},"end":{"line":282,"column":49}},"line":282},"26":{"name":"(anonymous_26)","decl":{"start":{"line":299,"column":28},"end":{"line":299,"column":29}},"loc":{"start":{"line":300,"column":4},"end":{"line":354,"column":20}},"line":300},"27":{"name":"(anonymous_27)","decl":{"start":{"line":304,"column":23},"end":{"line":304,"column":24}},"loc":{"start":{"line":305,"column":8},"end":{"line":341,"column":24}},"line":305},"28":{"name":"(anonymous_28)","decl":{"start":{"line":319,"column":28},"end":{"line":319,"column":29}},"loc":{"start":{"line":319,"column":35},"end":{"line":319,"column":77}},"line":319},"29":{"name":"(anonymous_29)","decl":{"start":{"line":327,"column":30},"end":{"line":327,"column":31}},"loc":{"start":{"line":327,"column":37},"end":{"line":327,"column":81}},"line":327},"30":{"name":"(anonymous_30)","decl":{"start":{"line":337,"column":21},"end":{"line":337,"column":22}},"loc":{"start":{"line":337,"column":27},"end":{"line":337,"column":58}},"line":337},"31":{"name":"(anonymous_31)","decl":{"start":{"line":345,"column":15},"end":{"line":345,"column":16}},"loc":{"start":{"line":345,"column":32},"end":{"line":348,"column":9}},"line":345},"32":{"name":"(anonymous_32)","decl":{"start":{"line":357,"column":22},"end":{"line":357,"column":23}},"loc":{"start":{"line":358,"column":4},"end":{"line":400,"column":20}},"line":358},"33":{"name":"(anonymous_33)","decl":{"start":{"line":362,"column":17},"end":{"line":362,"column":18}},"loc":{"start":{"line":363,"column":8},"end":{"line":387,"column":24}},"line":363},"34":{"name":"(anonymous_34)","decl":{"start":{"line":376,"column":26},"end":{"line":376,"column":27}},"loc":{"start":{"line":376,"column":33},"end":{"line":376,"column":55}},"line":376},"35":{"name":"(anonymous_35)","decl":{"start":{"line":383,"column":21},"end":{"line":383,"column":22}},"loc":{"start":{"line":383,"column":27},"end":{"line":383,"column":46}},"line":383},"36":{"name":"(anonymous_36)","decl":{"start":{"line":391,"column":15},"end":{"line":391,"column":16}},"loc":{"start":{"line":391,"column":32},"end":{"line":394,"column":9}},"line":391},"37":{"name":"(anonymous_37)","decl":{"start":{"line":403,"column":23},"end":{"line":403,"column":24}},"loc":{"start":{"line":404,"column":4},"end":{"line":433,"column":20}},"line":404},"38":{"name":"(anonymous_38)","decl":{"start":{"line":436,"column":28},"end":{"line":436,"column":29}},"loc":{"start":{"line":436,"column":34},"end":{"line":449,"column":3}},"line":436},"39":{"name":"(anonymous_39)","decl":{"start":{"line":484,"column":21},"end":{"line":484,"column":22}},"loc":{"start":{"line":484,"column":38},"end":{"line":487,"column":15}},"line":484},"40":{"name":"(anonymous_40)","decl":{"start":{"line":495,"column":21},"end":{"line":495,"column":22}},"loc":{"start":{"line":495,"column":38},"end":{"line":499,"column":15}},"line":495}},"branchMap":{"0":{"loc":{"start":{"line":70,"column":4},"end":{"line":97,"column":5}},"type":"switch","locations":[{"start":{"line":71,"column":6},"end":{"line":80,"column":20}},{"start":{"line":81,"column":6},"end":{"line":87,"column":20}},{"start":{"line":88,"column":6},"end":{"line":94,"column":20}},{"start":{"line":95,"column":6},"end":{"line":96,"column":20}}],"line":70},"1":{"loc":{"start":{"line":72,"column":8},"end":{"l
[...]
,"D:\\xamp\\htdocs\\everyday_food\\src\\components\\ui\\Card.tsx": {"path":"D:\\xamp\\htdocs\\everyday_food\\src\\components\\ui\\Card.tsx","statementMap":{"0":{"start":{"line":14,"column":49},"end":{"line":19,"column":1}},"1":{"start":{"line":29,"column":33},"end":{"line":36,"column":34}},"2":{"start":{"line":38,"column":2},"end":{"line":50,"column":3}},"3":{"start":{"line":39,"column":4},"end":{"line":49,"column":6}},"4":{"start":{"line":42,"column":32},"end":{"line":45,"column":9}},"5":{"start":{"line":52,"column":2},"end":{"line":52,"column":51}},"6":{"start":{"line":55,"column":15},"end":{"line":74,"column":2}}},"fnMap":{"0":{"name":"Card","decl":{"start":{"line":21,"column":16},"end":{"line":21,"column":20}},"loc":{"start":{"line":28,"column":14},"end":{"line":53,"column":1}},"line":28},"1":{"name":"(anonymous_1)","decl":{"start":{"line":42,"column":15},"end":{"line":42,"column":16}},"loc":{"start":{"line":42,"column":32},"end":{"line":45,"column":9}},"line":42}},"branchMap":{"0":{"loc":{"start":{"line":24,"column":2},"end":{"line":24,"column":21}},"type":"default-arg","locations":[{"start":{"line":24,"column":12},"end":{"line":24,"column":21}}],"line":24},"1":{"loc":{"start":{"line":26,"column":2},"end":{"line":26,"column":16}},"type":"default-arg","locations":[{"start":{"line":26,"column":12},"end":{"line":26,"column":16}}],"line":26},"2":{"loc":{"start":{"line":32,"column":4},"end":{"line":32,"column":45}},"type":"binary-expr","locations":[{"start":{"line":32,"column":4},"end":{"line":32,"column":26}},{"start":{"line":32,"column":30},"end":{"line":32,"column":45}}],"line":32},"3":{"loc":{"start":{"line":33,"column":4},"end":{"line":33,"column":37}},"type":"binary-expr","locations":[{"start":{"line":33,"column":4},"end":{"line":33,"column":22}},{"start":{"line":33,"column":26},"end":{"line":33,"column":37}}],"line":33},"4":{"loc":{"start":{"line":34,"column":4},"end":{"line":34,"column":50}},"type":"cond-expr","locations":[{"start":{"line":34,"column":12},"end":{"line":34,"column":38}},{"start":{"line":34,"column":41},"end":{"line":34,"column":50}}],"line":34},"5":{"loc":{"start":{"line":38,"column":2},"end":{"line":50,"column":3}},"type":"if","locations":[{"start":{"line":38,"column":2},"end":{"line":50,"column":3}},{"start":{},"end":{}}],"line":38},"6":{"loc":{"start":{"line":44,"column":10},"end":{"line":44,"column":35}},"type":"binary-expr","locations":[{"start":{"line":44,"column":10},"end":{"line":44,"column":17}},{"start":{"line":44,"column":21},"end":{"line":44,"column":35}}],"line":44}},"s":{"0":6,"1":383,"2":383,"3":276,"4":276,"5":107,"6":6},"f":{"0":383,"1":276},"b":{"0":[380],"1":[379],"2":[383,1],"3":[383,1],"4":[1,382],"5":[276,107],"6":[276,0]},"_coverageSchema":"1a1c01bbd47fc00a2c39e90264f33305004495a9","hash":"30ef2ca3e13497ff69149e95138e1e9ff76ae861"}
,"D:\\xamp\\htdocs\\everyday_food\\src\\components\\ui\\Checkbox.tsx": {"path":"D:\\xamp\\htdocs\\everyday_food\\src\\components\\ui\\Checkbox.tsx","statementMap":{"0":{"start":{"line":15,"column":16},"end":{"line":19,"column":1}},"1":{"start":{"line":29,"column":20},"end":{"line":29,"column":33}},"2":{"start":{"line":31,"column":2},"end":{"line":68,"column":4}},"3":{"start":{"line":71,"column":15},"end":{"line":100,"column":2}}},"fnMap":{"0":{"name":"Checkbox","decl":{"start":{"line":21,"column":16},"end":{"line":21,"column":24}},"loc":{"start":{"line":28,"column":18},"end":{"line":69,"column":1}},"line":28}},"branchMap":{"0":{"loc":{"start":{"line":25,"column":2},"end":{"line":25,"column":18}},"type":"default-arg","locations":[{"start":{"line":25,"column":13},"end":{"line":25,"column":18}}],"line":25},"1":{"loc":{"start":{"line":26,"column":2},"end":{"line":26,"column":13}},"type":"default-arg","locations":[{"start":{"line":26,"column":9},"end":{"line":26,"column":13}}],"line":26},"2":{"loc":{"start":{"line":35,"column":32},"end":{"line":35,"column":59}},"type":"binary-expr","locations":[{"start":{"line":35,"column":32},"end":{"line":35,"column":40}},{"start":{"line":35,"column":44},"end":{"line":35,"column":59}}],"line":35},"3":{"loc":{"start":{"line":44,"column":10},"end":{"line":44,"column":35}},"type":"binary-expr","locations":[{"start":{"line":44,"column":10},"end":{"line":44,"column":17}},{"start":{"line":44,"column":21},"end":{"line":44,"column":35}}],"line":44},"4":{"loc":{"start":{"line":47,"column":9},"end":{"line":53,"column":9}},"type":"binary-expr","locations":[{"start":{"line":47,"column":9},"end":{"line":47,"column":16}},{"start":{"line":48,"column":10},"end":{"line":52,"column":12}}],"line":47},"5":{"loc":{"start":{"line":56,"column":7},"end":{"line":66,"column":7}},"type":"binary-expr","locations":[{"start":{"line":56,"column":7},"end":{"line":56,"column":12}},{"start":{"line":57,"column":8},"end":{"line":65,"column":15}}],"line":56},"6":{"loc":{"start":{"line":61,"column":12},"end":{"line":61,"column":42}},"type":"binary-expr","locations":[{"start":{"line":61,"column":12},"end":{"line":61,"column":19}},{"start":{"line":61,"column":23},"end":{"line":61,"column":42}}],"line":61}},"s":{"0":6,"1":166,"2":166,"3":6},"f":{"0":166},"b":{"0":[165],"1":[163],"2":[166,1],"3":[166,46],"4":[166,46],"5":[166,7],"6":[7,1]},"_coverageSchema":"1a1c01bbd47fc00a2c39e90264f33305004495a9","hash":"b680810b4e202277019c7c6dfafb13fcd65f4bb4"}
,"D:\\xamp\\htdocs\\everyday_food\\src\\components\\ui\\IconButton.tsx": {"path":"D:\\xamp\\htdocs\\everyday_food\\src\\components\\ui\\IconButton.tsx","statementMap":{"0":{"start":{"line":19,"column":16},"end":{"line":23,"column":1}},"1":{"start":{"line":25,"column":60},"end":{"line":41,"column":1}},"2":{"start":{"line":52,"column":20},"end":{"line":52,"column":33}},"3":{"start":{"line":53,"column":20},"end":{"line":53,"column":87}},"4":{"start":{"line":55,"column":2},"end":{"line":73,"column":4}},"5":{"start":{"line":59,"column":30},"end":{"line":69,"column":7}},"6":{"start":{"line":76,"column":15},"end":{"line":92,"column":2}}},"fnMap":{"0":{"name":"IconButton","decl":{"start":{"line":43,"column":16},"end":{"line":43,"column":26}},"loc":{"start":{"line":51,"column":20},"end":{"line":74,"column":1}},"line":51},"1":{"name":"(anonymous_1)","decl":{"start":{"line":59,"column":13},"end":{"line":59,"column":14}},"loc":{"start":{"line":59,"column":30},"end":{"line":69,"column":7}},"line":59}},"branchMap":{"0":{"loc":{"start":{"line":46,"column":2},"end":{"line":46,"column":21}},"type":"default-arg","locations":[{"start":{"line":46,"column":12},"end":{"line":46,"column":21}}],"line":46},"1":{"loc":{"start":{"line":47,"column":2},"end":{"line":47,"column":13}},"type":"default-arg","locations":[{"start":{"line":47,"column":9},"end":{"line":47,"column":13}}],"line":47},"2":{"loc":{"start":{"line":48,"column":2},"end":{"line":48,"column":18}},"type":"default-arg","locations":[{"start":{"line":48,"column":13},"end":{"line":48,"column":18}}],"line":48},"3":{"loc":{"start":{"line":53,"column":20},"end":{"line":53,"column":87}},"type":"binary-expr","locations":[{"start":{"line":53,"column":20},"end":{"line":53,"column":25}},{"start":{"line":53,"column":30},"end":{"line":53,"column":86}}],"line":53},"4":{"loc":{"start":{"line":53,"column":30},"end":{"line":53,"column":86}},"type":"cond-expr","locations":[{"start":{"line":53,"column":52},"end":{"line":53,"column":72}},{"start":{"line":53,"column":75},"end":{"line":53,"column":86}}],"line":53},"5":{"loc":{"start":{"line":66,"column":8},"end":{"line":66,"column":56}},"type":"binary-expr","locations":[{"start":{"line":66,"column":8},"end":{"line":66,"column":15}},{"start":{"line":66,"column":19},"end":{"line":66,"column":38}},{"start":{"line":66,"column":42},"end":{"line":66,"column":56}}],"line":66},"6":{"loc":{"start":{"line":67,"column":8},"end":{"line":67,"column":35}},"type":"binary-expr","locations":[{"start":{"line":67,"column":8},"end":{"line":67,"column":16}},{"start":{"line":67,"column":20},"end":{"line":67,"column":35}}],"line":67}},"s":{"0":6,"1":6,"2":215,"3":215,"4":215,"5":215,"6":6},"f":{"0":215,"1":215},"b":{"0":[14],"1":[212],"2":[214],"3":[215,214],"4":[1,213],"5":[215,0,0],"6":[215,1]},"_coverageSchema":"1a1c01bbd47fc00a2c39e90264f33305004495a9","hash":"2c58d365972f30251fb772218ab565b3e5b24429"}
,"D:\\xamp\\htdocs\\everyday_food\\src\\components\\ui\\Input.tsx": {"path":"D:\\xamp\\htdocs\\everyday_food\\src\\components\\ui\\Input.tsx","statementMap":{"0":{"start":{"line":34,"column":36},"end":{"line":34,"column":51}},"1":{"start":{"line":36,"column":2},"end":{"line":85,"column":4}},"2":{"start":{"line":63,"column":25},"end":{"line":63,"column":43}},"3":{"start":{"line":64,"column":24},"end":{"line":64,"column":43}},"4":{"start":{"line":88,"column":15},"end":{"line":141,"column":2}}},"fnMap":{"0":{"name":"Input","decl":{"start":{"line":24,"column":16},"end":{"line":24,"column":21}},"loc":{"start":{"line":33,"column":15},"end":{"line":86,"column":1}},"line":33},"1":{"name":"(anonymous_1)","decl":{"start":{"line":63,"column":19},"end":{"line":63,"column":20}},"loc":{"start":{"line":63,"column":25},"end":{"line":63,"column":43}},"line":63},"2":{"name":"(anonymous_2)","decl":{"start":{"line":64,"column":18},"end":{"line":64,"column":19}},"loc":{"start":{"line":64,"column":24},"end":{"line":64,"column":43}},"line":64}},"branchMap":{"0":{"loc":{"start":{"line":38,"column":7},"end":{"line":38,"column":57}},"type":"binary-expr","locations":[{"start":{"line":38,"column":7},"end":{"line":38,"column":12}},{"start":{"line":38,"column":16},"end":{"line":38,"column":57}}],"line":38},"1":{"loc":{"start":{"line":43,"column":10},"end":{"line":43,"column":42}},"type":"binary-expr","locations":[{"start":{"line":43,"column":10},"end":{"line":43,"column":19}},{"start":{"line":43,"column":23},"end":{"line":43,"column":42}}],"line":43},"2":{"loc":{"start":{"line":44,"column":10},"end":{"line":44,"column":36}},"type":"binary-expr","locations":[{"start":{"line":44,"column":10},"end":{"line":44,"column":15}},{"start":{"line":44,"column":19},"end":{"line":44,"column":36}}],"line":44},"3":{"loc":{"start":{"line":47,"column":9},"end":{"line":54,"column":9}},"type":"binary-expr","locations":[{"start":{"line":47,"column":9},"end":{"line":47,"column":17}},{"start":{"line":48,"column":10},"end":{"line":53,"column":12}}],"line":47},"4":{"loc":{"start":{"line":59,"column":12},"end":{"line":59,"column":48}},"type":"binary-expr","locations":[{"start":{"line":59,"column":12},"end":{"line":59,"column":20}},{"start":{"line":59,"column":24},"end":{"line":59,"column":48}}],"line":59},"5":{"loc":{"start":{"line":60,"column":12},"end":{"line":60,"column":50}},"type":"binary-expr","locations":[{"start":{"line":60,"column":12},"end":{"line":60,"column":21}},{"start":{"line":60,"column":25},"end":{"line":60,"column":50}}],"line":60},"6":{"loc":{"start":{"line":68,"column":9},"end":{"line":76,"column":9}},"type":"binary-expr","locations":[{"start":{"line":68,"column":9},"end":{"line":68,"column":18}},{"start":{"line":69,"column":10},"end":{"line":75,"column":22}}],"line":68},"7":{"loc":{"start":{"line":79,"column":7},"end":{"line":83,"column":7}},"type":"binary-expr","locations":[{"start":{"line":79,"column":8},"end":{"line":79,"column":13}},{"start":{"line":79,"column":17},"end":{"line":79,"column":27}},{"start":{"line":80,"column":8},"end":{"line":82,"column":15}}],"line":79},"8":{"loc":{"start":{"line":80,"column":41},"end":{"line":80,"column":66}},"type":"binary-expr","locations":[{"start":{"line":80,"column":41},"end":{"line":80,"column":46}},{"start":{"line":80,"column":50},"end":{"line":80,"column":66}}],"line":80},"9":{"loc":{"start":{"line":81,"column":11},"end":{"line":81,"column":30}},"type":"binary-expr","locations":[{"start":{"line":81,"column":11},"end":{"line":81,"column":16}},{"start":{"line":81,"column":20},"end":{"line":81,"column":30}}],"line":81}},"s":{"0":346,"1":346,"2":1,"3":1,"4":6},"f":{"0":346,"1":1,"2":1},"b":{"0":[346,223],"1":[346,1],"2":[346,2],"3":[346,326],"4":[346,326],"5":[346,72],"6":[346,72],"7":[346,344,44],"8":[44,2],"9":[44,42]},"_coverageSchema":"1a1c01bbd47fc00a2c39e90264f33305004495a9","hash":"1dbdbf11c82f12f1a0a023f04807df0f82c2db13"}
,"D:\\xamp\\htdocs\\everyday_food\\src\\components\\ui\\index.ts": {"path":"D:\\xamp\\htdocs\\everyday_food\\src\\components\\ui\\index.ts","statementMap":{},"fnMap":{},"branchMap":{},"s":{},"f":{},"b":{},"_coverageSchema":"1a1c01bbd47fc00a2c39e90264f33305004495a9","hash":"52e9705cfaf7f41c176cf243e4d69d66fa14b36d"}
,"D:\\xamp\\htdocs\\everyday_food\\src\\constants\\dietary.ts": {"path":"D:\\xamp\\htdocs\\everyday_food\\src\\constants\\dietary.ts","statementMap":{"0":{"start":{"line":1,"column":31},"end":{"line":12,"column":10}},"1":{"start":{"line":14,"column":31},"end":{"line":30,"column":10}},"2":{"start":{"line":32,"column":33},"end":{"line":37,"column":10}}},"fnMap":{},"branchMap":{},"s":{"0":2,"1":2,"2":2},"f":{},"b":{},"_coverageSchema":"1a1c01bbd47fc00a2c39e90264f33305004495a9","hash":"207f63d0acd678f27eba0f1a7010b0c5b3a16f73"}
,"D:\\xamp\\htdocs\\everyday_food\\src\\providers\\ConvexProvider.tsx": {"path":"D:\\xamp\\htdocs\\everyday_food\\src\\providers\\ConvexProvider.tsx","statementMap":{"0":{"start":{"line":8,"column":18},"end":{"line":8,"column":58}},"1":{"start":{"line":10,"column":15},"end":{"line":10,"column":47}},"2":{"start":{"line":17,"column":2},"end":{"line":21,"column":4}}},"fnMap":{"0":{"name":"ConvexProvider","decl":{"start":{"line":16,"column":16},"end":{"line":16,"column":30}},"loc":{"start":{"line":16,"column":52},"end":{"line":22,"column":1}},"line":16}},"branchMap":{"0":{"loc":{"start":{"line":8,"column":18},"end":{"line":8,"column":58}},"type":"binary-expr","locations":[{"start":{"line":8,"column":18},"end":{"line":8,"column":52}},{"start":{"line":8,"column":56},"end":{"line":8,"column":58}}],"line":8}},"s":{"0":0,"1":0,"2":0},"f":{"0":0},"b":{"0":[0,0]}}
,"D:\\xamp\\htdocs\\everyday_food\\src\\providers\\convexStorage.ts": {"path":"D:\\xamp\\htdocs\\everyday_food\\src\\providers\\convexStorage.ts","statementMap":{"0":{"start":{"line":3,"column":34},"end":{"line":7,"column":1}}},"fnMap":{},"branchMap":{},"s":{"0":0},"f":{},"b":{}}
,"D:\\xamp\\htdocs\\everyday_food\\src\\providers\\index.ts": {"path":"D:\\xamp\\htdocs\\everyday_food\\src\\providers\\index.ts","statementMap":{},"fnMap":{},"branchMap":{},"s":{},"f":{},"b":{}}
,"D:\\xamp\\htdocs\\everyday_food\\src\\styles\\neobrutalism.ts": {"path":"D:\\xamp\\htdocs\\everyday_food\\src\\styles\\neobrutalism.ts","statementMap":{"0":{"start":{"line":9,"column":22},"end":{"line":64,"column":1}},"1":{"start":{"line":67,"column":23},"end":{"line":76,"column":1}},"2":{"start":{"line":79,"column":28},"end":{"line":87,"column":1}},"3":{"start":{"line":90,"column":23},"end":{"line":96,"column":1}},"4":{"start":{"line":99,"column":23},"end":{"line":164,"column":1}},"5":{"start":{"line":167,"column":26},"end":{"line":218,"column":1}},"6":{"start":{"line":221,"column":31},"end":{"line":330,"column":2}},"7":{"start":{"line":333,"column":32},"end":{"line":348,"column":1}},"8":{"start":{"line":336,"column":2},"end":{"line":347,"column":3}},"9":{"start":{"line":338,"column":6},"end":{"line":338,"column":30}},"10":{"start":{"line":340,"column":6},"end":{"line":340,"column":26}},"11":{"start":{"line":342,"column":6},"end":{"line":342,"column":27}},"12":{"start":{"line":344,"column":6},"end":{"line":344,"column":26}},"13":{"start":{"line":346,"column":6},"end":{"line":346,"column":31}},"14":{"start":{"line":351,"column":38},"end":{"line":366,"column":1}},"15":{"start":{"line":354,"column":2},"end":{"line":365,"column":3}},"16":{"start":{"line":356,"column":6},"end":{"line":356,"column":36}},"17":{"start":{"line":358,"column":6},"end":{"line":358,"column":32}},"18":{"start":{"line":360,"column":6},"end":{"line":360,"column":33}},"19":{"start":{"line":362,"column":6},"end":{"line":362,"column":32}},"20":{"start":{"line":364,"column":6},"end":{"line":364,"column":28}},"21":{"start":{"line":369,"column":34},"end":{"line":382,"column":1}},"22":{"start":{"line":372,"column":2},"end":{"line":381,"column":3}},"23":{"start":{"line":374,"column":6},"end":{"line":374,"column":28}},"24":{"start":{"line":376,"column":6},"end":{"line":376,"column":28}},"25":{"start":{"line":378,"column":6},"end":{"line":378,"column":26}},"26":{"start":{"line":380,"column":6},"end":{"line":380,"column":30}},"27":{"start":{"line":385,"column":25},"end":{"line":394,"column":1}}},"fnMap":{"0":{"name":"(anonymous_0)","decl":{"start":{"line":333,"column":32},"end":{"line":333,"column":33}},"loc":{"start":{"line":335,"column":13},"end":{"line":348,"column":1}},"line":335},"1":{"name":"(anonymous_1)","decl":{"start":{"line":351,"column":38},"end":{"line":351,"column":39}},"loc":{"start":{"line":353,"column":13},"end":{"line":366,"column":1}},"line":353},"2":{"name":"(anonymous_2)","decl":{"start":{"line":369,"column":34},"end":{"line":369,"column":35}},"loc":{"start":{"line":371,"column":13},"end":{"line":382,"column":1}},"line":371}},"branchMap":{"0":{"loc":{"start":{"line":336,"column":2},"end":{"line":347,"column":3}},"type":"switch","locations":[{"start":{"line":337,"column":4},"end":{"line":338,"column":30}},{"start":{"line":339,"column":4},"end":{"line":340,"column":26}},{"start":{"line":341,"column":4},"end":{"line":342,"column":27}},{"start":{"line":343,"column":4},"end":{"line":344,"column":26}},{"start":{"line":345,"column":4},"end":{"line":346,"column":31}}],"line":336},"1":{"loc":{"start":{"line":354,"column":2},"end":{"line":365,"column":3}},"type":"switch","locations":[{"start":{"line":355,"column":4},"end":{"line":356,"column":36}},{"start":{"line":357,"column":4},"end":{"line":358,"column":32}},{"start":{"line":359,"column":4},"end":{"line":360,"column":33}},{"start":{"line":361,"column":4},"end":{"line":362,"column":32}},{"start":{"line":363,"column":4},"end":{"line":364,"column":28}}],"line":354},"2":{"loc":{"start":{"line":372,"column":2},"end":{"line":381,"column":3}},"type":"switch","locations":[{"start":{"line":373,"column":4},"end":{"line":374,"column":28}},{"start":{"line":375,"column":4},"end":{"line":376,"column":28}},{"start":{"line":377,"column":4},"end":{"line":378,"column":26}},{"start":{"line":379,"column":4},"end":{"line":380,"column":30}}],"line":372}},"s":{"0":24,"1":24,"2":24,"3":24,"4":24,"5":24,"6":24,"7":24,"8":474,"9":118,"10":104,"11":251,"12":1,"13":0,"14":24,"15":0,"16":0,"17":0,"18":0,"19":0,"20":0,"21":24,"22":286,"23":155,"24":69,"25":62,"26":0,"27":24},"f":{"0":474,"1":0,"2":286},"b":{"0":[118,104,251,1,0],"1":[0,0,0,0,0],"2":[155,69,62,0]},"_coverageSchema":"1a1c01bbd47fc00a2c39e90264f33305004495a9","hash":"ffcb17ade06a21c1429d37042c602cc2b84f51ec"}
}
