{"D:\\xamp\\htdocs\\everyday_food\\app\\friends.tsx": {"path":"D:\\xamp\\htdocs\\everyday_food\\app\\friends.tsx","statementMap":{"0":{"start":{"line":39,"column":2},"end":{"line":63,"column":4}},"1":{"start":{"line":54,"column":32},"end":{"line":57,"column":9}},"2":{"start":{"line":87,"column":2},"end":{"line":138,"column":4}},"3":{"start":{"line":107,"column":38},"end":{"line":110,"column":15}},"4":{"start":{"line":116,"column":38},"end":{"line":119,"column":15}},"5":{"start":{"line":127,"column":36},"end":{"line":130,"column":13}},"6":{"start":{"line":156,"column":2},"end":{"line":189,"column":4}},"7":{"start":{"line":171,"column":32},"end":{"line":174,"column":9}},"8":{"start":{"line":176,"column":10},"end":{"line":183,"column":12}},"9":{"start":{"line":193,"column":40},"end":{"line":193,"column":52}},"10":{"start":{"line":194,"column":40},"end":{"line":194,"column":55}},"11":{"start":{"line":196,"column":18},"end":{"line":196,"column":44}},"12":{"start":{"line":197,"column":18},"end":{"line":197,"column":50}},"13":{"start":{"line":198,"column":24},"end":{"line":201,"column":3}},"14":{"start":{"line":202,"column":16},"end":{"line":202,"column":46}},"15":{"start":{"line":204,"column":22},"end":{"line":204,"column":58}},"16":{"start":{"line":205,"column":24},"end":{"line":205,"column":62}},"17":{"start":{"line":206,"column":24},"end":{"line":206,"column":62}},"18":{"start":{"line":207,"column":24},"end":{"line":207,"column":62}},"19":{"start":{"line":208,"column":23},"end":{"line":208,"column":60}},"20":{"start":{"line":210,"column":28},"end":{"line":218,"column":3}},"21":{"start":{"line":211,"column":4},"end":{"line":217,"column":5}},"22":{"start":{"line":212,"column":6},"end":{"line":212,"column":38}},"23":{"start":{"line":213,"column":6},"end":{"line":213,"column":25}},"24":{"start":{"line":214,"column":6},"end":{"line":214,"column":53}},"25":{"start":{"line":216,"column":6},"end":{"line":216,"column":70}},"26":{"start":{"line":220,"column":30},"end":{"line":226,"column":3}},"27":{"start":{"line":221,"column":4},"end":{"line":225,"column":5}},"28":{"start":{"line":222,"column":6},"end":{"line":222,"column":44}},"29":{"start":{"line":224,"column":6},"end":{"line":224,"column":72}},"30":{"start":{"line":228,"column":30},"end":{"line":234,"column":3}},"31":{"start":{"line":229,"column":4},"end":{"line":233,"column":5}},"32":{"start":{"line":230,"column":6},"end":{"line":230,"column":44}},"33":{"start":{"line":232,"column":6},"end":{"line":232,"column":72}},"34":{"start":{"line":236,"column":30},"end":{"line":242,"column":3}},"35":{"start":{"line":237,"column":4},"end":{"line":241,"column":5}},"36":{"start":{"line":238,"column":6},"end":{"line":238,"column":44}},"37":{"start":{"line":240,"column":6},"end":{"line":240,"column":72}},"38":{"start":{"line":244,"column":29},"end":{"line":250,"column":3}},"39":{"start":{"line":245,"column":4},"end":{"line":249,"column":5}},"40":{"start":{"line":246,"column":6},"end":{"line":246,"column":39}},"41":{"start":{"line":248,"column":6},"end":{"line":248,"column":71}},"42":{"start":{"line":252,"column":20},"end":{"line":252,"column":41}},"43":{"start":{"line":254,"column":2},"end":{"line":418,"column":4}},"44":{"start":{"line":258,"column":62},"end":{"line":258,"column":75}},"45":{"start":{"line":301,"column":40},"end":{"line":301,"column":58}},"46":{"start":{"line":316,"column":18},"end":{"line":321,"column":20}},"47":{"start":{"line":319,"column":33},"end":{"line":319,"column":63}},"48":{"start":{"line":343,"column":18},"end":{"line":350,"column":20}},"49":{"start":{"line":347,"column":36},"end":{"line":347,"column":77}},"50":{"start":{"line":348,"column":36},"end":{"line":348,"column":77}},"51":{"start":{"line":360,"column":18},"end":{"line":366,"column":20}},"52":{"start":{"line":364,"column":36},"end":{"line":364,"column":77}},"53":{"start":{"line":391,"column":16},"end":{"line":396,"column":18}},"54":{"start":{"line":394,"column":34},"end":{"line":394,"column":69}},"55":{"start":{"line":421,"column":15},"end":{"line":735,"column":2}}},"fnMap":{"0":{"name":"UserSearchCard","decl":{"start":{"line":30,"column":9},"end":{"line":30,"column":23}},"loc":{"start":{"line":38,"column":3},"end":{"line":64,"column":1}},"line":38},"1":{"name":"(anonymous_1)","decl":{"start":{"line":54,"column":15},"end":{"line":54,"column":16}},"loc":{"start":{"line":54,"column":32},"end":{"line":57,"column":9}},"line":54},"2":{"name":"RequestCard","decl":{"start":{"line":67,"column":9},"end":{"line":67,"column":20}},"loc":{"start":{"line":86,"column":3},"end":{"line":139,"column":1}},"line":86},"3":{"name":"(anonymous_3)","decl":{"start":{"line":107,"column":21},"end":{"line":107,"column":22}},"loc":{"start":{"line":107,"column":38},"end":{"line":110,"column":15}},"line":107},"4":{"name":"(anonymous_4)","decl":{"start":{"line":116,"column":21},"end":{"line":116,"column":22}},"loc":{"start":{"line":116,"column":38},"end":{"line":119,"column":15}},"line":116},"5":{"name":"(anonymous_5)","decl":{"start":{"line":127,"column":19},"end":{"line":127,"column":20}},"loc":{"start":{"line":127,"column":36},"end":{"line":130,"column":13}},"line":127},"6":{"name":"FriendCard","decl":{"start":{"line":142,"column":9},"end":{"line":142,"column":19}},"loc":{"start":{"line":155,"column":3},"end":{"line":190,"column":1}},"line":155},"7":{"name":"(anonymous_7)","decl":{"start":{"line":171,"column":15},"end":{"line":171,"column":16}},"loc":{"start":{"line":171,"column":32},"end":{"line":174,"column":9}},"line":171},"8":{"name":"(anonymous_8)","decl":{"start":{"line":175,"column":17},"end":{"line":175,"column":18}},"loc":{"start":{"line":175,"column":23},"end":{"line":184,"column":9}},"line":175},"9":{"name":"FriendsScreen","decl":{"start":{"line":192,"column":24},"end":{"line":192,"column":37}},"loc":{"start":{"line":192,"column":40},"end":{"line":419,"column":1}},"line":192},"10":{"name":"(anonymous_10)","decl":{"start":{"line":210,"column":28},"end":{"line":210,"column":29}},"loc":{"start":{"line":210,"column":61},"end":{"line":218,"column":3}},"line":210},"11":{"name":"(anonymous_11)","decl":{"start":{"line":220,"column":30},"end":{"line":220,"column":31}},"loc":{"start":{"line":220,"column":73},"end":{"line":226,"column":3}},"line":220},"12":{"name":"(anonymous_12)","decl":{"start":{"line":228,"column":30},"end":{"line":228,"column":31}},"loc":{"start":{"line":228,"column":73},"end":{"line":234,"column":3}},"line":228},"13":{"name":"(anonymous_13)","decl":{"start":{"line":236,"column":30},"end":{"line":236,"column":31}},"loc":{"start":{"line":236,"column":73},"end":{"line":242,"column":3}},"line":236},"14":{"name":"(anonymous_14)","decl":{"start":{"line":244,"column":29},"end":{"line":244,"column":30}},"loc":{"start":{"line":244,"column":62},"end":{"line":250,"column":3}},"line":244},"15":{"name":"(anonymous_15)","decl":{"start":{"line":258,"column":56},"end":{"line":258,"column":57}},"loc":{"start":{"line":258,"column":62},"end":{"line":258,"column":75}},"line":258},"16":{"name":"(anonymous_16)","decl":{"start":{"line":301,"column":34},"end":{"line":301,"column":35}},"loc":{"start":{"line":301,"column":40},"end":{"line":301,"column":58}},"line":301},"17":{"name":"(anonymous_17)","decl":{"start":{"line":315,"column":34},"end":{"line":315,"column":35}},"loc":{"start":{"line":316,"column":18},"end":{"line":321,"column":20}},"line":316},"18":{"name":"(anonymous_18)","decl":{"start":{"line":319,"column":27},"end":{"line":319,"column":28}},"loc":{"start":{"line":319,"column":33},"end":{"line":319,"column":63}},"line":319},"19":{"name":"(anonymous_19)","decl":{"start":{"line":342,"column":38},"end":{"line":342,"column":39}},"loc":{"start":{"line":343,"column":18},"end":{"line":350,"column":20}},"line":343},"20":{"name":"(anonymous_20)","decl":{"start":{"line":347,"column":30},"end":{"line":347,"column":31}},"loc":{"start":{"line":347,"column":36},"end":{"line":347,"column":77}},"line":347},"21":{"name":"(anonymous_21)","decl":{"start":{"line":348,"column":30},"end":{"line":348,"column":31}},"loc":{"start":{"line":348,"column":36},"end":{"line":348,"column":77}},"line":348},"22":{"name":"(anonymous_22)","decl":{"start":{"line":359,"column":38},"end":{"line":359,"column":39}},"loc":{"start":{"line":360,"column":18},"end":{"line":366,"column":20}},"line":360},"23":{"name":"(anonymous_23)","decl":{"start":{"line":364,"column":30},"end":{"line":364,"column":31}},"loc":{"start":{"line":364,"column":36},"end":{"line":364,"column":77}},"line":364},"24":{"name":"(anonymous_24)","decl":{"start":{"line":390,"column":27},"end":{"line":390,"column":28}},"loc":{"start":{"line":391,"column":16},"end":{"line":396,"column":18}},"line":391},"25":{"name":"(anonymous_25)","decl":{"start":{"line":394,"column":28},"end":{"line":394,"column":29}},"loc":{"start":{"line":394,"column":34},"end":{"line":394,"column":69}},"line":394}},"branchMap":{"0":{"loc":{"start":{"line":51,"column":9},"end":{"line":51,"column":73}},"type":"binary-expr","locations":[{"start":{"line":51,"column":9},"end":{"line":51,"column":19}},{"start":{"line":51,"column":23},"end":{"line":51,"column":73}}],"line":51},"1":{"loc":{"start":{"line":56,"column":10},"end":{"line":56,"column":41}},"type":"binary-expr","locations":[{"start":{"line":56,"column":10},"end":{"line":56,"column":17}},{"start":{"line":56,"column":21},"end":{"line":56,"column":41}}],"line":56},"2":{"loc":{"start":{"line":100,"column":11},"end":{"line":100,"column":78}},"type":"cond-expr","locations":[{"start":{"line":100,"column":33},"end":{"line":100,"column":58}},{"start":{"line":100,"column":61},"end":{"line":100,"column":78}}],"line":100},"3":{"loc":{"start":{"line":104,"column":9},"end":{"line":135,"column":9}},"type":"cond-expr","locations":[{"start":{"line":105,"column":10},"end":{"line":124,"column":13}},{"start":{"line":126,"column":10},"end":{"line":134,"column":22}}],"line":104},"4":{"loc":{"start":{"line":109,"column":16},"end":{"line":109,"column":47}},"type":"binary-expr","locations":[{"start":{"line":109,"column":16},"end":{"line":109,"column":23}},{"start":{"line":109,"column":27},"end":{"line":109,"column":47}}],"line":109},"5":{"loc":{"start":{"line":118,"column":16},"end":{"line":118,"column":47}},"type":"binary-expr","locations":[{"start":{"line":118,"column":16},"end":{"line":118,"column":23}},{"start":{"line":118,"column":27},"end":{"line":118,"column":47}}],"line":118},"6":{"loc":{"start":{"line":129,"column":14},"end":{"line":129,"column":45}},"type":"binary-expr","locations":[{"start":{"line":129,"column":14},"end":{"line":129,"column":21}},{"start":{"line":129,"column":25},"end":{"line":129,"column":45}}],"line":129},"7":{"loc":{"start":{"line":168,"column":9},"end":{"line":168,"column":79}},"type":"binary-expr","locations":[{"start":{"line":168,"column":9},"end":{"line":168,"column":21}},{"start":{"line":168,"column":25},"end":{"line":168,"column":79}}],"line":168},"8":{"loc":{"start":{"line":173,"column":10},"end":{"line":173,"column":41}},"type":"binary-expr","locations":[{"start":{"line":173,"column":10},"end":{"line":173,"column":17}},{"start":{"line":173,"column":21},"end":{"line":173,"column":41}}],"line":173},"9":{"loc":{"start":{"line":200,"column":4},"end":{"line":200,"column":61}},"type":"cond-expr","locations":[{"start":{"line":200,"column":30},"end":{"line":200,"column":52}},{"start":{"line":200,"column":55},"end":{"line":200,"column":61}}],"line":200},"10":{"loc":{"start":{"line":216,"column":27},"end":{"line":216,"column":68}},"type":"binary-expr","locations":[{"start":{"line":216,"column":27},"end":{"line":216,"column":40}},{"start":{"line":216,"column":44},"end":{"line":216,"column":68}}],"line":216},"11":{"loc":{"start":{"line":224,"column":27},"end":{"line":224,"column":70}},"type":"binary-expr","locations":[{"start":{"line":224,"column":27},"end":{"line":224,"column":40}},{"start":{"line":224,"column":44},"end":{"line":224,"column":70}}],"line":224},"12":{"loc":{"start":{"line":232,"column":27},"end":{"line":232,"column":70}},"type":"binary-expr","locations":[{"start":{"line":232,"column":27},"end":{"line":232,"column":40}},{"start":{"line":232,"column":44},"end":{"line":232,"column":70}}],"line":232},"13":{"loc":{"start":{"line":240,"column":27},"end":{"line":240,"column":70}},"type":"binary-expr","locations":[{"start":{"line":240,"column":27},"end":{"line":240,"column":40}},{"start":{"line":240,"column":44},"end":{"line":240,"column":70}}],"line":240},"14":{"loc":{"start":{"line":248,"column":27},"end":{"line":248,"column":69}},"type":"binary-expr","locations":[{"start":{"line":248,"column":27},"end":{"line":248,"column":40}},{"start":{"line":248,"column":44},"end":{"line":248,"column":69}}],"line":248},"15":{"loc":{"start":{"line":263,"column":11},"end":{"line":267,"column":11}},"type":"binary-expr","locations":[{"start":{"line":263,"column":11},"end":{"line":263,"column":16}},{"start":{"line":263,"column":20},"end":{"line":263,"column":45}},{"start":{"line":264,"column":12},"end":{"line":266,"column":19}}],"line":263},"16":{"loc":{"start":{"line":300,"column":13},"end":{"line":304,"column":13}},"type":"binary-expr","locations":[{"start":{"line":300,"column":13},"end":{"line":300,"column":35}},{"start":{"line":301,"column":14},"end":{"line":303,"column":26}}],"line":300},"17":{"loc":{"start":{"line":308,"column":11},"end":{"line":325,"column":11}},"type":"binary-expr","locations":[{"start":{"line":308,"column":11},"end":{"line":308,"column":34}},{"start":{"line":309,"column":12},"end":{"line":324,"column":19}}],"line":308},"18":{"loc":{"start":{"line":310,"column":15},"end":{"line":323,"column":15}},"type":"cond-expr","locations":[{"start":{"line":311,"column":16},"end":{"line":311,"column":73}},{"start":{"line":312,"column":18},"end":{"line":323,"column":15}}],"line":310},"19":{"loc":{"start":{"line":312,"column":18},"end":{"line":323,"column":15}},"type":"cond-expr","locations":[{"start":{"line":313,"column":16},"end":{"line":313,"column":68}},{"start":{"line":315,"column":16},"end":{"line":322,"column":18}}],"line":312},"20":{"loc":{"start":{"line":329,"column":9},"end":{"line":371,"column":9}},"type":"binary-expr","locations":[{"start":{"line":329,"column":9},"end":{"line":329,"column":16}},{"start":{"line":329,"column":21},"end":{"line":329,"column":48}},{"start":{"line":329,"column":52},"end":{"line":329,"column":79}},{"start":{"line":330,"column":10},"end":{"line":370,"column":26}}],"line":329},"21":{"loc":{"start":{"line":339,"column":13},"end":{"line":353,"column":13}},"type":"binary-expr","locations":[{"start":{"line":339,"column":13},"end":{"line":339,"column":40}},{"start":{"line":340,"column":14},"end":{"line":352,"column":21}}],"line":339},"22":{"loc":{"start":{"line":356,"column":13},"end":{"line":369,"column":13}},"type":"binary-expr","locations":[{"start":{"line":356,"column":13},"end":{"line":356,"column":40}},{"start":{"line":357,"column":14},"end":{"line":368,"column":21}}],"line":356},"23":{"loc":{"start":{"line":380,"column":27},"end":{"line":380,"column":47}},"type":"binary-expr","locations":[{"start":{"line":380,"column":27},"end":{"line":380,"column":42}},{"start":{"line":380,"column":46},"end":{"line":380,"column":47}}],"line":380},"24":{"loc":{"start":{"line":384,"column":11},"end":{"line":411,"column":11}},"type":"cond-expr","locations":[{"start":{"line":385,"column":12},"end":{"line":387,"column":19}},{"start":{"line":388,"column":14},"end":{"line":411,"column":11}}],"line":384},"25":{"loc":{"start":{"line":388,"column":14},"end":{"line":411,"column":11}},"type":"cond-expr","locations":[{"start":{"line":389,"column":12},"end":{"line":398,"column":19}},{"start":{"line":400,"column":12},"end":{"line":410,"column":19}}],"line":388},"26":{"loc":{"start":{"line":388,"column":14},"end":{"line":388,"column":43}},"type":"binary-expr","locations":[{"start":{"line":388,"column":14},"end":{"line":388,"column":21}},{"start":{"line":388,"column":25},"end":{"line":388,"column":43}}],"line":388}},"s":{"0":0,"1":0,"2":4,"3":3,"4":3,"5":1,"6":4,"7":4,"8":0,"9":12,"10":12,"11":12,"12":12,"13":12,"14":12,"15":12,"16":12,"17":12,"18":12,"19":12,"20":12,"21":0,"22":0,"23":0,"24":0,"25":0,"26":12,"27":1,"28":1,"29":0,"30":12,"31":1,"32":1,"33":0,"34":12,"35":0,"36":0,"37":0,"38":12,"39":0,"40":0,"41":0,"42":12,"43":12,"44":1,"45":0,"46":0,"47":0,"48":3,"49":1,"50":1,"51":1,"52":0,"53":4,"54":0,"55":1},"f":{"0":0,"1":0,"2":4,"3":3,"4":3,"5":1,"6":4,"7":4,"8":0,"9":12,"10":0,"11":1,"12":1,"13":0,"14":0,"15":1,"16":0,"17":0,"18":0,"19":3,"20":1,"21":1,"22":1,"23":0,"24":4,"25":0},"b":{"0":[0,0],"1":[0,0],"2":[3,1],"3":[3,1],"4":[3,0],"5":[3,0],"6":[1,0],"7":[4,2],"8":[4,0],"9":[0,12],"10":[0,0],"11":[0,0],"12":[0,0],"13":[0,0],"14":[0,0],"15":[12,12,4],"16":[12,0],"17":[12,0],"18":[0,0],"19":[0,0],"20":[12,12,9,4],"21":[4,3],"22":[4,1],"23":[12,10],"24":[1,11],"25":[2,9],"26":[11,11]},"_coverageSchema":"1a1c01bbd47fc00a2c39e90264f33305004495a9","hash":"91809f369335581d555d837295226dad8e1d9705"}
,"D:\\xamp\\htdocs\\everyday_food\\app\\grocery-list.tsx": {"path":"D:\\xamp\\htdocs\\everyday_food\\app\\grocery-list.tsx","statementMap":{"0":{"start":{"line":53,"column":2},"end":{"line":53,"column":38}},"1":{"start":{"line":53,"column":26},"end":{"line":53,"column":38}},"2":{"start":{"line":55,"column":2},"end":{"line":79,"column":4}},"3":{"start":{"line":70,"column":10},"end":{"line":75,"column":12}},"4":{"start":{"line":73,"column":28},"end":{"line":73,"column":50}},"5":{"start":{"line":92,"column":19},"end":{"line":92,"column":80}},"6":{"start":{"line":93,"column":16},"end":{"line":93,"column":58}},"7":{"start":{"line":95,"column":2},"end":{"line":136,"column":4}},"8":{"start":{"line":101,"column":32},"end":{"line":105,"column":9}},"9":{"start":{"line":147,"column":2},"end":{"line":182,"column":4}},"10":{"start":{"line":154,"column":23},"end":{"line":154,"column":44}},"11":{"start":{"line":170,"column":23},"end":{"line":170,"column":45}},"12":{"start":{"line":186,"column":38},"end":{"line":186,"column":75}},"13":{"start":{"line":189,"column":23},"end":{"line":189,"column":60}},"14":{"start":{"line":190,"column":29},"end":{"line":190,"column":70}},"15":{"start":{"line":192,"column":21},"end":{"line":198,"column":3}},"16":{"start":{"line":193,"column":4},"end":{"line":197,"column":5}},"17":{"start":{"line":194,"column":6},"end":{"line":194,"column":47}},"18":{"start":{"line":196,"column":6},"end":{"line":196,"column":53}},"19":{"start":{"line":201,"column":23},"end":{"line":224,"column":27}},"20":{"start":{"line":202,"column":4},"end":{"line":204,"column":5}},"21":{"start":{"line":203,"column":6},"end":{"line":203,"column":85}},"22":{"start":{"line":206,"column":50},"end":{"line":213,"column":5}},"23":{"start":{"line":215,"column":4},"end":{"line":221,"column":5}},"24":{"start":{"line":216,"column":23},"end":{"line":216,"column":44}},"25":{"start":{"line":217,"column":6},"end":{"line":219,"column":7}},"26":{"start":{"line":218,"column":8},"end":{"line":218,"column":30}},"27":{"start":{"line":220,"column":6},"end":{"line":220,"column":49}},"28":{"start":{"line":223,"column":4},"end":{"line":223,"column":18}},"29":{"start":{"line":226,"column":21},"end":{"line":226,"column":53}},"30":{"start":{"line":227,"column":23},"end":{"line":227,"column":88}},"31":{"start":{"line":227,"column":61},"end":{"line":227,"column":75}},"32":{"start":{"line":228,"column":25},"end":{"line":228,"column":50}},"33":{"start":{"line":231,"column":2},"end":{"line":240,"column":3}},"34":{"start":{"line":232,"column":4},"end":{"line":239,"column":6}},"35":{"start":{"line":243,"column":2},"end":{"line":262,"column":3}},"36":{"start":{"line":244,"column":4},"end":{"line":261,"column":6}},"37":{"start":{"line":247,"column":64},"end":{"line":247,"column":77}},"38":{"start":{"line":264,"column":2},"end":{"line":333,"column":4}},"39":{"start":{"line":271,"column":62},"end":{"line":271,"column":75}},"40":{"start":{"line":295,"column":10},"end":{"line":301,"column":12}},"41":{"start":{"line":314,"column":34},"end":{"line":317,"column":11}},"42":{"start":{"line":336,"column":15},"end":{"line":582,"column":2}}},"fnMap":{"0":{"name":"CategorySection","decl":{"start":{"line":42,"column":9},"end":{"line":42,"column":24}},"loc":{"start":{"line":52,"column":3},"end":{"line":80,"column":1}},"line":52},"1":{"name":"(anonymous_1)","decl":{"start":{"line":69,"column":19},"end":{"line":69,"column":20}},"loc":{"start":{"line":70,"column":10},"end":{"line":75,"column":12}},"line":70},"2":{"name":"(anonymous_2)","decl":{"start":{"line":73,"column":22},"end":{"line":73,"column":23}},"loc":{"start":{"line":73,"column":28},"end":{"line":73,"column":50}},"line":73},"3":{"name":"GroceryItemCard","decl":{"start":{"line":83,"column":9},"end":{"line":83,"column":24}},"loc":{"start":{"line":91,"column":3},"end":{"line":137,"column":1}},"line":91},"4":{"name":"(anonymous_4)","decl":{"start":{"line":101,"column":15},"end":{"line":101,"column":16}},"loc":{"start":{"line":101,"column":32},"end":{"line":105,"column":9}},"line":101},"5":{"name":"ViewToggle","decl":{"start":{"line":140,"column":9},"end":{"line":140,"column":19}},"loc":{"start":{"line":146,"column":3},"end":{"line":183,"column":1}},"line":146},"6":{"name":"(anonymous_6)","decl":{"start":{"line":154,"column":17},"end":{"line":154,"column":18}},"loc":{"start":{"line":154,"column":23},"end":{"line":154,"column":44}},"line":154},"7":{"name":"(anonymous_7)","decl":{"start":{"line":170,"column":17},"end":{"line":170,"column":18}},"loc":{"start":{"line":170,"column":23},"end":{"line":170,"column":45}},"line":170},"8":{"name":"GroceryListScreen","decl":{"start":{"line":185,"column":24},"end":{"line":185,"column":41}},"loc":{"start":{"line":185,"column":44},"end":{"line":334,"column":1}},"line":185},"9":{"name":"(anonymous_9)","decl":{"start":{"line":192,"column":21},"end":{"line":192,"column":22}},"loc":{"start":{"line":192,"column":56},"end":{"line":198,"column":3}},"line":192},"10":{"name":"(anonymous_10)","decl":{"start":{"line":201,"column":31},"end":{"line":201,"column":32}},"loc":{"start":{"line":201,"column":37},"end":{"line":224,"column":3}},"line":201},"11":{"name":"(anonymous_11)","decl":{"start":{"line":227,"column":51},"end":{"line":227,"column":52}},"loc":{"start":{"line":227,"column":61},"end":{"line":227,"column":75}},"line":227},"12":{"name":"(anonymous_12)","decl":{"start":{"line":247,"column":58},"end":{"line":247,"column":59}},"loc":{"start":{"line":247,"column":64},"end":{"line":247,"column":77}},"line":247},"13":{"name":"(anonymous_13)","decl":{"start":{"line":271,"column":56},"end":{"line":271,"column":57}},"loc":{"start":{"line":271,"column":62},"end":{"line":271,"column":75}},"line":271},"14":{"name":"(anonymous_14)","decl":{"start":{"line":294,"column":42},"end":{"line":294,"column":43}},"loc":{"start":{"line":295,"column":10},"end":{"line":301,"column":12}},"line":295},"15":{"name":"(anonymous_15)","decl":{"start":{"line":314,"column":17},"end":{"line":314,"column":18}},"loc":{"start":{"line":314,"column":34},"end":{"line":317,"column":11}},"line":314}},"branchMap":{"0":{"loc":{"start":{"line":53,"column":2},"end":{"line":53,"column":38}},"type":"if","locations":[{"start":{"line":53,"column":2},"end":{"line":53,"column":38}},{"start":{},"end":{}}],"line":53},"1":{"loc":{"start":{"line":92,"column":19},"end":{"line":92,"column":80}},"type":"cond-expr","locations":[{"start":{"line":92,"column":33},"end":{"line":92,"column":75}},{"start":{"line":92,"column":78},"end":{"line":92,"column":80}}],"line":92},"2":{"loc":{"start":{"line":92,"column":51},"end":{"line":92,"column":66}},"type":"binary-expr","locations":[{"start":{"line":92,"column":51},"end":{"line":92,"column":60}},{"start":{"line":92,"column":64},"end":{"line":92,"column":66}}],"line":92},"3":{"loc":{"start":{"line":93,"column":16},"end":{"line":93,"column":58}},"type":"cond-expr","locations":[{"start":{"line":93,"column":29},"end":{"line":93,"column":53}},{"start":{"line":93,"column":56},"end":{"line":93,"column":58}}],"line":93},"4":{"loc":{"start":{"line":103,"column":10},"end":{"line":103,"column":50}},"type":"binary-expr","locations":[{"start":{"line":103,"column":10},"end":{"line":103,"column":24}},{"start":{"line":103,"column":28},"end":{"line":103,"column":50}}],"line":103},"5":{"loc":{"start":{"line":104,"column":10},"end":{"line":104,"column":39}},"type":"binary-expr","locations":[{"start":{"line":104,"column":10},"end":{"line":104,"column":17}},{"start":{"line":104,"column":21},"end":{"line":104,"column":39}}],"line":104},"6":{"loc":{"start":{"line":109,"column":39},"end":{"line":109,"column":79}},"type":"binary-expr","locations":[{"start":{"line":109,"column":39},"end":{"line":109,"column":53}},{"start":{"line":109,"column":57},"end":{"line":109,"column":79}}],"line":109},"7":{"loc":{"start":{"line":110,"column":11},"end":{"line":112,"column":11}},"type":"binary-expr","locations":[{"start":{"line":110,"column":11},"end":{"line":110,"column":25}},{"start":{"line":111,"column":12},"end":{"line":111,"column":76}}],"line":110},"8":{"loc":{"start":{"line":118,"column":37},"end":{"line":118,"column":77}},"type":"binary-expr","locations":[{"start":{"line":118,"column":37},"end":{"line":118,"column":51}},{"start":{"line":118,"column":55},"end":{"line":118,"column":77}}],"line":118},"9":{"loc":{"start":{"line":122,"column":11},"end":{"line":126,"column":11}},"type":"binary-expr","locations":[{"start":{"line":122,"column":11},"end":{"line":122,"column":26}},{"start":{"line":123,"column":12},"end":{"line":125,"column":19}}],"line":122},"10":{"loc":{"start":{"line":131,"column":11},"end":{"line":131,"column":74}},"type":"binary-expr","locations":[{"start":{"line":131,"column":11},"end":{"line":131,"column":19}},{"start":{"line":131,"column":23},"end":{"line":131,"column":74}}],"line":131},"11":{"loc":{"start":{"line":132,"column":11},"end":{"line":132,"column":65}},"type":"binary-expr","locations":[{"start":{"line":132,"column":11},"end":{"line":132,"column":16}},{"start":{"line":132,"column":20},"end":{"line":132,"column":65}}],"line":132},"12":{"loc":{"start":{"line":152,"column":10},"end":{"line":152,"column":61}},"type":"binary-expr","locations":[{"start":{"line":152,"column":10},"end":{"line":152,"column":32}},{"start":{"line":152,"column":36},"end":{"line":152,"column":61}}],"line":152},"13":{"loc":{"start":{"line":159,"column":12},"end":{"line":159,"column":67}},"type":"binary-expr","locations":[{"start":{"line":159,"column":12},"end":{"line":159,"column":34}},{"start":{"line":159,"column":38},"end":{"line":159,"column":67}}],"line":159},"14":{"loc":{"start":{"line":168,"column":10},"end":{"line":168,"column":62}},"type":"binary-expr","locations":[{"start":{"line":168,"column":10},"end":{"line":168,"column":33}},{"start":{"line":168,"column":37},"end":{"line":168,"column":62}}],"line":168},"15":{"loc":{"start":{"line":175,"column":12},"end":{"line":175,"column":68}},"type":"binary-expr","locations":[{"start":{"line":175,"column":12},"end":{"line":175,"column":35}},{"start":{"line":175,"column":39},"end":{"line":175,"column":68}}],"line":175},"16":{"loc":{"start":{"line":202,"column":4},"end":{"line":204,"column":5}},"type":"if","locations":[{"start":{"line":202,"column":4},"end":{"line":204,"column":5}},{"start":{},"end":{}}],"line":202},"17":{"loc":{"start":{"line":216,"column":23},"end":{"line":216,"column":44}},"type":"binary-expr","locations":[{"start":{"line":216,"column":23},"end":{"line":216,"column":33}},{"start":{"line":216,"column":37},"end":{"line":216,"column":44}}],"line":216},"18":{"loc":{"start":{"line":217,"column":6},"end":{"line":219,"column":7}},"type":"if","locations":[{"start":{"line":217,"column":6},"end":{"line":219,"column":7}},{"start":{},"end":{}}],"line":217},"19":{"loc":{"start":{"line":226,"column":21},"end":{"line":226,"column":53}},"type":"binary-expr","locations":[{"start":{"line":226,"column":21},"end":{"line":226,"column":48}},{"start":{"line":226,"column":52},"end":{"line":226,"column":53}}],"line":226},"20":{"loc":{"start":{"line":227,"column":23},"end":{"line":227,"column":88}},"type":"binary-expr","locations":[{"start":{"line":227,"column":23},"end":{"line":227,"column":83}},{"start":{"line":227,"column":87},"end":{"line":227,"column":88}}],"line":227},"21":{"loc":{"start":{"line":231,"column":2},"end":{"line":240,"column":3}},"type":"if","locations":[{"start":{"line":231,"column":2},"end":{"line":240,"column":3}},{"start":{},"end":{}}],"line":231},"22":{"loc":{"start":{"line":243,"column":2},"end":{"line":262,"column":3}},"type":"if","locations":[{"start":{"line":243,"column":2},"end":{"line":262,"column":3}},{"start":{},"end":{}}],"line":243},"23":{"loc":{"start":{"line":243,"column":6},"end":{"line":243,"column":39}},"type":"binary-expr","locations":[{"start":{"line":243,"column":6},"end":{"line":243,"column":19}},{"start":{"line":243,"column":23},"end":{"line":243,"column":39}}],"line":243},"24":{"loc":{"start":{"line":316,"column":12},"end":{"line":316,"column":51}},"type":"binary-expr","locations":[{"start":{"line":316,"column":12},"end":{"line":316,"column":19}},{"start":{"line":316,"column":23},"end":{"line":316,"column":51}}],"line":316}},"s":{"0":0,"1":0,"2":0,"3":0,"4":0,"5":0,"6":0,"7":0,"8":0,"9":0,"10":0,"11":0,"12":0,"13":0,"14":0,"15":0,"16":0,"17":0,"18":0,"19":0,"20":0,"21":0,"22":0,"23":0,"24":0,"25":0,"26":0,"27":0,"28":0,"29":0,"30":0,"31":0,"32":0,"33":0,"34":0,"35":0,"36":0,"37":0,"38":0,"39":0,"40":0,"41":0,"42":0},"f":{"0":0,"1":0,"2":0,"3":0,"4":0,"5":0,"6":0,"7":0,"8":0,"9":0,"10":0,"11":0,"12":0,"13":0,"14":0,"15":0},"b":{"0":[0,0],"1":[0,0],"2":[0,0],"3":[0,0],"4":[0,0],"5":[0,0],"6":[0,0],"7":[0,0],"8":[0,0],"9":[0,0],"10":[0,0],"11":[0,0],"12":[0,0],"13":[0,0],"14":[0,0],"15":[0,0],"16":[0,0],"17":[0,0],"18":[0,0],"19":[0,0],"20":[0,0],"21":[0,0],"22":[0,0],"23":[0,0],"24":[0,0]}}
,"D:\\xamp\\htdocs\\everyday_food\\app\\import.tsx": {"path":"D:\\xamp\\htdocs\\everyday_food\\app\\import.tsx","statementMap":{"0":{"start":{"line":34,"column":24},"end":{"line":34,"column":36}},"1":{"start":{"line":35,"column":36},"end":{"line":35,"column":51}},"2":{"start":{"line":36,"column":42},"end":{"line":36,"column":53}},"3":{"start":{"line":39,"column":19},"end":{"line":39,"column":36}},"4":{"start":{"line":41,"column":28},"end":{"line":45,"column":4}},"5":{"start":{"line":42,"column":4},"end":{"line":44,"column":6}},"6":{"start":{"line":47,"column":23},"end":{"line":70,"column":3}},"7":{"start":{"line":48,"column":4},"end":{"line":48,"column":28}},"8":{"start":{"line":48,"column":21},"end":{"line":48,"column":28}},"9":{"start":{"line":50,"column":4},"end":{"line":50,"column":23}},"10":{"start":{"line":51,"column":4},"end":{"line":55,"column":6}},"11":{"start":{"line":58,"column":19},"end":{"line":58,"column":20}},"12":{"start":{"line":59,"column":21},"end":{"line":69,"column":11}},"13":{"start":{"line":60,"column":6},"end":{"line":60,"column":21}},"14":{"start":{"line":61,"column":6},"end":{"line":61,"column":32}},"15":{"start":{"line":62,"column":6},"end":{"line":68,"column":7}},"16":{"start":{"line":63,"column":8},"end":{"line":63,"column":32}},"17":{"start":{"line":64,"column":8},"end":{"line":64,"column":28}},"18":{"start":{"line":65,"column":8},"end":{"line":65,"column":27}},"19":{"start":{"line":67,"column":8},"end":{"line":67,"column":22}},"20":{"start":{"line":72,"column":2},"end":{"line":222,"column":4}},"21":{"start":{"line":82,"column":27},"end":{"line":82,"column":40}},"22":{"start":{"line":126,"column":36},"end":{"line":130,"column":13}},"23":{"start":{"line":144,"column":18},"end":{"line":144,"column":78}},"24":{"start":{"line":149,"column":18},"end":{"line":149,"column":78}},"25":{"start":{"line":178,"column":38},"end":{"line":181,"column":15}},"26":{"start":{"line":182,"column":29},"end":{"line":182,"column":58}},"27":{"start":{"line":191,"column":38},"end":{"line":194,"column":15}},"28":{"start":{"line":225,"column":15},"end":{"line":468,"column":2}}},"fnMap":{"0":{"name":"ImportScreen","decl":{"start":{"line":33,"column":24},"end":{"line":33,"column":36}},"loc":{"start":{"line":33,"column":39},"end":{"line":223,"column":1}},"line":33},"1":{"name":"(anonymous_1)","decl":{"start":{"line":41,"column":45},"end":{"line":41,"column":46}},"loc":{"start":{"line":41,"column":51},"end":{"line":45,"column":3}},"line":41},"2":{"name":"(anonymous_2)","decl":{"start":{"line":47,"column":23},"end":{"line":47,"column":24}},"loc":{"start":{"line":47,"column":29},"end":{"line":70,"column":3}},"line":47},"3":{"name":"(anonymous_3)","decl":{"start":{"line":59,"column":33},"end":{"line":59,"column":34}},"loc":{"start":{"line":59,"column":39},"end":{"line":69,"column":5}},"line":59},"4":{"name":"(anonymous_4)","decl":{"start":{"line":82,"column":21},"end":{"line":82,"column":22}},"loc":{"start":{"line":82,"column":27},"end":{"line":82,"column":40}},"line":82},"5":{"name":"(anonymous_5)","decl":{"start":{"line":126,"column":19},"end":{"line":126,"column":20}},"loc":{"start":{"line":126,"column":36},"end":{"line":130,"column":13}},"line":126},"6":{"name":"(anonymous_6)","decl":{"start":{"line":143,"column":46},"end":{"line":143,"column":47}},"loc":{"start":{"line":144,"column":18},"end":{"line":144,"column":78}},"line":144},"7":{"name":"(anonymous_7)","decl":{"start":{"line":148,"column":46},"end":{"line":148,"column":47}},"loc":{"start":{"line":149,"column":18},"end":{"line":149,"column":78}},"line":149},"8":{"name":"(anonymous_8)","decl":{"start":{"line":178,"column":21},"end":{"line":178,"column":22}},"loc":{"start":{"line":178,"column":38},"end":{"line":181,"column":15}},"line":178},"9":{"name":"(anonymous_9)","decl":{"start":{"line":182,"column":23},"end":{"line":182,"column":24}},"loc":{"start":{"line":182,"column":29},"end":{"line":182,"column":58}},"line":182},"10":{"name":"(anonymous_10)","decl":{"start":{"line":191,"column":21},"end":{"line":191,"column":22}},"loc":{"start":{"line":191,"column":38},"end":{"line":194,"column":15}},"line":191}},"branchMap":{"0":{"loc":{"start":{"line":48,"column":4},"end":{"line":48,"column":28}},"type":"if","locations":[{"start":{"line":48,"column":4},"end":{"line":48,"column":28}},{"start":{},"end":{}}],"line":48},"1":{"loc":{"start":{"line":62,"column":6},"end":{"line":68,"column":7}},"type":"if","locations":[{"start":{"line":62,"column":6},"end":{"line":68,"column":7}},{"start":{},"end":{}}],"line":62},"2":{"loc":{"start":{"line":76,"column":18},"end":{"line":76,"column":62}},"type":"cond-expr","locations":[{"start":{"line":76,"column":42},"end":{"line":76,"column":51}},{"start":{"line":76,"column":54},"end":{"line":76,"column":62}}],"line":76},"3":{"loc":{"start":{"line":128,"column":14},"end":{"line":128,"column":51}},"type":"binary-expr","locations":[{"start":{"line":128,"column":14},"end":{"line":128,"column":21}},{"start":{"line":128,"column":25},"end":{"line":128,"column":51}}],"line":128},"4":{"loc":{"start":{"line":129,"column":14},"end":{"line":129,"column":56}},"type":"binary-expr","locations":[{"start":{"line":129,"column":14},"end":{"line":129,"column":25}},{"start":{"line":129,"column":29},"end":{"line":129,"column":56}}],"line":129},"5":{"loc":{"start":{"line":132,"column":22},"end":{"line":132,"column":46}},"type":"binary-expr","locations":[{"start":{"line":132,"column":22},"end":{"line":132,"column":33}},{"start":{"line":132,"column":37},"end":{"line":132,"column":46}}],"line":132},"6":{"loc":{"start":{"line":157,"column":22},"end":{"line":157,"column":55}},"type":"cond-expr","locations":[{"start":{"line":157,"column":34},"end":{"line":157,"column":40}},{"start":{"line":157,"column":43},"end":{"line":157,"column":55}}],"line":157},"7":{"loc":{"start":{"line":163,"column":13},"end":{"line":165,"column":13}},"type":"binary-expr","locations":[{"start":{"line":163,"column":13},"end":{"line":163,"column":22}},{"start":{"line":164,"column":14},"end":{"line":164,"column":64}}],"line":163},"8":{"loc":{"start":{"line":180,"column":16},"end":{"line":180,"column":51}},"type":"binary-expr","locations":[{"start":{"line":180,"column":16},"end":{"line":180,"column":23}},{"start":{"line":180,"column":27},"end":{"line":180,"column":51}}],"line":180},"9":{"loc":{"start":{"line":193,"column":16},"end":{"line":193,"column":51}},"type":"binary-expr","locations":[{"start":{"line":193,"column":16},"end":{"line":193,"column":23}},{"start":{"line":193,"column":27},"end":{"line":193,"column":51}}],"line":193},"10":{"loc":{"start":{"line":204,"column":11},"end":{"line":218,"column":11}},"type":"binary-expr","locations":[{"start":{"line":204,"column":11},"end":{"line":204,"column":20}},{"start":{"line":205,"column":12},"end":{"line":217,"column":19}}],"line":204}},"s":{"0":0,"1":0,"2":0,"3":0,"4":0,"5":0,"6":0,"7":0,"8":0,"9":0,"10":0,"11":0,"12":0,"13":0,"14":0,"15":0,"16":0,"17":0,"18":0,"19":0,"20":0,"21":0,"22":0,"23":0,"24":0,"25":0,"26":0,"27":0,"28":0},"f":{"0":0,"1":0,"2":0,"3":0,"4":0,"5":0,"6":0,"7":0,"8":0,"9":0,"10":0},"b":{"0":[0,0],"1":[0,0],"2":[0,0],"3":[0,0],"4":[0,0],"5":[0,0],"6":[0,0],"7":[0,0],"8":[0,0],"9":[0,0],"10":[0,0]}}
,"D:\\xamp\\htdocs\\everyday_food\\app\\manual-recipe.tsx": {"path":"D:\\xamp\\htdocs\\everyday_food\\app\\manual-recipe.tsx","statementMap":{"0":{"start":{"line":43,"column":14},"end":{"line":43,"column":88}},"1":{"start":{"line":46,"column":40},"end":{"line":46,"column":51}},"2":{"start":{"line":47,"column":34},"end":{"line":47,"column":49}},"3":{"start":{"line":50,"column":28},"end":{"line":50,"column":40}},"4":{"start":{"line":51,"column":34},"end":{"line":51,"column":47}},"5":{"start":{"line":52,"column":34},"end":{"line":52,"column":46}},"6":{"start":{"line":53,"column":34},"end":{"line":53,"column":46}},"7":{"start":{"line":54,"column":38},"end":{"line":54,"column":64}},"8":{"start":{"line":57,"column":40},"end":{"line":59,"column":4}},"9":{"start":{"line":62,"column":28},"end":{"line":62,"column":76}},"10":{"start":{"line":65,"column":40},"end":{"line":65,"column":52}},"11":{"start":{"line":66,"column":32},"end":{"line":66,"column":44}},"12":{"start":{"line":67,"column":34},"end":{"line":67,"column":49}},"13":{"start":{"line":69,"column":23},"end":{"line":69,"column":60}},"14":{"start":{"line":71,"column":23},"end":{"line":100,"column":3}},"15":{"start":{"line":72,"column":4},"end":{"line":99,"column":5}},"16":{"start":{"line":74,"column":8},"end":{"line":77,"column":9}},"17":{"start":{"line":75,"column":10},"end":{"line":75,"column":65}},"18":{"start":{"line":76,"column":10},"end":{"line":76,"column":23}},"19":{"start":{"line":78,"column":8},"end":{"line":81,"column":9}},"20":{"start":{"line":79,"column":10},"end":{"line":79,"column":65}},"21":{"start":{"line":80,"column":10},"end":{"line":80,"column":23}},"22":{"start":{"line":82,"column":8},"end":{"line":82,"column":20}},"23":{"start":{"line":84,"column":33},"end":{"line":84,"column":73}},"24":{"start":{"line":84,"column":59},"end":{"line":84,"column":72}},"25":{"start":{"line":85,"column":8},"end":{"line":88,"column":9}},"26":{"start":{"line":86,"column":10},"end":{"line":86,"column":72}},"27":{"start":{"line":87,"column":10},"end":{"line":87,"column":23}},"28":{"start":{"line":89,"column":8},"end":{"line":89,"column":20}},"29":{"start":{"line":91,"column":27},"end":{"line":91,"column":68}},"30":{"start":{"line":91,"column":47},"end":{"line":91,"column":67}},"31":{"start":{"line":92,"column":8},"end":{"line":95,"column":9}},"32":{"start":{"line":93,"column":10},"end":{"line":93,"column":66}},"33":{"start":{"line":94,"column":10},"end":{"line":94,"column":23}},"34":{"start":{"line":96,"column":8},"end":{"line":96,"column":20}},"35":{"start":{"line":98,"column":8},"end":{"line":98,"column":20}},"36":{"start":{"line":102,"column":21},"end":{"line":106,"column":3}},"37":{"start":{"line":103,"column":4},"end":{"line":105,"column":5}},"38":{"start":{"line":104,"column":6},"end":{"line":104,"column":38}},"39":{"start":{"line":108,"column":21},"end":{"line":114,"column":3}},"40":{"start":{"line":109,"column":4},"end":{"line":113,"column":5}},"41":{"start":{"line":110,"column":6},"end":{"line":110,"column":38}},"42":{"start":{"line":112,"column":6},"end":{"line":112,"column":20}},"43":{"start":{"line":116,"column":21},"end":{"line":155,"column":3}},"44":{"start":{"line":117,"column":4},"end":{"line":117,"column":43}},"45":{"start":{"line":117,"column":36},"end":{"line":117,"column":43}},"46":{"start":{"line":119,"column":4},"end":{"line":119,"column":22}},"47":{"start":{"line":120,"column":4},"end":{"line":154,"column":5}},"48":{"start":{"line":121,"column":31},"end":{"line":127,"column":11}},"49":{"start":{"line":122,"column":23},"end":{"line":122,"column":36}},"50":{"start":{"line":123,"column":21},"end":{"line":127,"column":9}},"51":{"start":{"line":129,"column":25},"end":{"line":133,"column":11}},"52":{"start":{"line":130,"column":23},"end":{"line":130,"column":43}},"53":{"start":{"line":131,"column":21},"end":{"line":133,"column":9}},"54":{"start":{"line":135,"column":21},"end":{"line":146,"column":8}},"55":{"start":{"line":148,"column":6},"end":{"line":148,"column":51}},"56":{"start":{"line":150,"column":6},"end":{"line":150,"column":55}},"57":{"start":{"line":151,"column":6},"end":{"line":151,"column":71}},"58":{"start":{"line":153,"column":6},"end":{"line":153,"column":25}},"59":{"start":{"line":157,"column":24},"end":{"line":162,"column":3}},"60":{"start":{"line":158,"column":4},"end":{"line":161,"column":7}},"61":{"start":{"line":164,"column":27},"end":{"line":168,"column":3}},"62":{"start":{"line":165,"column":4},"end":{"line":167,"column":5}},"63":{"start":{"line":166,"column":6},"end":{"line":166,"column":61}},"64":{"start":{"line":166,"column":47},"end":{"line":166,"column":58}},"65":{"start":{"line":170,"column":27},"end":{"line":174,"column":3}},"66":{"start":{"line":171,"column":4},"end":{"line":173,"column":6}},"67":{"start":{"line":172,"column":30},"end":{"line":172,"column":72}},"68":{"start":{"line":176,"column":18},"end":{"line":178,"column":3}},"69":{"start":{"line":177,"column":4},"end":{"line":177,"column":73}},"70":{"start":{"line":180,"column":21},"end":{"line":184,"column":3}},"71":{"start":{"line":181,"column":4},"end":{"line":183,"column":5}},"72":{"start":{"line":182,"column":6},"end":{"line":182,"column":49}},"73":{"start":{"line":182,"column":35},"end":{"line":182,"column":46}},"74":{"start":{"line":186,"column":21},"end":{"line":188,"column":3}},"75":{"start":{"line":187,"column":4},"end":{"line":187,"column":74}},"76":{"start":{"line":187,"column":31},"end":{"line":187,"column":70}},"77":{"start":{"line":190,"column":30},"end":{"line":218,"column":3}},"78":{"start":{"line":191,"column":4},"end":{"line":217,"column":11}},"79":{"start":{"line":193,"column":8},"end":{"line":215,"column":15}},"80":{"start":{"line":220,"column":26},"end":{"line":299,"column":3}},"81":{"start":{"line":221,"column":4},"end":{"line":298,"column":20}},"82":{"start":{"line":278,"column":12},"end":{"line":294,"column":24}},"83":{"start":{"line":284,"column":29},"end":{"line":284,"column":49}},"84":{"start":{"line":301,"column":28},"end":{"line":361,"column":3}},"85":{"start":{"line":302,"column":4},"end":{"line":360,"column":20}},"86":{"start":{"line":307,"column":8},"end":{"line":347,"column":24}},"87":{"start":{"line":321,"column":35},"end":{"line":321,"column":77}},"88":{"start":{"line":329,"column":37},"end":{"line":329,"column":81}},"89":{"start":{"line":337,"column":37},"end":{"line":337,"column":79}},"90":{"start":{"line":343,"column":27},"end":{"line":343,"column":58}},"91":{"start":{"line":351,"column":32},"end":{"line":354,"column":9}},"92":{"start":{"line":363,"column":22},"end":{"line":407,"column":3}},"93":{"start":{"line":364,"column":4},"end":{"line":406,"column":20}},"94":{"start":{"line":369,"column":8},"end":{"line":393,"column":24}},"95":{"start":{"line":382,"column":33},"end":{"line":382,"column":55}},"96":{"start":{"line":389,"column":27},"end":{"line":389,"column":46}},"97":{"start":{"line":397,"column":32},"end":{"line":400,"column":9}},"98":{"start":{"line":409,"column":23},"end":{"line":497,"column":3}},"99":{"start":{"line":410,"column":4},"end":{"line":496,"column":20}},"100":{"start":{"line":447,"column":27},"end":{"line":447,"column":45}},"101":{"start":{"line":473,"column":27},"end":{"line":473,"column":44}},"102":{"start":{"line":499,"column":28},"end":{"line":512,"column":3}},"103":{"start":{"line":500,"column":4},"end":{"line":511,"column":5}},"104":{"start":{"line":502,"column":8},"end":{"line":502,"column":33}},"105":{"start":{"line":504,"column":8},"end":{"line":504,"column":35}},"106":{"start":{"line":506,"column":8},"end":{"line":506,"column":29}},"107":{"start":{"line":508,"column":8},"end":{"line":508,"column":30}},"108":{"start":{"line":510,"column":8},"end":{"line":510,"column":20}},"109":{"start":{"line":514,"column":21},"end":{"line":514,"column":69}},"110":{"start":{"line":516,"column":2},"end":{"line":579,"column":4}},"111":{"start":{"line":547,"column":38},"end":{"line":550,"column":15}},"112":{"start":{"line":558,"column":38},"end":{"line":562,"column":15}},"113":{"start":{"line":582,"column":15},"end":{"line":938,"column":2}}},"fnMap":{"0":{"name":"ManualRecipeScreen","decl":{"start":{"line":45,"column":24},"end":{"line":45,"column":42}},"loc":{"start":{"line":45,"column":45},"end":{"line":580,"column":1}},"line":45},"1":{"name":"(anonymous_1)","decl":{"start":{"line":71,"column":23},"end":{"line":71,"column":24}},"loc":{"start":{"line":71,"column":50},"end":{"line":100,"column":3}},"line":71},"2":{"name":"(anonymous_2)","decl":{"start":{"line":84,"column":52},"end":{"line":84,"column":53}},"loc":{"start":{"line":84,"column":59},"end":{"line":84,"column":72}},"line":84},"3":{"name":"(anonymous_3)","decl":{"start":{"line":91,"column":40},"end":{"line":91,"column":41}},"loc":{"start":{"line":91,"column":47},"end":{"line":91,"column":67}},"line":91},"4":{"name":"(anonymous_4)","decl":{"start":{"line":102,"column":21},"end":{"line":102,"column":22}},"loc":{"start":{"line":102,"column":27},"end":{"line":106,"column":3}},"line":102},"5":{"name":"(anonymous_5)","decl":{"start":{"line":108,"column":21},"end":{"line":108,"column":22}},"loc":{"start":{"line":108,"column":27},"end":{"line":114,"column":3}},"line":108},"6":{"name":"(anonymous_6)","decl":{"start":{"line":116,"column":21},"end":{"line":116,"column":22}},"loc":{"start":{"line":116,"column":33},"end":{"line":155,"column":3}},"line":116},"7":{"name":"(anonymous_7)","decl":{"start":{"line":122,"column":16},"end":{"line":122,"column":17}},"loc":{"start":{"line":122,"column":23},"end":{"line":122,"column":36}},"line":122},"8":{"name":"(anonymous_8)","decl":{"start":{"line":123,"column":13},"end":{"line":123,"column":14}},"loc":{"start":{"line":123,"column":21},"end":{"line":127,"column":9}},"line":123},"9":{"name":"(anonymous_9)","decl":{"start":{"line":130,"column":16},"end":{"line":130,"column":17}},"loc":{"start":{"line":130,"column":23},"end":{"line":130,"column":43}},"line":130},"10":{"name":"(anonymous_10)","decl":{"start":{"line":131,"column":13},"end":{"line":131,"column":14}},"loc":{"start":{"line":131,"column":21},"end":{"line":133,"column":9}},"line":131},"11":{"name":"(anonymous_11)","decl":{"start":{"line":157,"column":24},"end":{"line":157,"column":25}},"loc":{"start":{"line":157,"column":30},"end":{"line":162,"column":3}},"line":157},"12":{"name":"(anonymous_12)","decl":{"start":{"line":164,"column":27},"end":{"line":164,"column":28}},"loc":{"start":{"line":164,"column":43},"end":{"line":168,"column":3}},"line":164},"13":{"name":"(anonymous_13)","decl":{"start":{"line":166,"column":40},"end":{"line":166,"column":41}},"loc":{"start":{"line":166,"column":47},"end":{"line":166,"column":58}},"line":166},"14":{"name":"(anonymous_14)","decl":{"start":{"line":170,"column":27},"end":{"line":170,"column":28}},"loc":{"start":{"line":170,"column":83},"end":{"line":174,"column":3}},"line":170},"15":{"name":"(anonymous_15)","decl":{"start":{"line":172,"column":22},"end":{"line":172,"column":23}},"loc":{"start":{"line":172,"column":30},"end":{"line":172,"column":72}},"line":172},"16":{"name":"(anonymous_16)","decl":{"start":{"line":176,"column":18},"end":{"line":176,"column":19}},"loc":{"start":{"line":176,"column":24},"end":{"line":178,"column":3}},"line":176},"17":{"name":"(anonymous_17)","decl":{"start":{"line":180,"column":21},"end":{"line":180,"column":22}},"loc":{"start":{"line":180,"column":37},"end":{"line":184,"column":3}},"line":180},"18":{"name":"(anonymous_18)","decl":{"start":{"line":182,"column":28},"end":{"line":182,"column":29}},"loc":{"start":{"line":182,"column":35},"end":{"line":182,"column":46}},"line":182},"19":{"name":"(anonymous_19)","decl":{"start":{"line":186,"column":21},"end":{"line":186,"column":22}},"loc":{"start":{"line":186,"column":58},"end":{"line":188,"column":3}},"line":186},"20":{"name":"(anonymous_20)","decl":{"start":{"line":187,"column":23},"end":{"line":187,"column":24}},"loc":{"start":{"line":187,"column":31},"end":{"line":187,"column":70}},"line":187},"21":{"name":"(anonymous_21)","decl":{"start":{"line":190,"column":30},"end":{"line":190,"column":31}},"loc":{"start":{"line":191,"column":4},"end":{"line":217,"column":11}},"line":191},"22":{"name":"(anonymous_22)","decl":{"start":{"line":192,"column":24},"end":{"line":192,"column":25}},"loc":{"start":{"line":193,"column":8},"end":{"line":215,"column":15}},"line":193},"23":{"name":"(anonymous_23)","decl":{"start":{"line":220,"column":26},"end":{"line":220,"column":27}},"loc":{"start":{"line":221,"column":4},"end":{"line":298,"column":20}},"line":221},"24":{"name":"(anonymous_24)","decl":{"start":{"line":277,"column":53},"end":{"line":277,"column":54}},"loc":{"start":{"line":278,"column":12},"end":{"line":294,"column":24}},"line":278},"25":{"name":"(anonymous_25)","decl":{"start":{"line":284,"column":23},"end":{"line":284,"column":24}},"loc":{"start":{"line":284,"column":29},"end":{"line":284,"column":49}},"line":284},"26":{"name":"(anonymous_26)","decl":{"start":{"line":301,"column":28},"end":{"line":301,"column":29}},"loc":{"start":{"line":302,"column":4},"end":{"line":360,"column":20}},"line":302},"27":{"name":"(anonymous_27)","decl":{"start":{"line":306,"column":23},"end":{"line":306,"column":24}},"loc":{"start":{"line":307,"column":8},"end":{"line":347,"column":24}},"line":307},"28":{"name":"(anonymous_28)","decl":{"start":{"line":321,"column":28},"end":{"line":321,"column":29}},"loc":{"start":{"line":321,"column":35},"end":{"line":321,"column":77}},"line":321},"29":{"name":"(anonymous_29)","decl":{"start":{"line":329,"column":30},"end":{"line":329,"column":31}},"loc":{"start":{"line":329,"column":37},"end":{"line":329,"column":81}},"line":329},"30":{"name":"(anonymous_30)","decl":{"start":{"line":337,"column":30},"end":{"line":337,"column":31}},"loc":{"start":{"line":337,"column":37},"end":{"line":337,"column":79}},"line":337},"31":{"name":"(anonymous_31)","decl":{"start":{"line":343,"column":21},"end":{"line":343,"column":22}},"loc":{"start":{"line":343,"column":27},"end":{"line":343,"column":58}},"line":343},"32":{"name":"(anonymous_32)","decl":{"start":{"line":351,"column":15},"end":{"line":351,"column":16}},"loc":{"start":{"line":351,"column":32},"end":{"line":354,"column":9}},"line":351},"33":{"name":"(anonymous_33)","decl":{"start":{"line":363,"column":22},"end":{"line":363,"column":23}},"loc":{"start":{"line":364,"column":4},"end":{"line":406,"column":20}},"line":364},"34":{"name":"(anonymous_34)","decl":{"start":{"line":368,"column":17},"end":{"line":368,"column":18}},"loc":{"start":{"line":369,"column":8},"end":{"line":393,"column":24}},"line":369},"35":{"name":"(anonymous_35)","decl":{"start":{"line":382,"column":26},"end":{"line":382,"column":27}},"loc":{"start":{"line":382,"column":33},"end":{"line":382,"column":55}},"line":382},"36":{"name":"(anonymous_36)","decl":{"start":{"line":389,"column":21},"end":{"line":389,"column":22}},"loc":{"start":{"line":389,"column":27},"end":{"line":389,"column":46}},"line":389},"37":{"name":"(anonymous_37)","decl":{"start":{"line":397,"column":15},"end":{"line":397,"column":16}},"loc":{"start":{"line":397,"column":32},"end":{"line":400,"column":9}},"line":397},"38":{"name":"(anonymous_38)","decl":{"start":{"line":409,"column":23},"end":{"line":409,"column":24}},"loc":{"start":{"line":410,"column":4},"end":{"line":496,"column":20}},"line":410},"39":{"name":"(anonymous_39)","decl":{"start":{"line":447,"column":21},"end":{"line":447,"column":22}},"loc":{"start":{"line":447,"column":27},"end":{"line":447,"column":45}},"line":447},"40":{"name":"(anonymous_40)","decl":{"start":{"line":473,"column":21},"end":{"line":473,"column":22}},"loc":{"start":{"line":473,"column":27},"end":{"line":473,"column":44}},"line":473},"41":{"name":"(anonymous_41)","decl":{"start":{"line":499,"column":28},"end":{"line":499,"column":29}},"loc":{"start":{"line":499,"column":34},"end":{"line":512,"column":3}},"line":499},"42":{"name":"(anonymous_42)","decl":{"start":{"line":547,"column":21},"end":{"line":547,"column":22}},"loc":{"start":{"line":547,"column":38},"end":{"line":550,"column":15}},"line":547},"43":{"name":"(anonymous_43)","decl":{"start":{"line":558,"column":21},"end":{"line":558,"column":22}},"loc":{"start":{"line":558,"column":38},"end":{"line":562,"column":15}},"line":558}},"branchMap":{"0":{"loc":{"start":{"line":72,"column":4},"end":{"line":99,"column":5}},"type":"switch","locations":[{"start":{"line":73,"column":6},"end":{"line":82,"column":20}},{"start":{"line":83,"column":6},"end":{"line":89,"column":20}},{"start":{"line":90,"column":6},"end":{"line":96,"column":20}},{"start":{"line":97,"column":6},"end":{"line":98,"column":20}}],"line":72},"1":{"loc":{"start":{"line":74,"column":8},"end":{"line":77,"column":9}},"type":"if","locations":[{"start":{"line":74,"column":8},"end":{"line":77,"column":9}},{"start":{},"end":{}}],"line":74},"2":{"loc":{"start":{"line":78,"column":8},"end":{"line":81,"column":9}},"type":"if","locations":[{"start":{"line":78,"column":8},"end":{"line":81,"column":9}},{"start":{},"end":{}}],"line":78},"3":{"loc":{"start":{"line":78,"column":12},"end":{"line":78,"column":48}},"type":"binary-expr","locations":[{"start":{"line":78,"column":12},"end":{"line":78,"column":21}},{"start":{"line":78,"column":25},"end":{"line":78,"column":48}}],"line":78},"4":{"loc":{"start":{"line":85,"column":8},"end":{"line":88,"column":9}},"type":"if","locations":[{"start":{"line":85,"column":8},"end":{"line":88,"column":9}},{"start":{},"end":{}}],"line":85},"5":{"loc":{"start":{"line":92,"column":8},"end":{"line":95,"column":9}},"type":"if","locations":[{"start":{"line":92,"column":8},"end":{"line":95,"column":9}},{"start":{},"end":{}}],"line":92},"6":{"loc":{"start":{"line":103,"column":4},"end":{"line":105,"column":5}},"type":"if","locations":[{"start":{"line":103,"column":4},"end":{"line":105,"column":5}},{"start":{},"end":{}}],"line":103},"7":{"loc":{"start":{"line":109,"column":4},"end":{"line":113,"column":5}},"type":"if","locations":[{"start":{"line":109,"column":4},"end":{"line":113,"column":5}},{"start":{"line":111,"column":11},"end":{"line":113,"column":5}}],"line":109},"8":{"loc":{"start":{"line":117,"column":4},"end":{"line":117,"column":43}},"type":"if","locations":[{"start":{"line":117,"column":4},"end":{"line":117,"column":43}},{"start":{},"end":{}}],"line":117},"9":{"loc":{"start":{"line":125,"column":18},"end":{"line":125,"column":61}},"type":"cond-expr","locations":[{"start":{"line":125,"column":29},"end":{"line":125,"column":49}},{"start":{"line":125,"column":52},"end":{"line":125,"column":61}}],"line":125},"10":{"loc":{"start":{"line":126,"column":16},"end":{"line":126,"column":35}},"type":"binary-expr","locations":[{"start":{"line":126,"column":16},"end":{"line":126,"column":22}},{"start":{"line":126,"column":26},"end":{"line":126,"column":35}}],"line":126},"11":{"loc":{"start":{"line":138,"column":18},"end":{"line":138,"column":59}},"type":"cond-expr","locations":[{"start":{"line":138,"column":29},"end":{"line":138,"column":47}},{"start":{"line":138,"column":50},"end":{"line":138,"column":59}}],"line":138},"12":{"loc":{"start":{"line":139,"column":18},"end":{"line":139,"column":59}},"type":"cond-expr","locations":[{"start":{"line":139,"column":29},"end":{"line":139,"column":47}},{"start":{"line":139,"column":50},"end":{"line":139,"column":59}}],"line":139},"13":{"loc":{"start":{"line":140,"column":20},"end":{"line":140,"column":43}},"type":"binary-expr","locations":[{"start":{"line":140,"column":20},"end":{"line":140,"column":30}},{"start":{"line":140,"column":34},"end":{"line":140,"column":43}}],"line":140},"14":{"loc":{"start":{"line":141,"column":21},"end":{"line":141,"column":52}},"type":"binary-expr","locations":[{"start":{"line":141,"column":21},"end":{"line":141,"column":39}},{"start":{"line":141,"column":43},"end":{"line":141,"column":52}}],"line":141},"15":{"loc":{"start":{"line":142,"column":17},"end":{"line":142,"column":44}},"type":"binary-expr","locations":[{"start":{"line":142,"column":17},"end":{"line":142,"column":31}},{"start":{"line":142,"column":35},"end":{"line":142,"column":44}}],"line":142},"16":{"loc":{"start":{"line":165,"column":4},"end":{"line":167,"column":5}},"type":"if","locations":[{"start":{"line":165,"column":4},"end":{"line":167,"column":5}},{"start":{},"end":{}}],"line":165},"17":{"loc":{"start":{"line":172,"column":30},"end":{"line":172,"column":72}},"type":"cond-expr","locations":[{"start":{"line":172,"column":44},"end":{"line":172,"column":68}},{"start":{"line":172,"column":71},"end":{"line":172,"column":72}}],"line":172},"18":{"loc":{"start":{"line":181,"column":4},"end":{"line":183,"column":5}},"type":"if","locations":[{"start":{"line":181,"column":4},"end":{"line":183,"column":5}},{"start":{},"end":{}}],"line":181},"19":{"loc":{"start":{"line":187,"column":31},"end":{"line":187,"column":70}},"type":"cond-expr","locations":[{"start":{"line":187,"column":45},"end":{"line":187,"column":66}},{"start":{"line":187,"column":69},"end":{"line":187,"column":70}}],"line":187},"20":{"loc":{"start":{"line":197,"column":14},"end":{"line":197,"column":57}},"type":"binary-expr","locations":[{"start":{"line":197,"column":14},"end":{"line":197,"column":33}},{"start":{"line":197,"column":37},"end":{"line":197,"column":57}}],"line":197},"21":{"loc":{"start":{"line":198,"column":14},"end":{"line":198,"column":59}},"type":"binary-expr","locations":[{"start":{"line":198,"column":14},"end":{"line":198,"column":34}},{"start":{"line":198,"column":38},"end":{"line":198,"column":59}}],"line":198},"22":{"loc":{"start":{"line":201,"column":13},"end":{"line":205,"column":13}},"type":"cond-expr","locations":[{"start":{"line":202,"column":14},"end":{"line":202,"column":73}},{"start":{"line":204,"column":14},"end":{"line":204,"column":60}}],"line":201},"23":{"loc":{"start":{"line":207,"column":11},"end":{"line":214,"column":11}},"type":"binary-expr","locations":[{"start":{"line":207,"column":11},"end":{"line":207,"column":19}},{"start":{"line":208,"column":12},"end":{"line":213,"column":14}}],"line":207},"24":{"loc":{"start":{"line":211,"column":16},"end":{"line":211,"column":59}},"type":"binary-expr","locations":[{"start":{"line":211,"column":16},"end":{"line":211,"column":34}},{"start":{"line":211,"column":38},"end":{"line":211,"column":59}}],"line":211},"25":{"loc":{"start":{"line":282,"column":16},"end":{"line":282,"column":71}},"type":"binary-expr","locations":[{"start":{"line":282,"column":16},"end":{"line":282,"column":36}},{"start":{"line":282,"column":40},"end":{"line":282,"column":71}}],"line":282},"26":{"loc":{"start":{"line":289,"column":18},"end":{"line":289,"column":71}},"type":"binary-expr","locations":[{"start":{"line":289,"column":18},"end":{"line":289,"column":38}},{"start":{"line":289,"column":42},"end":{"line":289,"column":71}}],"line":289},"27":{"loc":{"start":{"line":353,"column":10},"end":{"line":353,"column":44}},"type":"binary-expr","locations":[{"start":{"line":353,"column":10},"end":{"line":353,"column":17}},{"start":{"line":353,"column":21},"end":{"line":353,"column":44}}],"line":353},"28":{"loc":{"start":{"line":399,"column":10},"end":{"line":399,"column":44}},"type":"binary-expr","locations":[{"start":{"line":399,"column":10},"end":{"line":399,"column":17}},{"start":{"line":399,"column":21},"end":{"line":399,"column":44}}],"line":399},"29":{"loc":{"start":{"line":445,"column":14},"end":{"line":445,"column":55}},"type":"binary-expr","locations":[{"start":{"line":445,"column":14},"end":{"line":445,"column":23}},{"start":{"line":445,"column":27},"end":{"line":445,"column":55}}],"line":445},"30":{"loc":{"start":{"line":453,"column":23},"end":{"line":453,"column":65}},"type":"cond-expr","locations":[{"start":{"line":453,"column":35},"end":{"line":453,"column":46}},{"start":{"line":453,"column":49},"end":{"line":453,"column":65}}],"line":453},"31":{"loc":{"start":{"line":460,"column":18},"end":{"line":460,"column":64}},"type":"binary-expr","locations":[{"start":{"line":460,"column":18},"end":{"line":460,"column":27}},{"start":{"line":460,"column":31},"end":{"line":460,"column":64}}],"line":460},"32":{"loc":{"start":{"line":471,"column":14},"end":{"line":471,"column":54}},"type":"binary-expr","locations":[{"start":{"line":471,"column":14},"end":{"line":471,"column":22}},{"start":{"line":471,"column":26},"end":{"line":471,"column":54}}],"line":471},"33":{"loc":{"start":{"line":479,"column":23},"end":{"line":479,"column":64}},"type":"cond-expr","locations":[{"start":{"line":479,"column":34},"end":{"line":479,"column":45}},{"start":{"line":479,"column":48},"end":{"line":479,"column":64}}],"line":479},"34":{"loc":{"start":{"line":486,"column":18},"end":{"line":486,"column":63}},"type":"binary-expr","locations":[{"start":{"line":486,"column":18},"end":{"line":486,"column":26}},{"start":{"line":486,"column":30},"end":{"line":486,"column":63}}],"line":486},"35":{"loc":{"start":{"line":500,"column":4},"end":{"line":511,"column":5}},"type":"switch","locations":[{"start":{"line":501,"column":6},"end":{"line":502,"column":33}},{"start":{"line":503,"column":6},"end":{"line":504,"column":35}},{"start":{"line":505,"column":6},"end":{"line":506,"column":29}},{"start":{"line":507,"column":6},"end":{"line":508,"column":30}},{"start":{"line":509,"column":6},"end":{"line":510,"column":20}}],"line":500},"36":{"loc":{"start":{"line":521,"column":18},"end":{"line":521,"column":62}},"type":"cond-expr","locations":[{"start":{"line":521,"column":42},"end":{"line":521,"column":51}},{"start":{"line":521,"column":54},"end":{"line":521,"column":62}}],"line":521},"37":{"loc":{"start":{"line":545,"column":11},"end":{"line":575,"column":11}},"type":"cond-expr","locations":[{"start":{"line":546,"column":12},"end":{"line":555,"column":24}},{"start":{"line":557,"column":12},"end":{"line":574,"column":24}}],"line":545},"38":{"loc":{"start":{"line":549,"column":16},"end":{"line":549,"column":51}},"type":"binary-expr","locations":[{"start":{"line":549,"column":16},"end":{"line":549,"column":23}},{"start":{"line":549,"column":27},"end":{"line":549,"column":51}}],"line":549},"39":{"loc":{"start":{"line":560,"column":16},"end":{"line":560,"column":51}},"type":"binary-expr","locations":[{"start":{"line":560,"column":16},"end":{"line":560,"column":23}},{"start":{"line":560,"column":27},"end":{"line":560,"column":51}}],"line":560},"40":{"loc":{"start":{"line":561,"column":16},"end":{"line":561,"column":53}},"type":"binary-expr","locations":[{"start":{"line":561,"column":16},"end":{"line":561,"column":24}},{"start":{"line":561,"column":28},"end":{"line":561,"column":53}}],"line":561},"41":{"loc":{"start":{"line":567,"column":17},"end":{"line":567,"column":55}},"type":"cond-expr","locations":[{"start":{"line":567,"column":28},"end":{"line":567,"column":39}},{"start":{"line":567,"column":42},"end":{"line":567,"column":55}}],"line":567},"42":{"loc":{"start":{"line":570,"column":22},"end":{"line":570,"column":58}},"type":"cond-expr","locations":[{"start":{"line":570,"column":33},"end":{"line":570,"column":44}},{"start":{"line":570,"column":47},"end":{"line":570,"column":58}}],"line":570}},"s":{"0":0,"1":0,"2":0,"3":0,"4":0,"5":0,"6":0,"7":0,"8":0,"9":0,"10":0,"11":0,"12":0,"13":0,"14":0,"15":0,"16":0,"17":0,"18":0,"19":0,"20":0,"21":0,"22":0,"23":0,"24":0,"25":0,"26":0,"27":0,"28":0,"29":0,"30":0,"31":0,"32":0,"33":0,"34":0,"35":0,"36":0,"37":0,"38":0,"39":0,"40":0,"41":0,"42":0,"43":0,"44":0,"45":0,"46":0,"47":0,"48":0,"49":0,"50":0,"51":0,"52":0,"53":0,"54":0,"55":0,"56":0,"57":0,"58":0,"59":0,"60":0,"61":0,"62":0,"63":0,"64":0,"65":0,"66":0,"67":0,"68":0,"69":0,"70":0,"71":0,"72":0,"73":0,"74":0,"75":0,"76":0,"77":0,"78":0,"79":0,"80":0,"81":0,"82":0,"83":0,"84":0,"85":0,"86":0,"87":0,"88":0,"89":0,"90":0,"91":0,"92":0,"93":0,"94":0,"95":0,"96":0,"97":0,"98":0,"99":0,"100":0,"101":0,"102":0,"103":0,"104":0,"105":0,"106":0,"107":0,"108":0,"109":0,"110":0,"111":0,"112":0,"113":0},"f":{"0":0,"1":0,"2":0,"3":0,"4":0,"5":0,"6":0,"7":0,"8":0,"9":0,"10":0,"11":0,"12":0,"13":0,"14":0,"15":0,"16":0,"17":0,"18":0,"19":0,"20":0,"21":0,"22":0,"23":0,"24":0,"25":0,"26":0,"27":0,"28":0,"29":0,"30":0,"31":0,"32":0,"33":0,"34":0,"35":0,"36":0,"37":0,"38":0,"39":0,"40":0,"41":0,"42":0,"43":0},"b":{"0":[0,0,0,0],"1":[0,0],"2":[0,0],"3":[0,0],"4":[0,0],"5":[0,0],"6":[0,0],"7":[0,0],"8":[0,0],"9":[0,0],"10":[0,0],"11":[0,0],"12":[0,0],"13":[0,0],"14":[0,0],"15":[0,0],"16":[0,0],"17":[0,0],"18":[0,0],"19":[0,0],"20":[0,0],"21":[0,0],"22":[0,0],"23":[0,0],"24":[0,0],"25":[0,0],"26":[0,0],"27":[0,0],"28":[0,0],"29":[0,0],"30":[0,0],"31":[0,0],"32":[0,0],"33":[0,0],"34":[0,0],"35":[0,0,0,0,0],"36":[0,0],"37":[0,0],"38":[0,0],"39":[0,0],"40":[0,0],"41":[0,0],"42":[0,0]}}
,"D:\\xamp\\htdocs\\everyday_food\\app\\modal.tsx": {"path":"D:\\xamp\\htdocs\\everyday_food\\app\\modal.tsx","statementMap":{"0":{"start":{"line":8,"column":2},"end":{"line":17,"column":4}},"1":{"start":{"line":20,"column":15},"end":{"line":35,"column":2}}},"fnMap":{"0":{"name":"ModalScreen","decl":{"start":{"line":7,"column":24},"end":{"line":7,"column":35}},"loc":{"start":{"line":7,"column":38},"end":{"line":18,"column":1}},"line":7}},"branchMap":{"0":{"loc":{"start":{"line":15,"column":24},"end":{"line":15,"column":64}},"type":"cond-expr","locations":[{"start":{"line":15,"column":48},"end":{"line":15,"column":55}},{"start":{"line":15,"column":58},"end":{"line":15,"column":64}}],"line":15}},"s":{"0":0,"1":0},"f":{"0":0},"b":{"0":[0,0]}}
,"D:\\xamp\\htdocs\\everyday_food\\app\\select-recipe.tsx": {"path":"D:\\xamp\\htdocs\\everyday_food\\app\\select-recipe.tsx","statementMap":{"0":{"start":{"line":53,"column":2},"end":{"line":62,"column":4}},"1":{"start":{"line":75,"column":20},"end":{"line":75,"column":67}},"2":{"start":{"line":78,"column":22},"end":{"line":84,"column":3}},"3":{"start":{"line":79,"column":22},"end":{"line":79,"column":63}},"4":{"start":{"line":80,"column":4},"end":{"line":83,"column":6}},"5":{"start":{"line":81,"column":39},"end":{"line":81,"column":74}},"6":{"start":{"line":85,"column":19},"end":{"line":85,"column":32}},"7":{"start":{"line":87,"column":2},"end":{"line":158,"column":4}},"8":{"start":{"line":90,"column":32},"end":{"line":93,"column":9}},"9":{"start":{"line":146,"column":14},"end":{"line":148,"column":22}},"10":{"start":{"line":162,"column":17},"end":{"line":162,"column":75}},"11":{"start":{"line":163,"column":29},"end":{"line":163,"column":35}},"12":{"start":{"line":165,"column":40},"end":{"line":165,"column":52}},"13":{"start":{"line":166,"column":42},"end":{"line":166,"column":69}},"14":{"start":{"line":169,"column":21},"end":{"line":169,"column":51}},"15":{"start":{"line":170,"column":24},"end":{"line":173,"column":3}},"16":{"start":{"line":175,"column":26},"end":{"line":175,"column":60}},"17":{"start":{"line":177,"column":18},"end":{"line":183,"column":3}},"18":{"start":{"line":186,"column":29},"end":{"line":201,"column":3}},"19":{"start":{"line":187,"column":4},"end":{"line":189,"column":5}},"20":{"start":{"line":188,"column":6},"end":{"line":188,"column":45}},"21":{"start":{"line":191,"column":4},"end":{"line":191,"column":31}},"22":{"start":{"line":191,"column":21},"end":{"line":191,"column":31}},"23":{"start":{"line":193,"column":4},"end":{"line":195,"column":5}},"24":{"start":{"line":194,"column":6},"end":{"line":194,"column":42}},"25":{"start":{"line":198,"column":4},"end":{"line":200,"column":6}},"26":{"start":{"line":199,"column":6},"end":{"line":199,"column":67}},"27":{"start":{"line":199,"column":34},"end":{"line":199,"column":66}},"28":{"start":{"line":203,"column":26},"end":{"line":203,"column":46}},"29":{"start":{"line":206,"column":29},"end":{"line":219,"column":3}},"30":{"start":{"line":207,"column":4},"end":{"line":207,"column":35}},"31":{"start":{"line":207,"column":28},"end":{"line":207,"column":35}},"32":{"start":{"line":209,"column":4},"end":{"line":218,"column":5}},"33":{"start":{"line":210,"column":6},"end":{"line":214,"column":9}},"34":{"start":{"line":215,"column":6},"end":{"line":215,"column":20}},"35":{"start":{"line":217,"column":6},"end":{"line":217,"column":50}},"36":{"start":{"line":222,"column":27},"end":{"line":235,"column":3}},"37":{"start":{"line":223,"column":4},"end":{"line":234,"column":5}},"38":{"start":{"line":225,"column":8},"end":{"line":225,"column":27}},"39":{"start":{"line":227,"column":8},"end":{"line":227,"column":23}},"40":{"start":{"line":229,"column":8},"end":{"line":229,"column":24}},"41":{"start":{"line":231,"column":8},"end":{"line":231,"column":23}},"42":{"start":{"line":233,"column":8},"end":{"line":233,"column":22}},"43":{"start":{"line":238,"column":2},"end":{"line":255,"column":3}},"44":{"start":{"line":239,"column":4},"end":{"line":254,"column":6}},"45":{"start":{"line":243,"column":64},"end":{"line":243,"column":77}},"46":{"start":{"line":257,"column":2},"end":{"line":338,"column":4}},"47":{"start":{"line":263,"column":62},"end":{"line":263,"column":75}},"48":{"start":{"line":296,"column":32},"end":{"line":296,"column":39}},"49":{"start":{"line":298,"column":10},"end":{"line":302,"column":12}},"50":{"start":{"line":301,"column":27},"end":{"line":301,"column":51}},"51":{"start":{"line":317,"column":32},"end":{"line":317,"column":40}},"52":{"start":{"line":319,"column":10},"end":{"line":323,"column":12}},"53":{"start":{"line":321,"column":28},"end":{"line":321,"column":56}},"54":{"start":{"line":341,"column":15},"end":{"line":516,"column":2}}},"fnMap":{"0":{"name":"FilterChip","decl":{"start":{"line":44,"column":9},"end":{"line":44,"column":19}},"loc":{"start":{"line":52,"column":3},"end":{"line":63,"column":1}},"line":52},"1":{"name":"RecipeSelectItem","decl":{"start":{"line":66,"column":9},"end":{"line":66,"column":25}},"loc":{"start":{"line":74,"column":3},"end":{"line":159,"column":1}},"line":74},"2":{"name":"(anonymous_2)","decl":{"start":{"line":78,"column":22},"end":{"line":78,"column":23}},"loc":{"start":{"line":78,"column":28},"end":{"line":84,"column":3}},"line":78},"3":{"name":"(anonymous_3)","decl":{"start":{"line":81,"column":24},"end":{"line":81,"column":25}},"loc":{"start":{"line":81,"column":39},"end":{"line":81,"column":74}},"line":81},"4":{"name":"(anonymous_4)","decl":{"start":{"line":90,"column":15},"end":{"line":90,"column":16}},"loc":{"start":{"line":90,"column":32},"end":{"line":93,"column":9}},"line":90},"5":{"name":"(anonymous_5)","decl":{"start":{"line":145,"column":42},"end":{"line":145,"column":43}},"loc":{"start":{"line":146,"column":14},"end":{"line":148,"column":22}},"line":146},"6":{"name":"SelectRecipeScreen","decl":{"start":{"line":161,"column":24},"end":{"line":161,"column":42}},"loc":{"start":{"line":161,"column":45},"end":{"line":339,"column":1}},"line":161},"7":{"name":"(anonymous_7)","decl":{"start":{"line":186,"column":29},"end":{"line":186,"column":30}},"loc":{"start":{"line":186,"column":51},"end":{"line":201,"column":3}},"line":186},"8":{"name":"(anonymous_8)","decl":{"start":{"line":198,"column":49},"end":{"line":198,"column":50}},"loc":{"start":{"line":199,"column":6},"end":{"line":199,"column":67}},"line":199},"9":{"name":"(anonymous_9)","decl":{"start":{"line":199,"column":19},"end":{"line":199,"column":20}},"loc":{"start":{"line":199,"column":34},"end":{"line":199,"column":66}},"line":199},"10":{"name":"(anonymous_10)","decl":{"start":{"line":206,"column":29},"end":{"line":206,"column":30}},"loc":{"start":{"line":206,"column":64},"end":{"line":219,"column":3}},"line":206},"11":{"name":"(anonymous_11)","decl":{"start":{"line":222,"column":27},"end":{"line":222,"column":28}},"loc":{"start":{"line":222,"column":33},"end":{"line":235,"column":3}},"line":222},"12":{"name":"(anonymous_12)","decl":{"start":{"line":243,"column":58},"end":{"line":243,"column":59}},"loc":{"start":{"line":243,"column":64},"end":{"line":243,"column":77}},"line":243},"13":{"name":"(anonymous_13)","decl":{"start":{"line":263,"column":56},"end":{"line":263,"column":57}},"loc":{"start":{"line":263,"column":62},"end":{"line":263,"column":75}},"line":263},"14":{"name":"(anonymous_14)","decl":{"start":{"line":296,"column":22},"end":{"line":296,"column":23}},"loc":{"start":{"line":296,"column":32},"end":{"line":296,"column":39}},"line":296},"15":{"name":"(anonymous_15)","decl":{"start":{"line":297,"column":20},"end":{"line":297,"column":21}},"loc":{"start":{"line":298,"column":10},"end":{"line":302,"column":12}},"line":298},"16":{"name":"(anonymous_16)","decl":{"start":{"line":301,"column":21},"end":{"line":301,"column":22}},"loc":{"start":{"line":301,"column":27},"end":{"line":301,"column":51}},"line":301},"17":{"name":"(anonymous_17)","decl":{"start":{"line":317,"column":22},"end":{"line":317,"column":23}},"loc":{"start":{"line":317,"column":32},"end":{"line":317,"column":40}},"line":317},"18":{"name":"(anonymous_18)","decl":{"start":{"line":318,"column":20},"end":{"line":318,"column":21}},"loc":{"start":{"line":319,"column":10},"end":{"line":323,"column":12}},"line":319},"19":{"name":"(anonymous_19)","decl":{"start":{"line":321,"column":22},"end":{"line":321,"column":23}},"loc":{"start":{"line":321,"column":28},"end":{"line":321,"column":56}},"line":321}},"branchMap":{"0":{"loc":{"start":{"line":56,"column":33},"end":{"line":56,"column":66}},"type":"binary-expr","locations":[{"start":{"line":56,"column":33},"end":{"line":56,"column":39}},{"start":{"line":56,"column":43},"end":{"line":56,"column":66}}],"line":56},"1":{"loc":{"start":{"line":58,"column":43},"end":{"line":58,"column":80}},"type":"binary-expr","locations":[{"start":{"line":58,"column":43},"end":{"line":58,"column":49}},{"start":{"line":58,"column":53},"end":{"line":58,"column":80}}],"line":58},"2":{"loc":{"start":{"line":75,"column":21},"end":{"line":75,"column":41}},"type":"binary-expr","locations":[{"start":{"line":75,"column":21},"end":{"line":75,"column":36}},{"start":{"line":75,"column":40},"end":{"line":75,"column":41}}],"line":75},"3":{"loc":{"start":{"line":75,"column":46},"end":{"line":75,"column":66}},"type":"binary-expr","locations":[{"start":{"line":75,"column":46},"end":{"line":75,"column":61}},{"start":{"line":75,"column":65},"end":{"line":75,"column":66}}],"line":75},"4":{"loc":{"start":{"line":81,"column":6},"end":{"line":82,"column":14}},"type":"binary-expr","locations":[{"start":{"line":81,"column":6},"end":{"line":81,"column":90}},{"start":{"line":82,"column":6},"end":{"line":82,"column":14}}],"line":81},"5":{"loc":{"start":{"line":92,"column":10},"end":{"line":92,"column":45}},"type":"binary-expr","locations":[{"start":{"line":92,"column":10},"end":{"line":92,"column":17}},{"start":{"line":92,"column":21},"end":{"line":92,"column":45}}],"line":92},"6":{"loc":{"start":{"line":104,"column":13},"end":{"line":110,"column":20}},"type":"cond-expr","locations":[{"start":{"line":105,"column":16},"end":{"line":105,"column":20}},{"start":{"line":106,"column":16},"end":{"line":110,"column":20}}],"line":104},"7":{"loc":{"start":{"line":106,"column":16},"end":{"line":110,"column":20}},"type":"cond-expr","locations":[{"start":{"line":107,"column":16},"end":{"line":107,"column":20}},{"start":{"line":108,"column":16},"end":{"line":110,"column":20}}],"line":106},"8":{"loc":{"start":{"line":108,"column":16},"end":{"line":110,"column":20}},"type":"cond-expr","locations":[{"start":{"line":109,"column":16},"end":{"line":109,"column":20}},{"start":{"line":110,"column":16},"end":{"line":110,"column":20}}],"line":108},"9":{"loc":{"start":{"line":118,"column":11},"end":{"line":122,"column":11}},"type":"binary-expr","locations":[{"start":{"line":118,"column":11},"end":{"line":118,"column":29}},{"start":{"line":119,"column":12},"end":{"line":121,"column":19}}],"line":118},"10":{"loc":{"start":{"line":133,"column":13},"end":{"line":141,"column":13}},"type":"binary-expr","locations":[{"start":{"line":133,"column":13},"end":{"line":133,"column":30}},{"start":{"line":134,"column":14},"end":{"line":140,"column":22}}],"line":133},"11":{"loc":{"start":{"line":166,"column":51},"end":{"line":166,"column":68}},"type":"binary-expr","locations":[{"start":{"line":166,"column":51},"end":{"line":166,"column":59}},{"start":{"line":166,"column":63},"end":{"line":166,"column":68}}],"line":166},"12":{"loc":{"start":{"line":172,"column":4},"end":{"line":172,"column":49}},"type":"cond-expr","locations":[{"start":{"line":172,"column":18},"end":{"line":172,"column":40}},{"start":{"line":172,"column":43},"end":{"line":172,"column":49}}],"line":172},"13":{"loc":{"start":{"line":187,"column":4},"end":{"line":189,"column":5}},"type":"if","locations":[{"start":{"line":187,"column":4},"end":{"line":189,"column":5}},{"start":{},"end":{}}],"line":187},"14":{"loc":{"start":{"line":187,"column":8},"end":{"line":187,"column":36}},"type":"binary-expr","locations":[{"start":{"line":187,"column":8},"end":{"line":187,"column":19}},{"start":{"line":187,"column":23},"end":{"line":187,"column":36}}],"line":187},"15":{"loc":{"start":{"line":191,"column":4},"end":{"line":191,"column":31}},"type":"if","locations":[{"start":{"line":191,"column":4},"end":{"line":191,"column":31}},{"start":{},"end":{}}],"line":191},"16":{"loc":{"start":{"line":193,"column":4},"end":{"line":195,"column":5}},"type":"if","locations":[{"start":{"line":193,"column":4},"end":{"line":195,"column":5}},{"start":{},"end":{}}],"line":193},"17":{"loc":{"start":{"line":207,"column":4},"end":{"line":207,"column":35}},"type":"if","locations":[{"start":{"line":207,"column":4},"end":{"line":207,"column":35}},{"start":{},"end":{}}],"line":207},"18":{"loc":{"start":{"line":207,"column":8},"end":{"line":207,"column":26}},"type":"binary-expr","locations":[{"start":{"line":207,"column":8},"end":{"line":207,"column":13}},{"start":{"line":207,"column":17},"end":{"line":207,"column":26}}],"line":207},"19":{"loc":{"start":{"line":223,"column":4},"end":{"line":234,"column":5}},"type":"switch","locations":[{"start":{"line":224,"column":6},"end":{"line":225,"column":27}},{"start":{"line":226,"column":6},"end":{"line":227,"column":23}},{"start":{"line":228,"column":6},"end":{"line":229,"column":24}},{"start":{"line":230,"column":6},"end":{"line":231,"column":23}},{"start":{"line":232,"column":6},"end":{"line":233,"column":22}}],"line":223},"20":{"loc":{"start":{"line":238,"column":2},"end":{"line":255,"column":3}},"type":"if","locations":[{"start":{"line":238,"column":2},"end":{"line":255,"column":3}},{"start":{},"end":{}}],"line":238},"21":{"loc":{"start":{"line":268,"column":11},"end":{"line":276,"column":11}},"type":"binary-expr","locations":[{"start":{"line":268,"column":11},"end":{"line":268,"column":15}},{"start":{"line":269,"column":12},"end":{"line":275,"column":19}}],"line":268},"22":{"loc":{"start":{"line":311,"column":40},"end":{"line":311,"column":79}},"type":"cond-expr","locations":[{"start":{"line":311,"column":71},"end":{"line":311,"column":74}},{"start":{"line":311,"column":77},"end":{"line":311,"column":79}}],"line":311}},"s":{"0":0,"1":0,"2":0,"3":0,"4":0,"5":
[...]
,"D:\\xamp\\htdocs\\everyday_food\\src\\components\\ui\\Card.tsx": {"path":"D:\\xamp\\htdocs\\everyday_food\\src\\components\\ui\\Card.tsx","statementMap":{"0":{"start":{"line":14,"column":49},"end":{"line":19,"column":1}},"1":{"start":{"line":29,"column":33},"end":{"line":36,"column":34}},"2":{"start":{"line":38,"column":2},"end":{"line":50,"column":3}},"3":{"start":{"line":39,"column":4},"end":{"line":49,"column":6}},"4":{"start":{"line":42,"column":32},"end":{"line":45,"column":9}},"5":{"start":{"line":52,"column":2},"end":{"line":52,"column":51}},"6":{"start":{"line":55,"column":15},"end":{"line":74,"column":2}}},"fnMap":{"0":{"name":"Card","decl":{"start":{"line":21,"column":16},"end":{"line":21,"column":20}},"loc":{"start":{"line":28,"column":14},"end":{"line":53,"column":1}},"line":28},"1":{"name":"(anonymous_1)","decl":{"start":{"line":42,"column":15},"end":{"line":42,"column":16}},"loc":{"start":{"line":42,"column":32},"end":{"line":45,"column":9}},"line":42}},"branchMap":{"0":{"loc":{"start":{"line":24,"column":2},"end":{"line":24,"column":21}},"type":"default-arg","locations":[{"start":{"line":24,"column":12},"end":{"line":24,"column":21}}],"line":24},"1":{"loc":{"start":{"line":26,"column":2},"end":{"line":26,"column":16}},"type":"default-arg","locations":[{"start":{"line":26,"column":12},"end":{"line":26,"column":16}}],"line":26},"2":{"loc":{"start":{"line":32,"column":4},"end":{"line":32,"column":45}},"type":"binary-expr","locations":[{"start":{"line":32,"column":4},"end":{"line":32,"column":26}},{"start":{"line":32,"column":30},"end":{"line":32,"column":45}}],"line":32},"3":{"loc":{"start":{"line":33,"column":4},"end":{"line":33,"column":37}},"type":"binary-expr","locations":[{"start":{"line":33,"column":4},"end":{"line":33,"column":22}},{"start":{"line":33,"column":26},"end":{"line":33,"column":37}}],"line":33},"4":{"loc":{"start":{"line":34,"column":4},"end":{"line":34,"column":50}},"type":"cond-expr","locations":[{"start":{"line":34,"column":12},"end":{"line":34,"column":38}},{"start":{"line":34,"column":41},"end":{"line":34,"column":50}}],"line":34},"5":{"loc":{"start":{"line":38,"column":2},"end":{"line":50,"column":3}},"type":"if","locations":[{"start":{"line":38,"column":2},"end":{"line":50,"column":3}},{"start":{},"end":{}}],"line":38},"6":{"loc":{"start":{"line":44,"column":10},"end":{"line":44,"column":35}},"type":"binary-expr","locations":[{"start":{"line":44,"column":10},"end":{"line":44,"column":17}},{"start":{"line":44,"column":21},"end":{"line":44,"column":35}}],"line":44}},"s":{"0":5,"1":115,"2":115,"3":8,"4":8,"5":107,"6":5},"f":{"0":115,"1":8},"b":{"0":[112],"1":[111],"2":[115,1],"3":[115,1],"4":[1,114],"5":[8,107],"6":[8,0]},"_coverageSchema":"1a1c01bbd47fc00a2c39e90264f33305004495a9","hash":"30ef2ca3e13497ff69149e95138e1e9ff76ae861"}
,"D:\\xamp\\htdocs\\everyday_food\\src\\components\\ui\\Checkbox.tsx": {"path":"D:\\xamp\\htdocs\\everyday_food\\src\\components\\ui\\Checkbox.tsx","statementMap":{"0":{"start":{"line":15,"column":16},"end":{"line":19,"column":1}},"1":{"start":{"line":29,"column":20},"end":{"line":29,"column":33}},"2":{"start":{"line":31,"column":2},"end":{"line":68,"column":4}},"3":{"start":{"line":71,"column":15},"end":{"line":100,"column":2}}},"fnMap":{"0":{"name":"Checkbox","decl":{"start":{"line":21,"column":16},"end":{"line":21,"column":24}},"loc":{"start":{"line":28,"column":18},"end":{"line":69,"column":1}},"line":28}},"branchMap":{"0":{"loc":{"start":{"line":25,"column":2},"end":{"line":25,"column":18}},"type":"default-arg","locations":[{"start":{"line":25,"column":13},"end":{"line":25,"column":18}}],"line":25},"1":{"loc":{"start":{"line":26,"column":2},"end":{"line":26,"column":13}},"type":"default-arg","locations":[{"start":{"line":26,"column":9},"end":{"line":26,"column":13}}],"line":26},"2":{"loc":{"start":{"line":35,"column":32},"end":{"line":35,"column":59}},"type":"binary-expr","locations":[{"start":{"line":35,"column":32},"end":{"line":35,"column":40}},{"start":{"line":35,"column":44},"end":{"line":35,"column":59}}],"line":35},"3":{"loc":{"start":{"line":44,"column":10},"end":{"line":44,"column":35}},"type":"binary-expr","locations":[{"start":{"line":44,"column":10},"end":{"line":44,"column":17}},{"start":{"line":44,"column":21},"end":{"line":44,"column":35}}],"line":44},"4":{"loc":{"start":{"line":47,"column":9},"end":{"line":53,"column":9}},"type":"binary-expr","locations":[{"start":{"line":47,"column":9},"end":{"line":47,"column":16}},{"start":{"line":48,"column":10},"end":{"line":52,"column":12}}],"line":47},"5":{"loc":{"start":{"line":56,"column":7},"end":{"line":66,"column":7}},"type":"binary-expr","locations":[{"start":{"line":56,"column":7},"end":{"line":56,"column":12}},{"start":{"line":57,"column":8},"end":{"line":65,"column":15}}],"line":56},"6":{"loc":{"start":{"line":61,"column":12},"end":{"line":61,"column":42}},"type":"binary-expr","locations":[{"start":{"line":61,"column":12},"end":{"line":61,"column":19}},{"start":{"line":61,"column":23},"end":{"line":61,"column":42}}],"line":61}},"s":{"0":5,"1":166,"2":166,"3":5},"f":{"0":166},"b":{"0":[165],"1":[163],"2":[166,1],"3":[166,46],"4":[166,46],"5":[166,7],"6":[7,1]},"_coverageSchema":"1a1c01bbd47fc00a2c39e90264f33305004495a9","hash":"b680810b4e202277019c7c6dfafb13fcd65f4bb4"}
,"D:\\xamp\\htdocs\\everyday_food\\src\\components\\ui\\IconButton.tsx": {"path":"D:\\xamp\\htdocs\\everyday_food\\src\\components\\ui\\IconButton.tsx","statementMap":{"0":{"start":{"line":19,"column":16},"end":{"line":23,"column":1}},"1":{"start":{"line":25,"column":60},"end":{"line":41,"column":1}},"2":{"start":{"line":52,"column":20},"end":{"line":52,"column":33}},"3":{"start":{"line":53,"column":20},"end":{"line":53,"column":87}},"4":{"start":{"line":55,"column":2},"end":{"line":73,"column":4}},"5":{"start":{"line":59,"column":30},"end":{"line":69,"column":7}},"6":{"start":{"line":76,"column":15},"end":{"line":92,"column":2}}},"fnMap":{"0":{"name":"IconButton","decl":{"start":{"line":43,"column":16},"end":{"line":43,"column":26}},"loc":{"start":{"line":51,"column":20},"end":{"line":74,"column":1}},"line":51},"1":{"name":"(anonymous_1)","decl":{"start":{"line":59,"column":13},"end":{"line":59,"column":14}},"loc":{"start":{"line":59,"column":30},"end":{"line":69,"column":7}},"line":59}},"branchMap":{"0":{"loc":{"start":{"line":46,"column":2},"end":{"line":46,"column":21}},"type":"default-arg","locations":[{"start":{"line":46,"column":12},"end":{"line":46,"column":21}}],"line":46},"1":{"loc":{"start":{"line":47,"column":2},"end":{"line":47,"column":13}},"type":"default-arg","locations":[{"start":{"line":47,"column":9},"end":{"line":47,"column":13}}],"line":47},"2":{"loc":{"start":{"line":48,"column":2},"end":{"line":48,"column":18}},"type":"default-arg","locations":[{"start":{"line":48,"column":13},"end":{"line":48,"column":18}}],"line":48},"3":{"loc":{"start":{"line":53,"column":20},"end":{"line":53,"column":87}},"type":"binary-expr","locations":[{"start":{"line":53,"column":20},"end":{"line":53,"column":25}},{"start":{"line":53,"column":30},"end":{"line":53,"column":86}}],"line":53},"4":{"loc":{"start":{"line":53,"column":30},"end":{"line":53,"column":86}},"type":"cond-expr","locations":[{"start":{"line":53,"column":52},"end":{"line":53,"column":72}},{"start":{"line":53,"column":75},"end":{"line":53,"column":86}}],"line":53},"5":{"loc":{"start":{"line":66,"column":8},"end":{"line":66,"column":56}},"type":"binary-expr","locations":[{"start":{"line":66,"column":8},"end":{"line":66,"column":15}},{"start":{"line":66,"column":19},"end":{"line":66,"column":38}},{"start":{"line":66,"column":42},"end":{"line":66,"column":56}}],"line":66},"6":{"loc":{"start":{"line":67,"column":8},"end":{"line":67,"column":35}},"type":"binary-expr","locations":[{"start":{"line":67,"column":8},"end":{"line":67,"column":16}},{"start":{"line":67,"column":20},"end":{"line":67,"column":35}}],"line":67}},"s":{"0":5,"1":5,"2":61,"3":61,"4":61,"5":61,"6":5},"f":{"0":61,"1":61},"b":{"0":[14],"1":[58],"2":[60],"3":[61,60],"4":[1,59],"5":[61,0,0],"6":[61,1]},"_coverageSchema":"1a1c01bbd47fc00a2c39e90264f33305004495a9","hash":"2c58d365972f30251fb772218ab565b3e5b24429"}
,"D:\\xamp\\htdocs\\everyday_food\\src\\components\\ui\\Input.tsx": {"path":"D:\\xamp\\htdocs\\everyday_food\\src\\components\\ui\\Input.tsx","statementMap":{"0":{"start":{"line":34,"column":36},"end":{"line":34,"column":51}},"1":{"start":{"line":36,"column":2},"end":{"line":85,"column":4}},"2":{"start":{"line":63,"column":25},"end":{"line":63,"column":43}},"3":{"start":{"line":64,"column":24},"end":{"line":64,"column":43}},"4":{"start":{"line":88,"column":15},"end":{"line":141,"column":2}}},"fnMap":{"0":{"name":"Input","decl":{"start":{"line":24,"column":16},"end":{"line":24,"column":21}},"loc":{"start":{"line":33,"column":15},"end":{"line":86,"column":1}},"line":33},"1":{"name":"(anonymous_1)","decl":{"start":{"line":63,"column":19},"end":{"line":63,"column":20}},"loc":{"start":{"line":63,"column":25},"end":{"line":63,"column":43}},"line":63},"2":{"name":"(anonymous_2)","decl":{"start":{"line":64,"column":18},"end":{"line":64,"column":19}},"loc":{"start":{"line":64,"column":24},"end":{"line":64,"column":43}},"line":64}},"branchMap":{"0":{"loc":{"start":{"line":38,"column":7},"end":{"line":38,"column":57}},"type":"binary-expr","locations":[{"start":{"line":38,"column":7},"end":{"line":38,"column":12}},{"start":{"line":38,"column":16},"end":{"line":38,"column":57}}],"line":38},"1":{"loc":{"start":{"line":43,"column":10},"end":{"line":43,"column":42}},"type":"binary-expr","locations":[{"start":{"line":43,"column":10},"end":{"line":43,"column":19}},{"start":{"line":43,"column":23},"end":{"line":43,"column":42}}],"line":43},"2":{"loc":{"start":{"line":44,"column":10},"end":{"line":44,"column":36}},"type":"binary-expr","locations":[{"start":{"line":44,"column":10},"end":{"line":44,"column":15}},{"start":{"line":44,"column":19},"end":{"line":44,"column":36}}],"line":44},"3":{"loc":{"start":{"line":47,"column":9},"end":{"line":54,"column":9}},"type":"binary-expr","locations":[{"start":{"line":47,"column":9},"end":{"line":47,"column":17}},{"start":{"line":48,"column":10},"end":{"line":53,"column":12}}],"line":47},"4":{"loc":{"start":{"line":59,"column":12},"end":{"line":59,"column":48}},"type":"binary-expr","locations":[{"start":{"line":59,"column":12},"end":{"line":59,"column":20}},{"start":{"line":59,"column":24},"end":{"line":59,"column":48}}],"line":59},"5":{"loc":{"start":{"line":60,"column":12},"end":{"line":60,"column":50}},"type":"binary-expr","locations":[{"start":{"line":60,"column":12},"end":{"line":60,"column":21}},{"start":{"line":60,"column":25},"end":{"line":60,"column":50}}],"line":60},"6":{"loc":{"start":{"line":68,"column":9},"end":{"line":76,"column":9}},"type":"binary-expr","locations":[{"start":{"line":68,"column":9},"end":{"line":68,"column":18}},{"start":{"line":69,"column":10},"end":{"line":75,"column":22}}],"line":68},"7":{"loc":{"start":{"line":79,"column":7},"end":{"line":83,"column":7}},"type":"binary-expr","locations":[{"start":{"line":79,"column":8},"end":{"line":79,"column":13}},{"start":{"line":79,"column":17},"end":{"line":79,"column":27}},{"start":{"line":80,"column":8},"end":{"line":82,"column":15}}],"line":79},"8":{"loc":{"start":{"line":80,"column":41},"end":{"line":80,"column":66}},"type":"binary-expr","locations":[{"start":{"line":80,"column":41},"end":{"line":80,"column":46}},{"start":{"line":80,"column":50},"end":{"line":80,"column":66}}],"line":80},"9":{"loc":{"start":{"line":81,"column":11},"end":{"line":81,"column":30}},"type":"binary-expr","locations":[{"start":{"line":81,"column":11},"end":{"line":81,"column":16}},{"start":{"line":81,"column":20},"end":{"line":81,"column":30}}],"line":81}},"s":{"0":253,"1":253,"2":1,"3":1,"4":5},"f":{"0":253,"1":1,"2":1},"b":{"0":[253,223],"1":[253,1],"2":[253,2],"3":[253,233],"4":[253,233],"5":[253,72],"6":[253,72],"7":[253,251,44],"8":[44,2],"9":[44,42]},"_coverageSchema":"1a1c01bbd47fc00a2c39e90264f33305004495a9","hash":"1dbdbf11c82f12f1a0a023f04807df0f82c2db13"}
,"D:\\xamp\\htdocs\\everyday_food\\src\\components\\ui\\index.ts": {"path":"D:\\xamp\\htdocs\\everyday_food\\src\\components\\ui\\index.ts","statementMap":{},"fnMap":{},"branchMap":{},"s":{},"f":{},"b":{},"_coverageSchema":"1a1c01bbd47fc00a2c39e90264f33305004495a9","hash":"52e9705cfaf7f41c176cf243e4d69d66fa14b36d"}
,"D:\\xamp\\htdocs\\everyday_food\\src\\providers\\ConvexProvider.tsx": {"path":"D:\\xamp\\htdocs\\everyday_food\\src\\providers\\ConvexProvider.tsx","statementMap":{"0":{"start":{"line":8,"column":18},"end":{"line":8,"column":94}},"1":{"start":{"line":10,"column":15},"end":{"line":10,"column":47}},"2":{"start":{"line":17,"column":2},"end":{"line":21,"column":4}}},"fnMap":{"0":{"name":"ConvexProvider","decl":{"start":{"line":16,"column":16},"end":{"line":16,"column":30}},"loc":{"start":{"line":16,"column":52},"end":{"line":22,"column":1}},"line":16}},"branchMap":{"0":{"loc":{"start":{"line":8,"column":18},"end":{"line":8,"column":94}},"type":"binary-expr","locations":[{"start":{"line":8,"column":18},"end":{"line":8,"column":52}},{"start":{"line":8,"column":56},"end":{"line":8,"column":94}}],"line":8}},"s":{"0":0,"1":0,"2":0},"f":{"0":0},"b":{"0":[0,0]}}
,"D:\\xamp\\htdocs\\everyday_food\\src\\providers\\convexStorage.ts": {"path":"D:\\xamp\\htdocs\\everyday_food\\src\\providers\\convexStorage.ts","statementMap":{"0":{"start":{"line":3,"column":34},"end":{"line":7,"column":1}}},"fnMap":{},"branchMap":{},"s":{"0":0},"f":{},"b":{}}
,"D:\\xamp\\htdocs\\everyday_food\\src\\providers\\index.ts": {"path":"D:\\xamp\\htdocs\\everyday_food\\src\\providers\\index.ts","statementMap":{},"fnMap":{},"branchMap":{},"s":{},"f":{},"b":{}}
,"D:\\xamp\\htdocs\\everyday_food\\src\\styles\\neobrutalism.ts": {"path":"D:\\xamp\\htdocs\\everyday_food\\src\\styles\\neobrutalism.ts","statementMap":{"0":{"start":{"line":9,"column":22},"end":{"line":64,"column":1}},"1":{"start":{"line":67,"column":23},"end":{"line":76,"column":1}},"2":{"start":{"line":79,"column":28},"end":{"line":87,"column":1}},"3":{"start":{"line":90,"column":23},"end":{"line":96,"column":1}},"4":{"start":{"line":99,"column":23},"end":{"line":164,"column":1}},"5":{"start":{"line":167,"column":26},"end":{"line":218,"column":1}},"6":{"start":{"line":221,"column":31},"end":{"line":330,"column":2}},"7":{"start":{"line":333,"column":32},"end":{"line":348,"column":1}},"8":{"start":{"line":336,"column":2},"end":{"line":347,"column":3}},"9":{"start":{"line":338,"column":6},"end":{"line":338,"column":30}},"10":{"start":{"line":340,"column":6},"end":{"line":340,"column":26}},"11":{"start":{"line":342,"column":6},"end":{"line":342,"column":27}},"12":{"start":{"line":344,"column":6},"end":{"line":344,"column":26}},"13":{"start":{"line":346,"column":6},"end":{"line":346,"column":31}},"14":{"start":{"line":351,"column":38},"end":{"line":366,"column":1}},"15":{"start":{"line":354,"column":2},"end":{"line":365,"column":3}},"16":{"start":{"line":356,"column":6},"end":{"line":356,"column":36}},"17":{"start":{"line":358,"column":6},"end":{"line":358,"column":32}},"18":{"start":{"line":360,"column":6},"end":{"line":360,"column":33}},"19":{"start":{"line":362,"column":6},"end":{"line":362,"column":32}},"20":{"start":{"line":364,"column":6},"end":{"line":364,"column":28}},"21":{"start":{"line":369,"column":34},"end":{"line":382,"column":1}},"22":{"start":{"line":372,"column":2},"end":{"line":381,"column":3}},"23":{"start":{"line":374,"column":6},"end":{"line":374,"column":28}},"24":{"start":{"line":376,"column":6},"end":{"line":376,"column":28}},"25":{"start":{"line":378,"column":6},"end":{"line":378,"column":26}},"26":{"start":{"line":380,"column":6},"end":{"line":380,"column":30}},"27":{"start":{"line":385,"column":25},"end":{"line":394,"column":1}}},"fnMap":{"0":{"name":"(anonymous_0)","decl":{"start":{"line":333,"column":32},"end":{"line":333,"column":33}},"loc":{"start":{"line":335,"column":13},"end":{"line":348,"column":1}},"line":335},"1":{"name":"(anonymous_1)","decl":{"start":{"line":351,"column":38},"end":{"line":351,"column":39}},"loc":{"start":{"line":353,"column":13},"end":{"line":366,"column":1}},"line":353},"2":{"name":"(anonymous_2)","decl":{"start":{"line":369,"column":34},"end":{"line":369,"column":35}},"loc":{"start":{"line":371,"column":13},"end":{"line":382,"column":1}},"line":371}},"branchMap":{"0":{"loc":{"start":{"line":336,"column":2},"end":{"line":347,"column":3}},"type":"switch","locations":[{"start":{"line":337,"column":4},"end":{"line":338,"column":30}},{"start":{"line":339,"column":4},"end":{"line":340,"column":26}},{"start":{"line":341,"column":4},"end":{"line":342,"column":27}},{"start":{"line":343,"column":4},"end":{"line":344,"column":26}},{"start":{"line":345,"column":4},"end":{"line":346,"column":31}}],"line":336},"1":{"loc":{"start":{"line":354,"column":2},"end":{"line":365,"column":3}},"type":"switch","locations":[{"start":{"line":355,"column":4},"end":{"line":356,"column":36}},{"start":{"line":357,"column":4},"end":{"line":358,"column":32}},{"start":{"line":359,"column":4},"end":{"line":360,"column":33}},{"start":{"line":361,"column":4},"end":{"line":362,"column":32}},{"start":{"line":363,"column":4},"end":{"line":364,"column":28}}],"line":354},"2":{"loc":{"start":{"line":372,"column":2},"end":{"line":381,"column":3}},"type":"switch","locations":[{"start":{"line":373,"column":4},"end":{"line":374,"column":28}},{"start":{"line":375,"column":4},"end":{"line":376,"column":28}},{"start":{"line":377,"column":4},"end":{"line":378,"column":26}},{"start":{"line":379,"column":4},"end":{"line":380,"column":30}}],"line":372}},"s":{"0":17,"1":17,"2":17,"3":17,"4":17,"5":17,"6":17,"7":17,"8":97,"9":25,"10":24,"11":48,"12":0,"13":0,"14":17,"15":0,"16":0,"17":0,"18":0,"19":0,"20":0,"21":17,"22":1,"23":1,"24":0,"25":0,"26":0,"27":17},"f":{"0":97,"1":0,"2":1},"b":{"0":[25,24,48,0,0],"1":[0,0,0,0,0],"2":[1,0,0,0]},"_coverageSchema":"1a1c01bbd47fc00a2c39e90264f33305004495a9","hash":"ffcb17ade06a21c1429d37042c602cc2b84f51ec"}
}
